index,concept,i1,i2,i3,i4,req_index_1,req_index_2,req_index_3,req_index_4,req_index_5,req_index_6,req_index_7,req_index_8
1,0,0,-1,-1,-1,1.0,0.89,0.27,0.4,0.9999999677153011,0.9917365555752555,0.09011081175371263,0.2758717467141952
2,0,0,1,-1,-1,1.0,1.0,0.95,0.7,1.0,0.999989739495589,0.9977381703026195,0.8977576052493361
3,0,0,1,2,-1,0.84,0.65,0.0,0.16,0.9836206537459097,0.8252771381930961,2.0063276354586583e-06,0.02015391552653685
4,0,0,2,-1,-1,1.0,0.78,0.01,0.28,0.9999184927633401,0.9522660360789327,0.0014629940494725084,0.09292847162704171
5,0,0,2,1,-1,0.92,0.69,0.0,0.19,0.9937628689458797,0.8639994733480891,1.0816952713040015e-05,0.02945339784708501
6,0,1,-1,-1,-1,0.0,0.26,0.0,0.0,0.0004541773695348001,0.050500521137444354,4.085387557701933e-24,3.5769563022211848e-06
7,0,1,0,-1,-1,0.58,0.54,0.0,0.04,0.691352100481771,0.57927461425039,2.105267200241611e-10,0.0027332326046301454
8,0,1,0,2,-1,0.0,0.0,0.0,0.0,0.0,0.0,0.0,0.0
9,0,1,2,-1,-1,0.24,0.38,0.0,0.0,0.046401779172530654,0.21105318567483297,1.7831206521972326e-17,8.882378010866445e-05
10,0,1,2,0,-1,0.0,0.0,0.0,0.0,0.0,0.0,0.0,0.0
11,0,2,-1,-1,-1,1.0,0.96,0.43,0.47,0.9999999998641769,0.9974616620127433,0.3330345484838895,0.42438210512685615
12,0,2,0,-1,-1,1.0,0.78,0.02,0.29,0.9999184927633401,0.9522660360789327,0.0014629940494725084,0.09292847162704171
13,0,2,0,1,-1,0.81,0.64,0.0,0.14,0.974609406675756,0.8035022269480131,8.238818232759182e-07,0.01652705642256143
14,0,2,1,-1,-1,0.41,0.46,0.0,0.0,0.27741240181244753,0.3836786455976329,1.0987951114362811e-13,0.0005506169976304033
15,0,2,1,0,-1,0.0,0.0,0.0,0.0,0.0,0.0,0.0,0.0
16,1,0,-1,-1,-1,1.0,0.96,0.43,0.47,0.9999999998641769,0.9974616620127433,0.3330345484838895,0.42438210512685615
17,1,0,1,-1,-1,1.0,1.0,1.0,0.81,1.0,0.999999536811799,0.9999911762901801,0.9730546249446311
18,1,0,1,2,-1,1.0,1.0,1.0,0.84,1.0,0.9999997998934972,0.999998389125177,0.9819900879740758
19,1,0,1,2,3,1.0,1.0,1.0,1.0,1.0,1.0,1.0,1.0
20,1,0,1,3,-1,1.0,1.0,1.0,1.0,1.0,1.0,1.0,1.0
21,1,0,1,3,2,1.0,1.0,1.0,1.0,1.0,1.0,1.0,1.0
22,1,0,2,-1,-1,1.0,1.0,0.61,0.55,0.9999999999999342,0.9994954229645325,0.7449494487715903,0.6159679394229044
23,1,0,2,1,-1,1.0,1.0,1.0,0.83,1.0,0.9999996945192938,0.9999961695960655,0.977880789900502
24,1,0,2,1,3,1.0,1.0,1.0,1.0,1.0,1.0,1.0,1.0
25,1,0,2,3,-1,1.0,1.0,1.0,1.0,1.0,1.0,1.0,1.0
26,1,0,2,3,1,1.0,1.0,1.0,1.0,1.0,1.0,1.0,1.0
27,1,0,3,-1,-1,1.0,1.0,1.0,1.0,1.0,1.0,1.0,1.0
28,1,0,3,1,-1,1.0,1.0,1.0,1.0,1.0,1.0,1.0,1.0
29,1,0,3,1,2,1.0,1.0,1.0,1.0,1.0,1.0,1.0,1.0
30,1,0,3,2,-1,1.0,1.0,1.0,1.0,1.0,1.0,1.0,1.0
31,1,0,3,2,1,1.0,1.0,1.0,1.0,1.0,1.0,1.0,1.0
32,1,1,-1,-1,-1,1.0,0.96,0.42,0.46,0.9999999998641769,0.9974616620127433,0.3330345484838895,0.42438210512685615
33,1,1,0,-1,-1,1.0,1.0,1.0,0.82,1.0,0.9999996945192938,0.9999961695960655,0.977880789900502
34,1,1,0,2,-1,1.0,1.0,1.0,0.89,1.0,0.9999999461979471,0.9999999010282437,0.9908268329383425
35,1,1,0,2,3,1.0,1.0,1.0,1.0,1.0,1.0,1.0,1.0
36,1,1,0,3,-1,1.0,1.0,1.0,1.0,1.0,1.0,1.0,1.0
37,1,1,0,3,2,1.0,1.0,1.0,1.0,1.0,1.0,1.0,1.0
38,1,1,2,-1,-1,1.0,1.0,0.7,0.59,0.999999999999999,0.9997928528148998,0.8856654957494077,0.7046777580813354
39,1,1,2,0,-1,1.0,1.0,1.0,0.9,1.0,0.999999965872415,0.999999963366647,0.9928501799894353
40,1,1,2,0,3,1.0,1.0,1.0,1.0,1.0,1.0,1.0,1.0
41,1,1,2,3,-1,1.0,1.0,1.0,1.0,1.0,1.0,1.0,1.0
42,1,1,2,3,0,1.0,1.0,1.0,1.0,1.0,1.0,1.0,1.0
43,1,1,3,-1,-1,1.0,1.0,1.0,1.0,1.0,1.0,1.0,1.0
44,1,1,3,0,-1,1.0,1.0,1.0,1.0,1.0,1.0,1.0,1.0
45,1,1,3,0,2,1.0,1.0,1.0,1.0,1.0,1.0,1.0,1.0
46,1,1,3,2,-1,1.0,1.0,1.0,1.0,1.0,1.0,1.0,1.0
47,1,1,3,2,0,1.0,1.0,1.0,1.0,1.0,1.0,1.0,1.0
48,1,2,-1,-1,-1,1.0,0.76,0.0,0.27,0.9998338054288097,0.9436369498877999,0.0007967025629142256,0.0801907810513637
49,1,2,0,-1,-1,1.0,1.0,0.66,0.57,0.999999999999996,0.9997195645220865,0.8466308101094816,0.6761228188194456
50,1,2,0,1,-1,1.0,1.0,1.0,0.88,1.0,0.9999999461979471,0.9999999010282437,0.9908268329383425
51,1,2,0,1,3,1.0,1.0,1.0,1.0,1.0,1.0,1.0,1.0
52,1,2,0,3,-1,1.0,1.0,1.0,1.0,1.0,1.0,1.0,1.0
53,1,2,0,3,1,1.0,1.0,1.0,1.0,1.0,1.0,1.0,1.0
54,1,2,1,-1,-1,1.0,1.0,0.72,0.6,0.9999999999999998,0.9998479289083271,0.917050047008931,0.7320237243753609
55,1,2,1,0,-1,1.0,1.0,1.0,0.86,1.0,0.9999998698423115,0.9999993437526598,0.9854662275633108
56,1,2,1,0,3,1.0,1.0,1.0,1.0,1.0,1.0,1.0,1.0
57,1,2,1,3,-1,1.0,1.0,1.0,1.0,1.0,1.0,1.0,1.0
58,1,2,1,3,0,1.0,1.0,1.0,1.0,1.0,1.0,1.0,1.0
59,1,2,3,-1,-1,1.0,1.0,1.0,1.0,1.0,1.0,1.0,1.0
60,1,2,3,0,-1,1.0,1.0,1.0,1.0,1.0,1.0,1.0,1.0
61,1,2,3,0,1,1.0,1.0,1.0,1.0,1.0,1.0,1.0,1.0
62,1,2,3,1,-1,1.0,1.0,1.0,1.0,1.0,1.0,1.0,1.0
63,1,2,3,1,0,1.0,1.0,1.0,1.0,1.0,1.0,1.0,1.0
64,1,3,-1,-1,-1,1.0,1.0,1.0,0.99,1.0,0.9999999994986786,0.9999999999898757,0.9996414483560493
65,1,3,0,-1,-1,1.0,1.0,1.0,1.0,1.0,1.0,1.0,1.0
66,1,3,0,1,-1,1.0,1.0,1.0,1.0,1.0,1.0,1.0,1.0
67,1,3,0,1,2,1.0,1.0,1.0,1.0,1.0,1.0,1.0,1.0
68,1,3,0,2,-1,1.0,1.0,1.0,1.0,1.0,1.0,1.0,1.0
69,1,3,0,2,1,1.0,1.0,1.0,1.0,1.0,1.0,1.0,1.0
70,1,3,1,-1,-1,1.0,1.0,1.0,1.0,1.0,1.0,1.0,1.0
71,1,3,1,0,-1,1.0,1.0,1.0,1.0,1.0,1.0,1.0,1.0
72,1,3,1,0,2,1.0,1.0,1.0,1.0,1.0,1.0,1.0,1.0
73,1,3,1,2,-1,1.0,1.0,1.0,1.0,1.0,1.0,1.0,1.0
74,1,3,1,2,0,1.0,1.0,1.0,1.0,1.0,1.0,1.0,1.0
75,1,3,2,-1,-1,1.0,1.0,1.0,1.0,1.0,1.0,1.0,1.0
76,1,3,2,0,-1,1.0,1.0,1.0,1.0,1.0,1.0,1.0,1.0
77,1,3,2,0,1,1.0,1.0,1.0,1.0,1.0,1.0,1.0,1.0
78,1,3,2,1,-1,1.0,1.0,1.0,1.0,1.0,1.0,1.0,1.0
79,1,3,2,1,0,1.0,1.0,1.0,1.0,1.0,1.0,1.0,1.0