index,concept,i1,i2,i3,i4,i5,req_index_1,req_index_2,req_index_3,req_index_4,req_index_5,req_index_6,req_index_7,req_index_8,req_index_9,req_index_10,req_index_11,req_index_12,req_index_13,req_index_14,req_index_15,req_index_16,req_index_17,req_index_18,req_index_19,req_index_20,req_index_21,req_index_22,req_index_23,req_index_24,req_index_25,req_index_26,req_index_27,req_index_28,req_index_29,req_index_30,req_index_31,req_index_32,req_index_33,req_index_34,req_index_35,req_index_36,req_index_37,req_index_38,req_index_39,req_index_40,req_index_41,req_index_42,req_index_43,req_index_44,req_index_45,req_index_46,req_index_47,req_index_48,req_index_49,req_index_50
1,0,0,-1,-1,-1,-1,0.0,0.0,0.0,0.0,0.0,0.0,0.0,0.0,0.06,0.04,0.32,0.4,0.46,0.44,0.44,1.0,0.96,0.94,0.92,0.78,1.0,1.0,1.0,1.0,1.0,0.0,0.0,0.0,0.0,0.0,0.0,0.0,0.00010173362651164989,8.763087305903999e-05,0.01203014123702523,0.11921870817625274,0.30999998216839997,0.44962015289406343,0.4505073471794208,0.3945434298253469,0.9999865003095453,1.0,0.9951512030641788,0.9924608650557543,0.9604987607596587,1.0,1.0,1.0,1.0,1.0
2,0,0,1,-1,-1,-1,0.0,0.0,0.0,0.0,0.0,0.0,0.04,0.02,0.1,0.16,0.56,0.64,0.64,0.52,0.6,1.0,1.0,1.0,0.96,0.92,1.0,1.0,1.0,1.0,1.0,0.0,0.0,0.0,0.0,0.0,0.0,0.0014364488063951034,0.0034380549906039884,0.020583697214481642,0.08291072242357597,0.9164166891130608,0.625691542721784,0.5408071868805504,0.6911479847217971,0.6864828296068087,1.0,1.0,1.0,0.9999937160252086,0.9999998496984734,1.0,1.0,1.0,1.0,1.0
3,0,0,1,2,-1,-1,0.0,0.0,0.0,0.0,0.0,0.0,0.0,0.0,0.0,0.0,0.0,0.0,0.0,0.02,0.04,0.42,0.42,0.44,0.48,0.3,1.0,0.98,0.96,0.94,0.82,0.0,0.0,0.0,0.0,0.0,0.0,0.0,0.0,0.0,0.0,0.0,0.0,0.0,0.0,0.0024661465463220802,0.637986685305248,0.3613496542517169,0.341552912056024,0.5027954055511208,0.5672783034814004,1.0,0.9999913046791342,1.0,0.9991745096266023,0.9963026078463084
4,0,0,2,-1,-1,-1,0.0,0.0,0.0,0.0,0.0,0.0,0.0,0.0,0.0,0.0,0.0,0.06,0.02,0.06,0.1,0.66,0.64,0.54,0.5,0.54,1.0,1.0,1.0,0.96,0.86,0.0,0.0,0.0,0.0,0.0,0.0,0.0,0.0,0.0,0.0,0.0,0.0,0.0,0.002111401433950428,0.020669721958675467,0.9462954790490165,0.2000933740325857,0.8619957128942405,0.5340753768865003,0.7784059484857385,1.0,1.0,1.0,0.9997655767785986,0.999746681764168
5,0,0,2,1,-1,-1,0.0,0.0,0.0,0.0,0.0,0.0,0.0,0.0,0.0,0.0,0.0,0.0,0.0,0.08,0.06,0.48,0.5,0.46,0.5,0.38,1.0,1.0,0.96,0.9,0.76,0.0,0.0,0.0,0.0,0.0,0.0,0.0,0.0,0.0,0.0,0.0,0.0,0.00014569372993577484,0.0,0.005679138604169802,0.6144695287879065,0.7025788296833647,0.14220399990417001,0.5107103520583103,0.5645292646706073,1.0,1.0,1.0,0.9980691314778138,0.9898999972417539
6,0,1,-1,-1,-1,-1,0.0,0.0,0.0,0.0,0.0,0.0,0.06,0.06,0.16,0.24,0.88,0.8,0.76,0.66,0.74,1.0,1.0,1.0,1.0,0.96,1.0,1.0,1.0,1.0,1.0,0.0,0.0,0.0,0.0,0.0,0.0019052682207890235,0.0013277483662821688,0.05318007484976152,0.07061796297277884,0.11887076198356376,0.9980375509834869,0.996557759064813,0.9811129275484854,0.9130354304364052,0.9130099656505355,1.0,1.0,1.0,1.0,0.9996278506798463,1.0,1.0,1.0,1.0,1.0
7,0,1,0,-1,-1,-1,0.0,0.0,0.0,0.0,0.0,0.02,0.06,0.1,0.12,0.18,0.56,0.48,0.5,0.56,0.46,1.0,1.0,1.0,0.92,0.92,1.0,1.0,1.0,1.0,1.0,0.0,0.0,0.0,0.0,2.6140735991871605e-06,0.0,0.0022207745421097005,0.0025351659562646016,0.017646704605539125,0.05998106828321407,0.9132033810585012,0.6910298082712496,0.2063525169097369,0.572951186656531,0.7465186826766989,1.0,1.0,0.9999573414774209,0.9976484629382453,0.9814142886062891,1.0,1.0,1.0,1.0,1.0
8,0,1,0,2,-1,-1,0.0,0.0,0.0,0.0,0.0,0.0,0.0,0.0,0.0,0.0,0.0,0.04,0.1,0.08,0.16,0.68,0.56,0.68,0.54,0.56,1.0,1.0,1.0,0.98,0.88,0.0,0.0,0.0,0.0,0.0,0.0,0.0,0.0,0.0,0.0,0.0,0.0,0.0,0.00726616187735243,0.019107638362360305,0.8015330666419616,0.8049720530220847,0.6370810454622889,0.7516480258810138,0.7624525969838791,1.0,1.0,0.9999894059516785,1.0,0.9993709227265508
9,0,1,2,-1,-1,-1,0.0,0.0,0.0,0.02,0.12,0.22,0.28,0.32,0.32,0.32,0.94,0.9,0.82,0.8,0.78,1.0,1.0,1.0,1.0,0.98,1.0,1.0,1.0,1.0,1.0,0.0,0.0,0.0,0.0005371421535094637,0.008934228342011805,0.05363714012104979,0.05707131345258988,0.20194901061361295,0.1310082687272271,0.162621980122274,0.9884451104382201,0.9814694160606147,0.9831698577857805,0.9523911195937673,0.847145469977957,1.0,1.0,1.0,1.0,0.9998716351829082,1.0,1.0,1.0,1.0,1.0
10,0,1,2,0,-1,-1,0.0,0.0,0.0,0.0,0.0,0.0,0.0,0.0,0.0,0.0,0.0,0.0,0.06,0.04,0.14,0.72,0.66,0.62,0.6,0.54,1.0,1.0,0.98,0.98,0.94,0.0,0.0,0.0,0.0,0.0,0.0,0.0,0.0,0.0,0.0,0.0,0.0,0.0011279038522596992,0.0020923469817659933,0.004320995654874064,0.8399873152739832,0.7920060078098442,0.7379084379198213,0.8761853375967823,0.8782996092045416,1.0,1.0,0.9999997006813349,0.9999205124059054,0.9997684633662168
11,0,2,-1,-1,-1,-1,0.0,0.0,0.02,0.06,0.16,0.42,0.42,0.38,0.46,0.5,1.0,0.98,0.92,0.9,0.82,1.0,1.0,1.0,1.0,1.0,1.0,1.0,1.0,1.0,1.0,0.0,0.0,9.321991211853527e-05,5.84418879865462e-05,0.0031073982281787462,0.13171226041112466,0.44856422146919184,0.5461286527876076,0.2577270193245585,0.2901023989871074,1.0,1.0,0.998843900828919,0.997702836447117,0.9906196049690663,1.0,1.0,1.0,1.0,1.0,1.0,1.0,1.0,1.0,1.0
12,0,2,0,-1,-1,-1,0.0,0.0,0.0,0.0,0.0,0.0,0.0,0.0,0.0,0.0,0.0,0.06,0.04,0.14,0.16,0.72,0.68,0.68,0.62,0.56,1.0,1.0,1.0,0.94,0.92,0.0,0.0,0.0,0.0,0.0,0.0,0.0,0.0,0.0,0.0,0.0,0.0,0.014291912531850814,0.012154596692569098,0.08368315446954581,0.9137016967426487,0.8949649148262827,0.9209596405619777,0.8420764457279007,0.7909774989204376,1.0,1.0,1.0,1.0,0.9996391115466603
13,0,2,0,1,-1,-1,0.0,0.0,0.0,0.0,0.0,0.0,0.0,0.0,0.0,0.0,0.0,0.0,0.0,0.0,0.02,0.32,0.3,0.34,0.34,0.28,1.0,1.0,0.86,0.88,0.76,0.0,0.0,0.0,0.0,0.0,0.0,0.0,0.0,0.0,0.0,0.0,0.0,0.0,0.0,0.0006545527631086391,0.016097547269585368,0.10360157227873121,0.2096395943173245,0.048021418992435484,0.1458275340815832,1.0,1.0,0.9928631810117224,0.9982777273345907,0.9854091051836001
14,0,2,1,-1,-1,-1,0.0,0.0,0.06,0.14,0.26,0.56,0.44,0.52,0.5,0.58,1.0,0.98,0.92,0.96,0.86,1.0,1.0,1.0,1.0,1.0,1.0,1.0,1.0,1.0,1.0,0.0,0.0,0.0009449123631945281,0.011137690872979514,0.010236949327780649,0.5663797720523929,0.16835918711496473,0.5131442017057396,0.6257947210796245,0.2727719474713442,1.0,1.0,0.99999848540691,0.9968219527433604,0.9890688864274457,1.0,1.0,1.0,1.0,1.0,1.0,1.0,1.0,1.0,1.0
15,0,2,1,0,-1,-1,0.0,0.0,0.0,0.0,0.0,0.0,0.0,0.0,0.0,0.0,0.0,0.0,0.0,0.0,0.06,0.36,0.34,0.3,0.36,0.36,1.0,0.96,0.86,0.82,0.68,0.0,0.0,0.0,0.0,0.0,0.0,0.0,0.0,0.0,0.0,0.0,0.0,0.0,2.079350101886415e-06,0.0008905403707240701,0.13284349396963685,0.16541518373175473,0.11444714623837919,0.07879094710984698,0.5444541131791716,1.0,0.9999914922727504,0.9895121591680361,0.9980214612558452,0.9731323582157883
16,1,0,-1,-1,-1,-1,0.0,0.0,0.0,0.0,0.0,0.0,0.0,0.0,0.0,0.0,0.1,0.2,0.16,0.3,0.28,0.96,0.88,0.82,0.7,0.7,1.0,1.0,1.0,1.0,1.0,0.0,0.0,0.0,0.0,0.0,0.0,0.0,0.0,0.0,0.0,0.03769624841860816,0.016757875420162823,0.05383195036522951,0.06983374931318509,0.014914943722525447,0.9961410633535286,0.9448168083921853,0.874245637414213,0.9677553196165657,0.9713700596962979,1.0,1.0,1.0,0.999989630994856,0.9998165198562387
17,1,0,1,-1,-1,-1,0.42,0.58,0.58,0.68,0.7,1.0,1.0,0.94,0.86,0.96,1.0,1.0,1.0,1.0,1.0,1.0,1.0,1.0,1.0,1.0,1.0,1.0,1.0,1.0,1.0,0.272098391711817,0.45121003199865334,0.2396974474361037,0.4066161114790439,0.5965921763739673,1.0,0.9999813666322649,0.9975907361908904,0.9985871323496515,0.9482654950933478,1.0,1.0,1.0,1.0,1.0,1.0,1.0,1.0,1.0,1.0,1.0,1.0,1.0,1.0,1.0
18,1,0,1,2,-1,-1,0.62,0.68,0.68,0.76,0.88,1.0,0.98,0.98,0.98,0.96,1.0,1.0,1.0,1.0,1.0,1.0,1.0,1.0,1.0,1.0,1.0,1.0,1.0,1.0,1.0,0.7812230669276582,0.38185094784644474,0.6854399642576137,0.5710839865964945,0.7920559145023712,1.0,1.0,1.0,0.9965299562682709,0.9952194895488505,1.0,1.0,1.0,1.0,1.0,1.0,1.0,1.0,1.0,1.0,1.0,1.0,1.0,1.0,1.0
19,1,0,1,2,3,-1,1.0,1.0,1.0,1.0,1.0,1.0,1.0,1.0,1.0,1.0,1.0,1.0,1.0,1.0,1.0,1.0,1.0,1.0,1.0,1.0,1.0,1.0,1.0,1.0,1.0,1.0,1.0,1.0,1.0,1.0,1.0,1.0,1.0,1.0,1.0,1.0,1.0,1.0,1.0,1.0,1.0,1.0,1.0,1.0,1.0,1.0,1.0,1.0,1.0,1.0
20,1,0,1,2,3,4,0.76,0.72,0.8,0.84,0.96,1.0,1.0,1.0,0.96,0.94,1.0,1.0,1.0,1.0,1.0,1.0,1.0,1.0,1.0,1.0,1.0,1.0,1.0,1.0,1.0,0.849260485943677,0.8788634982934485,0.9516791301556745,0.7859672531621402,0.7393533126064653,1.0,1.0,1.0,0.9999958977090483,0.9997259141940028,1.0,1.0,1.0,1.0,1.0,1.0,1.0,1.0,1.0,1.0,1.0,1.0,1.0,1.0,1.0
21,1,0,1,2,4,-1,0.4,0.58,0.62,0.68,0.7,1.0,0.96,0.96,0.92,0.92,1.0,1.0,1.0,1.0,1.0,1.0,1.0,1.0,1.0,1.0,1.0,1.0,1.0,1.0,1.0,0.2800049942848132,0.4005194224539539,0.578323357012847,0.45544800002365643,0.24308659612896183,1.0,1.0,0.9999671492910353,0.9958832198777084,0.9988211479394713,1.0,1.0,1.0,1.0,1.0,1.0,1.0,1.0,1.0,1.0,1.0,1.0,1.0,1.0,1.0
22,1,0,1,2,4,3,1.0,1.0,1.0,1.0,1.0,1.0,1.0,1.0,1.0,1.0,1.0,1.0,1.0,1.0,1.0,1.0,1.0,1.0,1.0,1.0,1.0,1.0,1.0,1.0,1.0,1.0,1.0,1.0,1.0,1.0,1.0,1.0,1.0,1.0,1.0,1.0,1.0,1.0,1.0,1.0,1.0,1.0,1.0,1.0,1.0,1.0,1.0,1.0,1.0,1.0
23,1,0,1,3,-1,-1,0.44,0.48,0.54,0.64,0.74,1.0,1.0,0.96,0.96,0.96,1.0,1.0,1.0,1.0,1.0,1.0,1.0,1.0,1.0,1.0,1.0,1.0,1.0,1.0,1.0,0.5127824634881585,0.28265355921994983,0.23196553524153288,0.22531263828802878,0.5399323577359564,1.0,1.0,0.9998931444671934,0.99940000481757,0.997348815969653,1.0,1.0,1.0,1.0,1.0,1.0,1.0,1.0,1.0,1.0,1.0,1.0,1.0,1.0,1.0
24,1,0,1,3,2,-1,1.0,1.0,1.0,1.0,1.0,1.0,1.0,1.0,1.0,1.0,1.0,1.0,1.0,1.0,1.0,1.0,1.0,1.0,1.0,1.0,1.0,1.0,1.0,1.0,1.0,1.0,1.0,1.0,1.0,1.0,1.0,1.0,1.0,1.0,1.0,1.0,1.0,1.0,1.0,1.0,1.0,1.0,1.0,1.0,1.0,1.0,1.0,1.0,1.0,1.0
25,1,0,1,3,2,4,1.0,1.0,1.0,1.0,1.0,1.0,1.0,1.0,1.0,1.0,1.0,1.0,1.0,1.0,1.0,1.0,1.0,1.0,1.0,1.0,1.0,1.0,1.0,1.0,1.0,1.0,1.0,1.0,1.0,1.0,1.0,1.0,1.0,1.0,1.0,1.0,1.0,1.0,1.0,1.0,1.0,1.0,1.0,1.0,1.0,1.0,1.0,1.0,1.0,1.0
26,1,0,1,3,4,-1,0.68,0.64,0.82,0.76,0.86,1.0,1.0,0.98,0.94,0.9,1.0,1.0,1.0,1.0,1.0,1.0,1.0,1.0,1.0,1.0,1.0,1.0,1.0,1.0,1.0,0.8322922951028318,0.6805838770276393,0.7854442037013628,0.7334042616782074,0.8490056431385301,1.0,1.0,0.9988979123946488,0.9993197681285144,0.9990439450280562,1.0,1.0,1.0,1.0,1.0,1.0,1.0,1.0,1.0,1.0,1.0,1.0,1.0,1.0,1.0
27,1,0,1,3,4,2,1.0,1.0,1.0,1.0,1.0,1.0,1.0,1.0,1.0,1.0,1.0,1.0,1.0,1.0,1.0,1.0,1.0,1.0,1.0,1.0,1.0,1.0,1.0,1.0,1.0,1.0,1.0,1.0,1.0,1.0,1.0,1.0,1.0,1.0,1.0,1.0,1.0,1.0,1.0,1.0,1.0,1.0,1.0,1.0,1.0,1.0,1.0,1.0,1.0,1.0
28,1,0,1,4,-1,-1,1.0,1.0,1.0,1.0,1.0,1.0,1.0,1.0,1.0,1.0,1.0,1.0,1.0,1.0,1.0,1.0,1.0,1.0,1.0,1.0,1.0,1.0,1.0,1.0,1.0,1.0,1.0,1.0,1.0,1.0,1.0,1.0,1.0,1.0,1.0,1.0,1.0,1.0,1.0,1.0,1.0,1.0,1.0,1.0,1.0,1.0,1.0,1.0,1.0,1.0
29,1,0,1,4,2,-1,0.08,0.2,0.3,0.42,0.48,0.98,0.94,0.88,0.88,0.86,1.0,1.0,1.0,1.0,1.0,1.0,1.0,1.0,1.0,1.0,1.0,1.0,1.0,1.0,1.0,0.029643834047018303,0.03898362329489456,0.09090263621867695,0.0723698469769174,0.09446031600316146,0.9999200620540086,0.9995302695816023,0.9990033900881164,0.9825708047592556,0.9154993826487107,1.0,1.0,1.0,1.0,0.9999958344361026,1.0,1.0,1.0,1.0,1.0,1.0,1.0,1.0,1.0,1.0
30,1,0,1,4,2,3,1.0,1.0,1.0,1.0,1.0,1.0,1.0,1.0,1.0,1.0,1.0,1.0,1.0,1.0,1.0,1.0,1.0,1.0,1.0,1.0,1.0,1.0,1.0,1.0,1.0,1.0,1.0,1.0,1.0,1.0,1.0,1.0,1.0,1.0,1.0,1.0,1.0,1.0,1.0,1.0,1.0,1.0,1.0,1.0,1.0,1.0,1.0,1.0,1.0,1.0
31,1,0,1,4,3,-1,1.0,1.0,1.0,1.0,1.0,1.0,1.0,1.0,1.0,1.0,1.0,1.0,1.0,1.0,1.0,1.0,1.0,1.0,1.0,1.0,1.0,1.0,1.0,1.0,1.0,1.0,1.0,1.0,1.0,1.0,1.0,1.0,1.0,1.0,1.0,1.0,1.0,1.0,1.0,1.0,1.0,1.0,1.0,1.0,1.0,1.0,1.0,1.0,1.0,1.0
32,1,0,1,4,3,2,1.0,1.0,1.0,1.0,1.0,1.0,1.0,1.0,1.0,1.0,1.0,1.0,1.0,1.0,1.0,1.0,1.0,1.0,1.0,1.0,1.0,1.0,1.0,1.0,1.0,1.0,1.0,1.0,1.0,1.0,1.0,1.0,1.0,1.0,1.0,1.0,1.0,1.0,1.0,1.0,1.0,1.0,1.0,1.0,1.0,1.0,1.0,1.0,1.0,1.0
33,1,0,2,-1,-1,-1,0.0,0.0,0.0,0.0,0.02,0.06,0.08,0.12,0.1,0.2,0.84,0.82,0.82,0.7,0.66,1.0,1.0,1.0,1.0,0.98,1.0,1.0,1.0,1.0,1.0,0.0,0.0,0.0,0.0,0.0,0.015033554510539745,0.0022773652153063946,0.013827575634058523,0.039562009408249346,0.0625805064628252,0.9885261285397658,0.9498005537692527,0.8930671407418704,0.6544436846764364,0.7707374536922996,1.0,1.0,1.0,1.0,0.999869184329875,1.0,1.0,1.0,1.0,1.0
34,1,0,2,1,-1,-1,0.54,0.54,0.7,0.74,0.82,1.0,1.0,0.92,0.94,0.94,1.0,1.0,1.0,1.0,1.0,1.0,1.0,1.0,1.0,1.0,1.0,1.0,1.0,1.0,1.0,0.33956470323515986,0.4412443418952777,0.6318322817138208,0.4139948053939366,0.5955499298392487,1.0,1.0,0.9999304960185844,0.9920800777384987,0.9857900535664615,1.0,1.0,1.0,1.0,1.0,1.0,1.0,1.0,1.0,1.0,1.0,1.0,1.0,1.0,1.0
35,1,0,2,1,3,-1,1.0,1.0,1.0,1.0,1.0,1.0,1.0,1.0,1.0,1.0,1.0,1.0,1.0,1.0,1.0,1.0,1.0,1.0,1.0,1.0,1.0,1.0,1.0,1.0,1.0,1.0,1.0,1.0,1.0,1.0,1.0,1.0,1.0,1.0,1.0,1.0,1.0,1.0,1.0,1.0,1.0,1.0,1.0,1.0,1.0,1.0,1.0,1.0,1.0,1.0
36,1,0,2,1,3,4,1.0,1.0,1.0,1.0,1.0,1.0,1.0,1.0,1.0,1.0,1.0,1.0,1.0,1.0,1.0,1.0,1.0,1.0,1.0,1.0,1.0,1.0,1.0,1.0,1.0,1.0,1.0,1.0,1.0,1.0,1.0,1.0,1.0,1.0,1.0,1.0,1.0,1.0,1.0,1.0,1.0,1.0,1.0,1.0,1.0,1.0,1.0,1.0,1.0,1.0
37,1,0,2,1,4,-1,1.0,1.0,1.0,1.0,1.0,1.0,1.0,1.0,1.0,1.0,1.0,1.0,1.0,1.0,1.0,1.0,1.0,1.0,1.0,1.0,1.0,1.0,1.0,1.0,1.0,1.0,1.0,1.0,1.0,1.0,1.0,1.0,1.0,1.0,1.0,1.0,1.0,1.0,1.0,1.0,1.0,1.0,1.0,1.0,1.0,1.0,1.0,1.0,1.0,1.0
38,1,0,2,1,4,3,1.0,1.0,1.0,1.0,1.0,1.0,1.0,1.0,1.0,1.0,1.0,1.0,1.0,1.0,1.0,1.0,1.0,1.0,1.0,1.0,1.0,1.0,1.0,1.0,1.0,1.0,1.0,1.0,1.0,1.0,1.0,1.0,1.0,1.0,1.0,1.0,1.0,1.0,1.0,1.0,1.0,1.0,1.0,1.0,1.0,1.0,1.0,1.0,1.0,1.0
39,1,0,2,3,-1,-1,0.0,0.0,0.0,0.0,0.0,0.0,0.06,0.08,0.14,0.1,0.64,0.62,0.58,0.48,0.62,1.0,1.0,0.94,0.94,0.9,1.0,1.0,1.0,1.0,1.0,0.0,0.0,0.0,0.0,0.0,0.0,4.0565382599446396e-05,0.002810919805493691,0.00045881837245033397,0.014580081894096025,0.6981746418340975,0.4445809354016685,0.3368720777600147,0.5279391537548996,0.9228032021277028,1.0,1.0,0.9997297082157025,0.9986569379070339,0.9803345900521908,1.0,1.0,1.0,1.0,1.0
40,1,0,2,3,1,-1,1.0,1.0,1.0,1.0,1.0,1.0,1.0,1.0,1.0,1.0,1.0,1.0,1.0,1.0,1.0,1.0,1.0,1.0,1.0,1.0,1.0,1.0,1.0,1.0,1.0,1.0,1.0,1.0,1.0,1.0,1.0,1.0,1.0,1.0,1.0,1.0,1.0,1.0,1.0,1.0,1.0,1.0,1.0,1.0,1.0,1.0,1.0,1.0,1.0,1.0
41,1,0,2,3,1,4,1.0,1.0,1.0,1.0,1.0,1.0,1.0,1.0,1.0,1.0,1.0,1.0,1.0,1.0,1.0,1.0,1.0,1.0,1.0,1.0,1.0,1.0,1.0,1.0,1.0,1.0,1.0,1.0,1.0,1.0,1.0,1.0,1.0,1.0,1.0,1.0,1.0,1.0,1.0,1.0,1.0,1.0,1.0,1.0,1.0,1.0,1.0,1.0,1.0,1.0
42,1,0,2,3,4,-1,1.0,1.0,1.0,1.0,1.0,1.0,1.0,1.0,1.0,1.0,1.0,1.0,1.0,1.0,1.0,1.0,1.0,1.0,1.0,1.0,1.0,1.0,1.0,1.0,1.0,1.0,1.0,1.0,1.0,1.0,1.0,1.0,1.0,1.0,1.0,1.0,1.0,1.0,1.0,1.0,1.0,1.0,1.0,1.0,1.0,1.0,1.0,1.0,1.0,1.0
43,1,0,2,3,4,1,1.0,1.0,1.0,1.0,1.0,1.0,1.0,1.0,1.0,1.0,1.0,1.0,1.0,1.0,1.0,1.0,1.0,1.0,1.0,1.0,1.0,1.0,1.0,1.0,1.0,1.0,1.0,1.0,1.0,1.0,1.0,1.0,1.0,1.0,1.0,1.0,1.0,1.0,1.0,1.0,1.0,1.0,1.0,1.0,1.0,1.0,1.0,1.0,1.0,1.0
44,1,0,2,4,-1,-1,0.0,0.06,0.14,0.24,0.28,0.6,0.64,0.58,0.66,0.7,1.0,1.0,0.98,0.96,0.96,1.0,1.0,1.0,1.0,1.0,1.0,1.0,1.0,1.0,1.0,0.0,8.125469367966341e-07,0.001294104703852801,0.00719901823807183,0.01530653325022313,0.6274201329512643,0.8552264002146962,0.34618724470255763,0.49847638927299603,0.7437942512897836,1.0,1.0,1.0,0.9992838661004111,0.9995306894089241,1.0,1.0,1.0,1.0,1.0,1.0,1.0,1.0,1.0,1.0
45,1,0,2,4,1,-1,1.0,1.0,1.0,1.0,1.0,1.0,1.0,1.0,1.0,1.0,1.0,1.0,1.0,1.0,1.0,1.0,1.0,1.0,1.0,1.0,1.0,1.0,1.0,1.0,1.0,1.0,1.0,1.0,1.0,1.0,1.0,1.0,1.0,1.0,1.0,1.0,1.0,1.0,1.0,1.0,1.0,1.0,1.0,1.0,1.0,1.0,1.0,1.0,1.0,1.0
46,1,0,2,4,1,3,0.96,0.9,0.88,0.94,0.96,1.0,1.0,1.0,1.0,1.0,1.0,1.0,1.0,1.0,1.0,1.0,1.0,1.0,1.0,1.0,1.0,1.0,1.0,1.0,1.0,0.964167461177891,0.9169030675352613,0.9465095285519515,0.9582238817037844,0.9883533833948911,1.0,1.0,1.0,1.0,1.0,1.0,1.0,1.0,1.0,1.0,1.0,1.0,1.0,1.0,1.0,1.0,1.0,1.0,1.0,1.0
47,1,0,2,4,3,-1,0.0,0.0,0.04,0.1,0.18,0.72,0.62,0.58,0.58,0.56,1.0,1.0,1.0,0.98,0.98,1.0,1.0,1.0,1.0,1.0,1.0,1.0,1.0,1.0,1.0,0.0,0.0005852661568575046,0.0009335365157960928,0.0075457502034789285,0.02998967843138899,0.7224906346535682,0.502018698371659,0.4847208578368498,0.30920422527198277,0.38447709849214196,1.0,1.0,0.9998968194197865,1.0,0.998751358404335,1.0,1.0,1.0,1.0,1.0,1.0,1.0,1.0,1.0,1.0
48,1,0,2,4,3,1,1.0,1.0,1.0,1.0,1.0,1.0,1.0,1.0,1.0,1.0,1.0,1.0,1.0,1.0,1.0,1.0,1.0,1.0,1.0,1.0,1.0,1.0,1.0,1.0,1.0,1.0,1.0,1.0,1.0,1.0,1.0,1.0,1.0,1.0,1.0,1.0,1.0,1.0,1.0,1.0,1.0,1.0,1.0,1.0,1.0,1.0,1.0,1.0,1.0,1.0
49,1,0,3,-1,-1,-1,0.0,0.0,0.0,0.0,0.06,0.12,0.14,0.24,0.28,0.34,0.92,0.9,0.8,0.84,0.74,1.0,1.0,1.0,1.0,0.96,1.0,1.0,1.0,1.0,1.0,0.0,0.0,0.0,1.0431577824993392e-06,0.0,0.0033295927740402405,0.03444462861047763,0.03137300146966134,0.010607646415185962,0.07411893481891875,0.9966928984739998,0.9658734102827714,0.9936756580116164,0.793784966408556,0.7979648753826821,1.0,1.0,1.0,1.0,0.9999484577707681,1.0,1.0,1.0,1.0,1.0
50,1,0,3,1,-1,-1,0.06,0.24,0.24,0.46,0.56,0.94,0.96,0.84,0.74,0.76,1.0,1.0,1.0,1.0,1.0,1.0,1.0,1.0,1.0,1.0,1.0,1.0,1.0,1.0,1.0,0.01799272450015688,0.047173806633032646,0.021779167408597817,0.18676824004311463,0.14173957445141286,0.9893648414564861,0.9685074809929887,0.9083046604552057,0.8959856146930711,0.9645118904960533,1.0,1.0,1.0,1.0,1.0,1.0,1.0,1.0,1.0,1.0,1.0,1.0,1.0,1.0,1.0
51,1,0,3,1,2,-1,1.0,1.0,1.0,1.0,1.0,1.0,1.0,1.0,1.0,1.0,1.0,1.0,1.0,1.0,1.0,1.0,1.0,1.0,1.0,1.0,1.0,1.0,1.0,1.0,1.0,1.0,1.0,1.0,1.0,1.0,1.0,1.0,1.0,1.0,1.0,1.0,1.0,1.0,1.0,1.0,1.0,1.0,1.0,1.0,1.0,1.0,1.0,1.0,1.0,1.0
52,1,0,3,1,2,4,0.94,0.98,0.94,1.0,0.98,1.0,1.0,1.0,1.0,1.0,1.0,1.0,1.0,1.0,1.0,1.0,1.0,1.0,1.0,1.0,1.0,1.0,1.0,1.0,1.0,0.9923949924835638,0.933941107438556,0.9891894661879027,0.9956765045648636,0.9899045033906715,1.0,1.0,1.0,1.0,1.0,1.0,1.0,1.0,1.0,1.0,1.0,1.0,1.0,1.0,1.0,1.0,1.0,1.0,1.0,1.0
53,1,0,3,1,4,-1,0.9,0.94,0.92,0.94,0.96,1.0,1.0,1.0,1.0,1.0,1.0,1.0,1.0,1.0,1.0,1.0,1.0,1.0,1.0,1.0,1.0,1.0,1.0,1.0,1.0,0.9907952770295996,0.9272168267853116,0.9810353410683538,0.994287740210418,0.981364855392393,1.0,1.0,1.0,1.0,0.9999846148710468,1.0,1.0,1.0,1.0,1.0,1.0,1.0,1.0,1.0,1.0,1.0,1.0,1.0,1.0,1.0
54,1,0,3,1,4,2,1.0,1.0,1.0,1.0,1.0,1.0,1.0,1.0,1.0,1.0,1.0,1.0,1.0,1.0,1.0,1.0,1.0,1.0,1.0,1.0,1.0,1.0,1.0,1.0,1.0,1.0,1.0,1.0,1.0,1.0,1.0,1.0,1.0,1.0,1.0,1.0,1.0,1.0,1.0,1.0,1.0,1.0,1.0,1.0,1.0,1.0,1.0,1.0,1.0,1.0
55,1,0,3,2,-1,-1,0.0,0.0,0.0,0.0,0.0,0.0,0.02,0.12,0.16,0.14,0.7,0.64,0.64,0.7,0.64,1.0,1.0,0.98,0.96,0.96,1.0,1.0,1.0,1.0,1.0,0.0,0.0,0.0,0.0,5.280253325503628e-06,0.0,0.00039935829527891427,4.612474105000876e-05,0.0033496154953972157,0.003764755048941288,0.6293035416861206,0.5636904455557429,0.5487059753274081,0.8568537996499228,0.7184706210945472,1.0,1.0,1.0,0.9995307826327965,0.998353740645451,1.0,1.0,1.0,1.0,1.0
56,1,0,3,2,1,-1,1.0,1.0,1.0,1.0,1.0,1.0,1.0,1.0,1.0,1.0,1.0,1.0,1.0,1.0,1.0,1.0,1.0,1.0,1.0,1.0,1.0,1.0,1.0,1.0,1.0,1.0,1.0,1.0,1.0,1.0,1.0,1.0,1.0,1.0,1.0,1.0,1.0,1.0,1.0,1.0,1.0,1.0,1.0,1.0,1.0,1.0,1.0,1.0,1.0,1.0
57,1,0,3,2,1,4,1.0,1.0,1.0,1.0,1.0,1.0,1.0,1.0,1.0,1.0,1.0,1.0,1.0,1.0,1.0,1.0,1.0,1.0,1.0,1.0,1.0,1.0,1.0,1.0,1.0,1.0,1.0,1.0,1.0,1.0,1.0,1.0,1.0,1.0,1.0,1.0,1.0,1.0,1.0,1.0,1.0,1.0,1.0,1.0,1.0,1.0,1.0,1.0,1.0,1.0
58,1,0,3,2,4,-1,0.68,0.88,0.88,0.88,0.94,1.0,1.0,1.0,0.96,0.98,1.0,1.0,1.0,1.0,1.0,1.0,1.0,1.0,1.0,1.0,1.0,1.0,1.0,1.0,1.0,0.38541269331885836,0.3415318024589272,0.4604188770902908,0.7123453273725944,0.9753575722801315,1.0,1.0,1.0,0.9999848529418236,0.9969655043991446,1.0,1.0,1.0,1.0,1.0,1.0,1.0,1.0,1.0,1.0,1.0,1.0,1.0,1.0,1.0
59,1,0,3,2,4,1,0.6,0.62,0.76,0.72,0.86,1.0,1.0,1.0,0.98,0.94,1.0,1.0,1.0,1.0,1.0,1.0,1.0,1.0,1.0,1.0,1.0,1.0,1.0,1.0,1.0,0.3076683603016178,0.6974966391226572,0.3847321790542031,0.8556576500760411,0.4229212448474991,1.0,1.0,1.0,0.9999374241218344,0.9951269853337849,1.0,1.0,1.0,1.0,1.0,1.0,1.0,1.0,1.0,1.0,1.0,1.0,1.0,1.0,1.0
60,1,0,3,4,-1,-1,0.0,0.0,0.0,0.0,0.06,0.12,0.22,0.24,0.34,0.32,0.92,0.78,0.86,0.76,0.7,1.0,1.0,1.0,1.0,0.98,1.0,1.0,1.0,1.0,1.0,0.0,0.0,0.0,1.9239662868407157e-05,0.0001536691674112938,0.015480029520890079,0.07055822009645812,0.02366211254683556,0.1555446330682716,0.2648515337875292,0.9912783736897102,0.9180194754730434,0.9505424745679463,0.9789648635928044,0.8949096946588733,1.0,1.0,1.0,1.0,1.0,1.0,1.0,1.0,1.0,1.0
61,1,0,3,4,1,-1,1.0,1.0,1.0,1.0,1.0,1.0,1.0,1.0,1.0,1.0,1.0,1.0,1.0,1.0,1.0,1.0,1.0,1.0,1.0,1.0,1.0,1.0,1.0,1.0,1.0,1.0,1.0,1.0,1.0,1.0,1.0,1.0,1.0,1.0,1.0,1.0,1.0,1.0,1.0,1.0,1.0,1.0,1.0,1.0,1.0,1.0,1.0,1.0,1.0,1.0
62,1,0,3,4,1,2,0.98,1.0,0.98,0.98,1.0,1.0,1.0,1.0,1.0,1.0,1.0,1.0,1.0,1.0,1.0,1.0,1.0,1.0,1.0,1.0,1.0,1.0,1.0,1.0,1.0,1.0,0.9928013940471903,0.9984316559729512,0.9972484168204757,0.998939959662853,1.0,1.0,1.0,1.0,1.0,1.0,1.0,1.0,1.0,1.0,1.0,1.0,1.0,1.0,1.0,1.0,1.0,1.0,1.0,1.0
63,1,0,3,4,2,-1,0.02,0.04,0.06,0.14,0.28,0.88,0.74,0.76,0.74,0.78,1.0,1.0,1.0,1.0,0.98,1.0,1.0,1.0,1.0,1.0,1.0,1.0,1.0,1.0,1.0,3.984979917209168e-05,0.0009515878054546042,0.022622006463730665,0.024423352937859636,0.022699115845947478,0.9850412048050095,0.9492285409684338,0.9403868177076067,0.9374234287681911,0.8548265023306972,1.0,1.0,1.0,1.0,1.0,1.0,1.0,1.0,1.0,1.0,1.0,1.0,1.0,1.0,1.0
64,1,0,3,4,2,1,1.0,1.0,1.0,1.0,1.0,1.0,1.0,1.0,1.0,1.0,1.0,1.0,1.0,1.0,1.0,1.0,1.0,1.0,1.0,1.0,1.0,1.0,1.0,1.0,1.0,1.0,1.0,1.0,1.0,1.0,1.0,1.0,1.0,1.0,1.0,1.0,1.0,1.0,1.0,1.0,1.0,1.0,1.0,1.0,1.0,1.0,1.0,1.0,1.0,1.0
65,1,0,4,-1,-1,-1,0.0,0.0,0.0,0.0,0.0,0.0,0.0,0.0,0.02,0.02,0.38,0.36,0.44,0.42,0.42,1.0,1.0,0.98,0.92,0.84,1.0,1.0,1.0,1.0,1.0,0.0,0.0,0.0,0.0,0.0,0.0,0.0,3.280147432610765e-06,0.0,0.0002693571489753048,0.47366510619729385,0.2008108150667526,0.45179186076389777,0.3982418618191932,0.32690165058522996,1.0,1.0,0.9991486543410445,0.9911885426881785,0.9980678066370904,1.0,1.0,1.0,1.0,1.0
66,1,0,4,1,-1,-1,1.0,1.0,1.0,1.0,1.0,1.0,1.0,1.0,1.0,1.0,1.0,1.0,1.0,1.0,1.0,1.0,1.0,1.0,1.0,1.0,1.0,1.0,1.0,1.0,1.0,1.0,1.0,1.0,1.0,1.0,1.0,1.0,1.0,1.0,1.0,1.0,1.0,1.0,1.0,1.0,1.0,1.0,1.0,1.0,1.0,1.0,1.0,1.0,1.0,1.0
67,1,0,4,1,2,-1,0.76,0.72,0.74,0.8,0.86,1.0,1.0,1.0,0.98,0.98,1.0,1.0,1.0,1.0,1.0,1.0,1.0,1.0,1.0,1.0,1.0,1.0,1.0,1.0,1.0,0.9550492125274729,0.8648216412574125,0.7043178947152415,0.5832044710814389,0.9421591404796456,1.0,1.0,0.999979119147012,1.0,1.0,1.0,1.0,1.0,1.0,1.0,1.0,1.0,1.0,1.0,1.0,1.0,1.0,1.0,1.0,1.0
68,1,0,4,1,2,3,0.84,0.9,0.92,0.94,1.0,1.0,1.0,0.98,0.98,0.94,1.0,1.0,1.0,1.0,1.0,1.0,1.0,1.0,1.0,1.0,1.0,1.0,1.0,1.0,1.0,0.8946321615943452,0.8415847690639697,0.7521541799321678,0.8356244635216352,0.8337558125029015,1.0,1.0,1.0,1.0,1.0,1.0,1.0,1.0,1.0,1.0,1.0,1.0,1.0,1.0,1.0,1.0,1.0,1.0,1.0,1.0
69,1,0,4,1,3,-1,1.0,1.0,1.0,1.0,1.0,1.0,1.0,1.0,1.0,1.0,1.0,1.0,1.0,1.0,1.0,1.0,1.0,1.0,1.0,1.0,1.0,1.0,1.0,1.0,1.0,1.0,1.0,1.0,1.0,1.0,1.0,1.0,1.0,1.0,1.0,1.0,1.0,1.0,1.0,1.0,1.0,1.0,1.0,1.0,1.0,1.0,1.0,1.0,1.0,1.0
70,1,0,4,1,3,2,0.86,0.92,0.9,0.9,0.94,1.0,1.0,1.0,1.0,1.0,1.0,1.0,1.0,1.0,1.0,1.0,1.0,1.0,1.0,1.0,1.0,1.0,1.0,1.0,1.0,0.9934590755498908,0.9346848628931425,0.9975396652052714,0.7487500611696529,0.9813858210356718,1.0,1.0,1.0,0.9999804136651858,1.0,1.0,1.0,1.0,1.0,1.0,1.0,1.0,1.0,1.0,1.0,1.0,1.0,1.0,1.0,1.0
71,1,0,4,2,-1,-1,0.34,0.44,0.6,0.68,0.7,0.96,0.9,0.84,0.82,0.94,1.0,1.0,1.0,1.0,0.98,1.0,1.0,1.0,1.0,1.0,1.0,1.0,1.0,1.0,1.0,0.06130951602215716,0.07861049053570383,0.1009445041144251,0.2584855492423782,0.48088453607846476,0.9999263024261784,0.999055145478172,0.9180173527948859,0.9740853228839157,0.9517098849175765,1.0,1.0,1.0,1.0,0.9999941998609281,1.0,1.0,1.0,1.0,1.0,1.0,1.0,1.0,1.0,1.0
72,1,0,4,2,1,-1,0.84,0.86,0.88,0.92,1.0,1.0,1.0,1.0,0.98,0.98,1.0,1.0,1.0,1.0,1.0,1.0,1.0,1.0,1.0,1.0,1.0,1.0,1.0,1.0,1.0,0.7226391898990049,0.7586121456264205,0.8776877115243576,0.8216909220043601,0.8186391163742361,1.0,1.0,1.0,1.0,1.0,1.0,1.0,1.0,1.0,1.0,1.0,1.0,1.0,1.0,1.0,1.0,1.0,1.0,1.0,1.0
73,1,0,4,2,1,3,1.0,1.0,1.0,0.98,1.0,1.0,1.0,1.0,1.0,1.0,1.0,1.0,1.0,1.0,1.0,1.0,1.0,1.0,1.0,1.0,1.0,1.0,1.0,1.0,1.0,1.0,1.0,1.0,1.0,1.0,1.0,1.0,1.0,1.0,1.0,1.0,1.0,1.0,1.0,1.0,1.0,1.0,1.0,1.0,1.0,1.0,1.0,1.0,1.0,1.0
74,1,0,4,2,3,-1,0.9,0.84,0.88,0.88,0.9,1.0,0.94,0.94,0.88,0.92,1.0,1.0,1.0,1.0,1.0,1.0,1.0,1.0,1.0,1.0,1.0,1.0,1.0,1.0,1.0,0.8744203454281201,0.7401313318516188,0.7742798653581002,0.7403482501071312,0.681201680628855,1.0,0.9998871572433259,0.9999147390317261,0.9890429444716038,0.9994628176617382,1.0,1.0,1.0,1.0,1.0,1.0,1.0,1.0,1.0,1.0,1.0,1.0,1.0,1.0,1.0
75,1,0,4,2,3,1,1.0,1.0,1.0,1.0,1.0,1.0,1.0,1.0,1.0,1.0,1.0,1.0,1.0,1.0,1.0,1.0,1.0,1.0,1.0,1.0,1.0,1.0,1.0,1.0,1.0,1.0,1.0,1.0,1.0,1.0,1.0,1.0,1.0,1.0,1.0,1.0,1.0,1.0,1.0,1.0,1.0,1.0,1.0,1.0,1.0,1.0,1.0,1.0,1.0,1.0
76,1,0,4,3,-1,-1,0.0,0.0,0.0,0.0,0.02,0.04,0.02,0.1,0.14,0.18,0.74,0.74,0.7,0.6,0.6,1.0,1.0,1.0,1.0,0.94,1.0,1.0,1.0,1.0,1.0,0.0,0.0,0.0,0.0,3.0298531402520927e-07,0.0004950700186396357,0.00024107706976767278,0.0034085094667688502,0.006356048947938057,0.04752702097880069,0.9182061314436272,0.9341058083397008,0.832193115427541,0.6631475317824729,0.8151936801399677,1.0,1.0,1.0,1.0,0.9999745061413111,1.0,1.0,1.0,1.0,1.0
77,1,0,4,3,1,-1,1.0,1.0,1.0,1.0,1.0,1.0,1.0,1.0,1.0,1.0,1.0,1.0,1.0,1.0,1.0,1.0,1.0,1.0,1.0,1.0,1.0,1.0,1.0,1.0,1.0,1.0,1.0,1.0,1.0,1.0,1.0,1.0,1.0,1.0,1.0,1.0,1.0,1.0,1.0,1.0,1.0,1.0,1.0,1.0,1.0,1.0,1.0,1.0,1.0,1.0
78,1,0,4,3,1,2,1.0,1.0,1.0,1.0,1.0,1.0,1.0,1.0,1.0,1.0,1.0,1.0,1.0,1.0,1.0,1.0,1.0,1.0,1.0,1.0,1.0,1.0,1.0,1.0,1.0,1.0,1.0,1.0,1.0,1.0,1.0,1.0,1.0,1.0,1.0,1.0,1.0,1.0,1.0,1.0,1.0,1.0,1.0,1.0,1.0,1.0,1.0,1.0,1.0,1.0
79,1,0,4,3,2,-1,0.76,0.78,0.78,0.84,0.82,1.0,1.0,1.0,0.96,0.94,1.0,1.0,1.0,1.0,1.0,1.0,1.0,1.0,1.0,1.0,1.0,1.0,1.0,1.0,1.0,0.9790993357323527,0.7886767955353055,0.9584176349556226,0.880728501479418,0.7255002376334028,1.0,0.9999869123627655,1.0,0.9996245294679631,1.0,1.0,1.0,1.0,1.0,1.0,1.0,1.0,1.0,1.0,1.0,1.0,1.0,1.0,1.0,1.0
80,1,0,4,3,2,1,0.92,0.92,1.0,0.92,1.0,1.0,1.0,0.98,0.98,0.98,1.0,1.0,1.0,1.0,1.0,1.0,1.0,1.0,1.0,1.0,1.0,1.0,1.0,1.0,1.0,1.0,0.9493830331337011,0.9889857280965673,0.987288150069469,0.9742715721865668,1.0,1.0,1.0,0.9992878290058239,1.0,1.0,1.0,1.0,1.0,1.0,1.0,1.0,1.0,1.0,1.0,1.0,1.0,1.0,1.0,1.0
81,1,1,-1,-1,-1,-1,0.0,0.0,0.0,0.0,0.0,0.0,0.06,0.06,0.16,0.32,0.74,0.66,0.74,0.64,0.72,1.0,1.0,1.0,1.0,0.98,1.0,1.0,1.0,1.0,1.0,0.0,0.0,0.0,0.0,0.0,0.00018804488980143447,5.48811777270281e-05,0.00758698836183501,0.01658029750105261,0.005789663334908388,0.8519534385517717,0.9063501390829019,0.7615322288060107,0.8359035564583277,0.9458552795003694,1.0,1.0,1.0,0.9999748563214408,0.9982889785748303,1.0,1.0,1.0,1.0,1.0
82,1,1,0,-1,-1,-1,1.0,1.0,1.0,1.0,1.0,1.0,1.0,1.0,1.0,1.0,1.0,1.0,1.0,1.0,1.0,1.0,1.0,1.0,1.0,1.0,1.0,1.0,1.0,1.0,1.0,1.0,1.0,1.0,1.0,1.0,1.0,1.0,1.0,1.0,1.0,1.0,1.0,1.0,1.0,1.0,1.0,1.0,1.0,1.0,1.0,1.0,1.0,1.0,1.0,1.0
83,1,1,0,2,-1,-1,0.88,0.92,0.92,0.88,0.92,1.0,1.0,1.0,1.0,1.0,1.0,1.0,1.0,1.0,1.0,1.0,1.0,1.0,1.0,1.0,1.0,1.0,1.0,1.0,1.0,0.9050314013641291,0.9513321222545832,0.9945468745966091,0.7037852012094821,0.850622293070366,1.0,1.0,1.0,1.0,1.0,1.0,1.0,1.0,1.0,1.0,1.0,1.0,1.0,1.0,1.0,1.0,1.0,1.0,1.0,1.0
84,1,1,0,2,3,-1,0.9,0.96,0.92,0.96,0.96,1.0,1.0,1.0,1.0,0.98,1.0,1.0,1.0,1.0,1.0,1.0,1.0,1.0,1.0,1.0,1.0,1.0,1.0,1.0,1.0,0.9988272775992181,1.0,0.9217328760499031,0.9581158503925821,0.812607780944526,1.0,1.0,1.0,1.0,1.0,1.0,1.0,1.0,1.0,1.0,1.0,1.0,1.0,1.0,1.0,1.0,1.0,1.0,1.0,1.0
85,1,1,0,2,3,4,1.0,1.0,1.0,1.0,1.0,1.0,1.0,1.0,1.0,1.0,1.0,1.0,1.0,1.0,1.0,1.0,1.0,1.0,1.0,1.0,1.0,1.0,1.0,1.0,1.0,1.0,1.0,1.0,1.0,1.0,1.0,1.0,1.0,1.0,1.0,1.0,1.0,1.0,1.0,1.0,1.0,1.0,1.0,1.0,1.0,1.0,1.0,1.0,1.0,1.0
86,1,1,0,2,4,-1,0.04,0.18,0.28,0.34,0.46,0.9,0.78,0.72,0.74,0.74,1.0,1.0,1.0,1.0,1.0,1.0,1.0,1.0,1.0,1.0,1.0,1.0,1.0,1.0,1.0,4.8003746537633614e-06,0.011508407335726265,0.014107662617269407,0.028738326334056517,0.05457415231734176,0.9773850210520938,0.9906101030548733,0.9804480695614749,0.936227840562251,0.8649133451483121,1.0,1.0,1.0,1.0,1.0,1.0,1.0,1.0,1.0,1.0,1.0,1.0,1.0,1.0,1.0
87,1,1,0,2,4,3,1.0,1.0,1.0,1.0,1.0,1.0,1.0,1.0,1.0,1.0,1.0,1.0,1.0,1.0,1.0,1.0,1.0,1.0,1.0,1.0,1.0,1.0,1.0,1.0,1.0,1.0,1.0,1.0,1.0,1.0,1.0,1.0,1.0,1.0,1.0,1.0,1.0,1.0,1.0,1.0,1.0,1.0,1.0,1.0,1.0,1.0,1.0,1.0,1.0,1.0
88,1,1,0,3,-1,-1,0.78,0.84,0.86,0.9,0.92,1.0,1.0,1.0,0.98,0.96,1.0,1.0,1.0,1.0,1.0,1.0,1.0,1.0,1.0,1.0,1.0,1.0,1.0,1.0,1.0,0.9136522832711089,0.5258964350235042,0.6650797345103142,0.7688520471424578,0.8324312084168186,1.0,1.0,1.0,0.9995869448441529,0.9996241070787995,1.0,1.0,1.0,1.0,1.0,1.0,1.0,1.0,1.0,1.0,1.0,1.0,1.0,1.0,1.0
89,1,1,0,3,2,-1,1.0,1.0,1.0,1.0,1.0,1.0,1.0,1.0,1.0,1.0,1.0,1.0,1.0,1.0,1.0,1.0,1.0,1.0,1.0,1.0,1.0,1.0,1.0,1.0,1.0,1.0,1.0,1.0,1.0,1.0,1.0,1.0,1.0,1.0,1.0,1.0,1.0,1.0,1.0,1.0,1.0,1.0,1.0,1.0,1.0,1.0,1.0,1.0,1.0,1.0
90,1,1,0,3,2,4,0.9,0.96,0.94,0.96,0.94,1.0,1.0,1.0,1.0,1.0,1.0,1.0,1.0,1.0,1.0,1.0,1.0,1.0,1.0,1.0,1.0,1.0,1.0,1.0,1.0,0.9957343388330865,0.9828176719528141,0.8929916108864197,0.9934319578908563,0.999912041477506,1.0,1.0,1.0,1.0,1.0,1.0,1.0,1.0,1.0,1.0,1.0,1.0,1.0,1.0,1.0,1.0,1.0,1.0,1.0,1.0
91,1,1,0,3,4,-1,1.0,1.0,1.0,1.0,1.0,1.0,1.0,1.0,1.0,1.0,1.0,1.0,1.0,1.0,1.0,1.0,1.0,1.0,1.0,1.0,1.0,1.0,1.0,1.0,1.0,1.0,1.0,1.0,1.0,1.0,1.0,1.0,1.0,1.0,1.0,1.0,1.0,1.0,1.0,1.0,1.0,1.0,1.0,1.0,1.0,1.0,1.0,1.0,1.0,1.0
92,1,1,0,3,4,2,1.0,1.0,1.0,1.0,1.0,1.0,1.0,1.0,1.0,1.0,1.0,1.0,1.0,1.0,1.0,1.0,1.0,1.0,1.0,1.0,1.0,1.0,1.0,1.0,1.0,1.0,1.0,1.0,1.0,1.0,1.0,1.0,1.0,1.0,1.0,1.0,1.0,1.0,1.0,1.0,1.0,1.0,1.0,1.0,1.0,1.0,1.0,1.0,1.0,1.0
93,1,1,0,4,-1,-1,1.0,1.0,1.0,1.0,1.0,1.0,1.0,1.0,1.0,1.0,1.0,1.0,1.0,1.0,1.0,1.0,1.0,1.0,1.0,1.0,1.0,1.0,1.0,1.0,1.0,1.0,1.0,1.0,1.0,1.0,1.0,1.0,1.0,1.0,1.0,1.0,1.0,1.0,1.0,1.0,1.0,1.0,1.0,1.0,1.0,1.0,1.0,1.0,1.0,1.0
94,1,1,0,4,2,-1,0.0,0.02,0.1,0.18,0.28,0.88,0.74,0.72,0.7,0.66,1.0,1.0,1.0,0.96,0.94,1.0,1.0,1.0,1.0,1.0,1.0,1.0,1.0,1.0,1.0,2.723631933908383e-06,0.0,0.0021086707011967465,0.011913902429207469,0.06698109637017811,0.8323816207404712,0.9608695339519921,0.8015899796928297,0.6086706298113261,0.45073530818270424,1.0,1.0,1.0,0.9999979916130073,1.0,1.0,1.0,1.0,1.0,1.0,1.0,1.0,1.0,1.0,1.0
95,1,1,0,4,2,3,1.0,1.0,1.0,1.0,1.0,1.0,1.0,1.0,1.0,1.0,1.0,1.0,1.0,1.0,1.0,1.0,1.0,1.0,1.0,1.0,1.0,1.0,1.0,1.0,1.0,1.0,1.0,1.0,1.0,1.0,1.0,1.0,1.0,1.0,1.0,1.0,1.0,1.0,1.0,1.0,1.0,1.0,1.0,1.0,1.0,1.0,1.0,1.0,1.0,1.0
96,1,1,0,4,3,-1,0.84,0.92,0.96,0.96,0.98,1.0,1.0,1.0,1.0,1.0,1.0,1.0,1.0,1.0,1.0,1.0,1.0,1.0,1.0,1.0,1.0,1.0,1.0,1.0,1.0,0.8869380847105403,0.9746565414349051,0.9846153234470274,0.9802461291300363,0.7971082728713927,1.0,1.0,1.0,0.9999997761818626,0.9999220069837057,1.0,1.0,1.0,1.0,1.0,1.0,1.0,1.0,1.0,1.0,1.0,1.0,1.0,1.0,1.0
97,1,1,0,4,3,2,1.0,1.0,1.0,1.0,1.0,1.0,1.0,1.0,1.0,1.0,1.0,1.0,1.0,1.0,1.0,1.0,1.0,1.0,1.0,1.0,1.0,1.0,1.0,1.0,1.0,1.0,1.0,1.0,1.0,1.0,1.0,1.0,1.0,1.0,1.0,1.0,1.0,1.0,1.0,1.0,1.0,1.0,1.0,1.0,1.0,1.0,1.0,1.0,1.0,1.0
98,1,1,2,-1,-1,-1,0.04,0.14,0.02,0.22,0.28,0.54,0.5,0.48,0.58,0.66,1.0,1.0,0.98,0.94,0.98,1.0,1.0,1.0,1.0,1.0,1.0,1.0,1.0,1.0,1.0,0.0010932173912359042,0.00047490489014993814,0.003320309185932074,0.04685245914439759,0.07062606124765335,0.2720601998499429,0.5156578062372148,0.47343051991361884,0.7656440825701469,0.3110111889838649,1.0,1.0,1.0,0.9990034889542959,0.9888092046842544,1.0,1.0,1.0,1.0,1.0,1.0,1.0,1.0,1.0,1.0
99,1,1,2,0,-1,-1,1.0,1.0,1.0,1.0,1.0,1.0,1.0,1.0,1.0,1.0,1.0,1.0,1.0,1.0,1.0,1.0,1.0,1.0,1.0,1.0,1.0,1.0,1.0,1.0,1.0,1.0,1.0,1.0,1.0,1.0,1.0,1.0,1.0,1.0,1.0,1.0,1.0,1.0,1.0,1.0,1.0,1.0,1.0,1.0,1.0,1.0,1.0,1.0,1.0,1.0
100,1,1,2,0,3,-1,1.0,1.0,0.98,0.98,1.0,1.0,1.0,1.0,1.0,1.0,1.0,1.0,1.0,1.0,1.0,1.0,1.0,1.0,1.0,1.0,1.0,1.0,1.0,1.0,1.0,1.0,1.0,1.0,0.9996271951853958,1.0,1.0,1.0,1.0,1.0,1.0,1.0,1.0,1.0,1.0,1.0,1.0,1.0,1.0,1.0,1.0,1.0,1.0,1.0,1.0,1.0
101,1,1,2,0,3,4,1.0,1.0,1.0,1.0,1.0,1.0,1.0,1.0,1.0,1.0,1.0,1.0,1.0,1.0,1.0,1.0,1.0,1.0,1.0,1.0,1.0,1.0,1.0,1.0,1.0,1.0,1.0,1.0,1.0,1.0,1.0,1.0,1.0,1.0,1.0,1.0,1.0,1.0,1.0,1.0,1.0,1.0,1.0,1.0,1.0,1.0,1.0,1.0,1.0,1.0
102,1,1,2,0,4,-1,1.0,0.94,0.96,0.96,0.92,1.0,1.0,1.0,1.0,1.0,1.0,1.0,1.0,1.0,1.0,1.0,1.0,1.0,1.0,1.0,1.0,1.0,1.0,1.0,1.0,1.0,0.9995178299589448,0.997219691319353,0.9990463949823373,0.9702074631937847,1.0,1.0,1.0,1.0,1.0,1.0,1.0,1.0,1.0,1.0,1.0,1.0,1.0,1.0,1.0,1.0,1.0,1.0,1.0,1.0
103,1,1,2,0,4,3,1.0,1.0,1.0,1.0,1.0,1.0,1.0,1.0,1.0,1.0,1.0,1.0,1.0,1.0,1.0,1.0,1.0,1.0,1.0,1.0,1.0,1.0,1.0,1.0,1.0,1.0,1.0,1.0,1.0,1.0,1.0,1.0,1.0,1.0,1.0,1.0,1.0,1.0,1.0,1.0,1.0,1.0,1.0,1.0,1.0,1.0,1.0,1.0,1.0,1.0
104,1,1,2,3,-1,-1,0.66,0.78,0.78,0.84,0.86,1.0,0.98,0.94,0.94,0.92,1.0,1.0,1.0,1.0,1.0,1.0,1.0,1.0,1.0,1.0,1.0,1.0,1.0,1.0,1.0,0.7909396358485721,0.8087546826219385,0.5409551943910083,0.5586930526959446,0.40466414714466814,1.0,1.0,0.9978352267076988,0.9983677341344853,0.9977909434111171,1.0,1.0,1.0,1.0,1.0,1.0,1.0,1.0,1.0,1.0,1.0,1.0,1.0,1.0,1.0
105,1,1,2,3,0,-1,1.0,1.0,1.0,1.0,1.0,1.0,1.0,1.0,1.0,1.0,1.0,1.0,1.0,1.0,1.0,1.0,1.0,1.0,1.0,1.0,1.0,1.0,1.0,1.0,1.0,1.0,1.0,1.0,1.0,1.0,1.0,1.0,1.0,1.0,1.0,1.0,1.0,1.0,1.0,1.0,1.0,1.0,1.0,1.0,1.0,1.0,1.0,1.0,1.0,1.0
106,1,1,2,3,0,4,0.8,0.78,0.88,0.9,0.9,1.0,1.0,1.0,1.0,0.98,1.0,1.0,1.0,1.0,1.0,1.0,1.0,1.0,1.0,1.0,1.0,1.0,1.0,1.0,1.0,0.866587330105732,0.7628146739289269,0.9622554561176603,0.854027741868899,0.8510903494416635,1.0,1.0,1.0,0.9999964078628146,0.9999730412571123,1.0,1.0,1.0,1.0,1.0,1.0,1.0,1.0,1.0,1.0,1.0,1.0,1.0,1.0,1.0
107,1,1,2,3,4,-1,1.0,1.0,1.0,1.0,1.0,1.0,1.0,1.0,1.0,1.0,1.0,1.0,1.0,1.0,1.0,1.0,1.0,1.0,1.0,1.0,1.0,1.0,1.0,1.0,1.0,1.0,1.0,1.0,1.0,1.0,1.0,1.0,1.0,1.0,1.0,1.0,1.0,1.0,1.0,1.0,1.0,1.0,1.0,1.0,1.0,1.0,1.0,1.0,1.0,1.0
108,1,1,2,3,4,0,0.62,0.66,0.76,0.76,0.76,1.0,1.0,0.98,0.98,0.98,1.0,1.0,1.0,1.0,1.0,1.0,1.0,1.0,1.0,1.0,1.0,1.0,1.0,1.0,1.0,0.8057372287754913,0.6423210080317836,0.5187103365477745,0.38559710142076103,0.6554844154031357,1.0,1.0,1.0,0.9991611870299217,0.9900642238031492,1.0,1.0,1.0,1.0,1.0,1.0,1.0,1.0,1.0,1.0,1.0,1.0,1.0,1.0,1.0
109,1,1,2,4,-1,-1,0.0,0.0,0.0,0.06,0.1,0.36,0.38,0.36,0.42,0.5,1.0,0.98,0.98,0.92,0.88,1.0,1.0,1.0,1.0,1.0,1.0,1.0,1.0,1.0,1.0,0.0,0.0,0.0,0.0,0.000987796581369917,0.12330064096978109,0.3308477605857607,0.04211806124097403,0.5604412229809149,0.13216170618975628,1.0,0.9998311141183772,0.9992222775407185,0.9978010431941678,0.9944881638199271,1.0,1.0,1.0,1.0,1.0,1.0,1.0,1.0,1.0,1.0
110,1,1,2,4,0,-1,0.96,1.0,0.98,1.0,1.0,1.0,1.0,1.0,1.0,1.0,1.0,1.0,1.0,1.0,1.0,1.0,1.0,1.0,1.0,1.0,1.0,1.0,1.0,1.0,1.0,0.9994276665399531,1.0,1.0,0.9951626584513835,0.9404043957541423,1.0,1.0,1.0,1.0,1.0,1.0,1.0,1.0,1.0,1.0,1.0,1.0,1.0,1.0,1.0,1.0,1.0,1.0,1.0,1.0
111,1,1,2,4,0,3,1.0,1.0,1.0,1.0,1.0,1.0,1.0,1.0,1.0,1.0,1.0,1.0,1.0,1.0,1.0,1.0,1.0,1.0,1.0,1.0,1.0,1.0,1.0,1.0,1.0,1.0,1.0,1.0,1.0,1.0,1.0,1.0,1.0,1.0,1.0,1.0,1.0,1.0,1.0,1.0,1.0,1.0,1.0,1.0,1.0,1.0,1.0,1.0,1.0,1.0
112,1,1,2,4,3,-1,1.0,1.0,1.0,1.0,1.0,1.0,1.0,1.0,1.0,1.0,1.0,1.0,1.0,1.0,1.0,1.0,1.0,1.0,1.0,1.0,1.0,1.0,1.0,1.0,1.0,1.0,1.0,1.0,1.0,1.0,1.0,1.0,1.0,1.0,1.0,1.0,1.0,1.0,1.0,1.0,1.0,1.0,1.0,1.0,1.0,1.0,1.0,1.0,1.0,1.0
113,1,1,2,4,3,0,1.0,1.0,1.0,1.0,1.0,1.0,1.0,1.0,1.0,1.0,1.0,1.0,1.0,1.0,1.0,1.0,1.0,1.0,1.0,1.0,1.0,1.0,1.0,1.0,1.0,1.0,1.0,1.0,1.0,1.0,1.0,1.0,1.0,1.0,1.0,1.0,1.0,1.0,1.0,1.0,1.0,1.0,1.0,1.0,1.0,1.0,1.0,1.0,1.0,1.0
114,1,1,3,-1,-1,-1,0.0,0.0,0.0,0.0,0.0,0.0,0.0,0.02,0.02,0.16,0.4,0.36,0.46,0.5,0.52,1.0,1.0,0.9,0.9,0.86,1.0,1.0,1.0,1.0,1.0,0.0,0.0,0.0,0.0,0.0,0.0,0.0,2.4651993705472164e-05,0.003751684728981516,0.0008290938517004491,0.1559179510956391,0.08199528737089384,0.376289727186915,0.23087618995101453,0.48467710912563455,1.0,0.9999621411950812,0.9995618366169513,0.9912364512723217,0.9816801921997982,1.0,1.0,1.0,1.0,1.0
115,1,1,3,0,-1,-1,0.24,0.42,0.48,0.6,0.64,1.0,1.0,0.96,0.84,0.92,1.0,1.0,1.0,1.0,1.0,1.0,1.0,1.0,1.0,1.0,1.0,1.0,1.0,1.0,1.0,0.09801757987463361,0.19242688350875853,0.17088000338500073,0.3770428351978829,0.25314386268227307,1.0,1.0,0.9988863757000422,0.9958105923038547,0.9555885064516404,1.0,1.0,1.0,1.0,1.0,1.0,1.0,1.0,1.0,1.0,1.0,1.0,1.0,1.0,1.0
116,1,1,3,0,2,-1,1.0,1.0,1.0,1.0,1.0,1.0,1.0,1.0,1.0,1.0,1.0,1.0,1.0,1.0,1.0,1.0,1.0,1.0,1.0,1.0,1.0,1.0,1.0,1.0,1.0,1.0,1.0,1.0,1.0,1.0,1.0,1.0,1.0,1.0,1.0,1.0,1.0,1.0,1.0,1.0,1.0,1.0,1.0,1.0,1.0,1.0,1.0,1.0,1.0,1.0
117,1,1,3,0,2,4,1.0,1.0,1.0,1.0,1.0,1.0,1.0,1.0,1.0,1.0,1.0,1.0,1.0,1.0,1.0,1.0,1.0,1.0,1.0,1.0,1.0,1.0,1.0,1.0,1.0,1.0,1.0,1.0,1.0,1.0,1.0,1.0,1.0,1.0,1.0,1.0,1.0,1.0,1.0,1.0,1.0,1.0,1.0,1.0,1.0,1.0,1.0,1.0,1.0,1.0
118,1,1,3,0,4,-1,1.0,1.0,1.0,1.0,1.0,1.0,1.0,1.0,1.0,1.0,1.0,1.0,1.0,1.0,1.0,1.0,1.0,1.0,1.0,1.0,1.0,1.0,1.0,1.0,1.0,1.0,1.0,1.0,1.0,1.0,1.0,1.0,1.0,1.0,1.0,1.0,1.0,1.0,1.0,1.0,1.0,1.0,1.0,1.0,1.0,1.0,1.0,1.0,1.0,1.0
119,1,1,3,0,4,2,0.74,0.74,0.8,0.8,0.84,1.0,1.0,1.0,1.0,0.98,1.0,1.0,1.0,1.0,1.0,1.0,1.0,1.0,1.0,1.0,1.0,1.0,1.0,1.0,1.0,0.8803354205860502,0.6136126306919801,0.542175879691475,0.7653130948979566,0.9362020303114389,1.0,1.0,1.0,1.0,0.9999892181585376,1.0,1.0,1.0,1.0,1.0,1.0,1.0,1.0,1.0,1.0,1.0,1.0,1.0,1.0,1.0
120,1,1,3,2,-1,-1,0.48,0.52,0.72,0.72,0.76,1.0,0.98,0.98,0.9,0.94,1.0,1.0,1.0,1.0,1.0,1.0,1.0,1.0,1.0,1.0,1.0,1.0,1.0,1.0,1.0,0.3652579444207948,0.15857721021908144,0.25024322214639566,0.34539717126812713,0.34393429888650456,1.0,0.9999935097853897,0.9999969054156889,0.9945130724892147,0.9978225940504277,1.0,1.0,1.0,1.0,1.0,1.0,1.0,1.0,1.0,1.0,1.0,1.0,1.0,1.0,1.0
121,1,1,3,2,0,-1,1.0,1.0,1.0,1.0,1.0,1.0,1.0,1.0,1.0,1.0,1.0,1.0,1.0,1.0,1.0,1.0,1.0,1.0,1.0,1.0,1.0,1.0,1.0,1.0,1.0,1.0,1.0,1.0,1.0,1.0,1.0,1.0,1.0,1.0,1.0,1.0,1.0,1.0,1.0,1.0,1.0,1.0,1.0,1.0,1.0,1.0,1.0,1.0,1.0,1.0
122,1,1,3,2,0,4,1.0,1.0,1.0,1.0,1.0,1.0,1.0,1.0,1.0,1.0,1.0,1.0,1.0,1.0,1.0,1.0,1.0,1.0,1.0,1.0,1.0,1.0,1.0,1.0,1.0,1.0,1.0,1.0,1.0,1.0,1.0,1.0,1.0,1.0,1.0,1.0,1.0,1.0,1.0,1.0,1.0,1.0,1.0,1.0,1.0,1.0,1.0,1.0,1.0,1.0
123,1,1,3,2,4,-1,1.0,1.0,1.0,1.0,1.0,1.0,1.0,1.0,1.0,1.0,1.0,1.0,1.0,1.0,1.0,1.0,1.0,1.0,1.0,1.0,1.0,1.0,1.0,1.0,1.0,1.0,1.0,1.0,1.0,1.0,1.0,1.0,1.0,1.0,1.0,1.0,1.0,1.0,1.0,1.0,1.0,1.0,1.0,1.0,1.0,1.0,1.0,1.0,1.0,1.0
124,1,1,3,2,4,0,1.0,1.0,1.0,1.0,1.0,1.0,1.0,1.0,1.0,1.0,1.0,1.0,1.0,1.0,1.0,1.0,1.0,1.0,1.0,1.0,1.0,1.0,1.0,1.0,1.0,1.0,1.0,1.0,1.0,1.0,1.0,1.0,1.0,1.0,1.0,1.0,1.0,1.0,1.0,1.0,1.0,1.0,1.0,1.0,1.0,1.0,1.0,1.0,1.0,1.0
125,1,1,3,4,-1,-1,0.3,0.42,0.48,0.66,0.7,1.0,0.96,0.98,0.94,0.96,1.0,1.0,1.0,1.0,1.0,1.0,1.0,1.0,1.0,1.0,1.0,1.0,1.0,1.0,1.0,0.029046291785639885,0.1923455748724601,0.22566608498745072,0.16902067221171993,0.4092591523782354,1.0,0.9997417603055133,1.0,0.9980581768533225,0.9949053558095694,1.0,1.0,1.0,1.0,1.0,1.0,1.0,1.0,1.0,1.0,1.0,1.0,1.0,1.0,1.0
126,1,1,3,4,0,-1,1.0,1.0,1.0,1.0,1.0,1.0,1.0,1.0,1.0,1.0,1.0,1.0,1.0,1.0,1.0,1.0,1.0,1.0,1.0,1.0,1.0,1.0,1.0,1.0,1.0,1.0,1.0,1.0,1.0,1.0,1.0,1.0,1.0,1.0,1.0,1.0,1.0,1.0,1.0,1.0,1.0,1.0,1.0,1.0,1.0,1.0,1.0,1.0,1.0,1.0
127,1,1,3,4,0,2,1.0,1.0,1.0,1.0,1.0,1.0,1.0,1.0,1.0,1.0,1.0,1.0,1.0,1.0,1.0,1.0,1.0,1.0,1.0,1.0,1.0,1.0,1.0,1.0,1.0,1.0,1.0,1.0,1.0,1.0,1.0,1.0,1.0,1.0,1.0,1.0,1.0,1.0,1.0,1.0,1.0,1.0,1.0,1.0,1.0,1.0,1.0,1.0,1.0,1.0
128,1,1,3,4,2,-1,0.96,0.94,0.96,1.0,0.96,1.0,1.0,1.0,1.0,1.0,1.0,1.0,1.0,1.0,1.0,1.0,1.0,1.0,1.0,1.0,1.0,1.0,1.0,1.0,1.0,0.9508099708765367,0.9857469858504792,0.9399056365288584,0.9969382849557235,0.9771069750232653,1.0,1.0,1.0,1.0,1.0,1.0,1.0,1.0,1.0,1.0,1.0,1.0,1.0,1.0,1.0,1.0,1.0,1.0,1.0,1.0
129,1,1,3,4,2,0,1.0,1.0,1.0,1.0,1.0,1.0,1.0,1.0,1.0,1.0,1.0,1.0,1.0,1.0,1.0,1.0,1.0,1.0,1.0,1.0,1.0,1.0,1.0,1.0,1.0,1.0,1.0,1.0,1.0,1.0,1.0,1.0,1.0,1.0,1.0,1.0,1.0,1.0,1.0,1.0,1.0,1.0,1.0,1.0,1.0,1.0,1.0,1.0,1.0,1.0
130,1,1,4,-1,-1,-1,0.7,0.7,0.76,0.74,0.84,1.0,1.0,1.0,1.0,1.0,1.0,1.0,1.0,1.0,1.0,1.0,1.0,1.0,1.0,1.0,1.0,1.0,1.0,1.0,1.0,0.40187621808536395,0.7388553732463141,0.6985993629535165,0.7143252585751615,0.8523165695289809,1.0,1.0,1.0,1.0,0.9994108667293057,1.0,1.0,1.0,1.0,1.0,1.0,1.0,1.0,1.0,1.0,1.0,1.0,1.0,1.0,1.0
131,1,1,4,0,-1,-1,0.44,0.5,0.54,0.64,0.72,1.0,0.98,1.0,0.98,0.96,1.0,1.0,1.0,1.0,1.0,1.0,1.0,1.0,1.0,1.0,1.0,1.0,1.0,1.0,1.0,0.17337296535387967,0.25636853891455447,0.2567757035486027,0.7739560641681505,0.390508723216753,1.0,0.9999769778392187,0.9996236311801714,0.9967312185685361,0.9975333462047095,1.0,1.0,1.0,1.0,1.0,1.0,1.0,1.0,1.0,1.0,1.0,1.0,1.0,1.0,1.0
132,1,1,4,0,2,-1,0.88,0.92,0.92,0.96,1.0,1.0,1.0,1.0,0.98,0.98,1.0,1.0,1.0,1.0,1.0,1.0,1.0,1.0,1.0,1.0,1.0,1.0,1.0,1.0,1.0,0.9279643733461712,0.909002067507423,0.8926582859631174,0.997618754933235,0.9822978954487069,1.0,1.0,1.0,0.9998027513308664,0.9965930310707115,1.0,1.0,1.0,1.0,1.0,1.0,1.0,1.0,1.0,1.0,1.0,1.0,1.0,1.0,1.0
133,1,1,4,0,2,3,1.0,1.0,1.0,1.0,1.0,1.0,1.0,1.0,1.0,1.0,1.0,1.0,1.0,1.0,1.0,1.0,1.0,1.0,1.0,1.0,1.0,1.0,1.0,1.0,1.0,1.0,1.0,1.0,1.0,1.0,1.0,1.0,1.0,1.0,1.0,1.0,1.0,1.0,1.0,1.0,1.0,1.0,1.0,1.0,1.0,1.0,1.0,1.0,1.0,1.0
134,1,1,4,0,3,-1,1.0,1.0,1.0,1.0,1.0,1.0,1.0,1.0,1.0,1.0,1.0,1.0,1.0,1.0,1.0,1.0,1.0,1.0,1.0,1.0,1.0,1.0,1.0,1.0,1.0,1.0,1.0,1.0,1.0,1.0,1.0,1.0,1.0,1.0,1.0,1.0,1.0,1.0,1.0,1.0,1.0,1.0,1.0,1.0,1.0,1.0,1.0,1.0,1.0,1.0
135,1,1,4,0,3,2,1.0,1.0,1.0,1.0,1.0,1.0,1.0,1.0,1.0,1.0,1.0,1.0,1.0,1.0,1.0,1.0,1.0,1.0,1.0,1.0,1.0,1.0,1.0,1.0,1.0,1.0,1.0,1.0,1.0,1.0,1.0,1.0,1.0,1.0,1.0,1.0,1.0,1.0,1.0,1.0,1.0,1.0,1.0,1.0,1.0,1.0,1.0,1.0,1.0,1.0
136,1,1,4,2,-1,-1,0.0,0.0,0.02,0.04,0.1,0.4,0.36,0.42,0.5,0.52,1.0,0.98,0.98,0.96,0.92,1.0,1.0,1.0,1.0,1.0,1.0,1.0,1.0,1.0,1.0,0.0,0.0,0.0,0.000303922746179198,0.0024235152982475575,0.38948832374891645,0.5188389711365176,0.6680763661469117,0.2711363565325379,0.3242537412365154,1.0,1.0,1.0,0.999915164651279,0.999219440020239,1.0,1.0,1.0,1.0,1.0,1.0,1.0,1.0,1.0,1.0
137,1,1,4,2,0,-1,0.66,0.68,0.88,0.82,0.86,1.0,1.0,0.96,0.98,0.98,1.0,1.0,1.0,1.0,1.0,1.0,1.0,1.0,1.0,1.0,1.0,1.0,1.0,1.0,1.0,0.559833750074948,0.6748002429167953,0.5282370396409709,0.4356644929641506,0.7203256600463981,1.0,1.0,0.9997150541841018,0.999599609650684,1.0,1.0,1.0,1.0,1.0,1.0,1.0,1.0,1.0,1.0,1.0,1.0,1.0,1.0,1.0,1.0
138,1,1,4,2,0,3,1.0,1.0,1.0,1.0,1.0,1.0,1.0,1.0,1.0,1.0,1.0,1.0,1.0,1.0,1.0,1.0,1.0,1.0,1.0,1.0,1.0,1.0,1.0,1.0,1.0,1.0,1.0,1.0,1.0,1.0,1.0,1.0,1.0,1.0,1.0,1.0,1.0,1.0,1.0,1.0,1.0,1.0,1.0,1.0,1.0,1.0,1.0,1.0,1.0,1.0
139,1,1,4,2,3,-1,1.0,1.0,1.0,1.0,1.0,1.0,1.0,1.0,1.0,1.0,1.0,1.0,1.0,1.0,1.0,1.0,1.0,1.0,1.0,1.0,1.0,1.0,1.0,1.0,1.0,1.0,1.0,1.0,1.0,1.0,1.0,1.0,1.0,1.0,1.0,1.0,1.0,1.0,1.0,1.0,1.0,1.0,1.0,1.0,1.0,1.0,1.0,1.0,1.0,1.0
140,1,1,4,2,3,0,1.0,1.0,1.0,1.0,1.0,1.0,1.0,1.0,1.0,1.0,1.0,1.0,1.0,1.0,1.0,1.0,1.0,1.0,1.0,1.0,1.0,1.0,1.0,1.0,1.0,1.0,1.0,1.0,1.0,1.0,1.0,1.0,1.0,1.0,1.0,1.0,1.0,1.0,1.0,1.0,1.0,1.0,1.0,1.0,1.0,1.0,1.0,1.0,1.0,1.0
141,1,1,4,3,-1,-1,0.04,0.08,0.3,0.3,0.42,0.92,0.88,0.8,0.74,0.76,1.0,1.0,1.0,1.0,0.98,1.0,1.0,1.0,1.0,1.0,1.0,1.0,1.0,1.0,1.0,0.0003614633839263353,0.02482640382921268,0.06127866010533783,0.06043817584613805,0.05351461396293422,0.9963268914363882,0.954155763755941,0.9288607209076013,0.9703208581837445,0.8227917828495129,1.0,1.0,1.0,1.0,1.0,1.0,1.0,1.0,1.0,1.0,1.0,1.0,1.0,1.0,1.0
142,1,1,4,3,0,-1,1.0,1.0,1.0,1.0,1.0,1.0,1.0,1.0,1.0,1.0,1.0,1.0,1.0,1.0,1.0,1.0,1.0,1.0,1.0,1.0,1.0,1.0,1.0,1.0,1.0,1.0,1.0,1.0,1.0,1.0,1.0,1.0,1.0,1.0,1.0,1.0,1.0,1.0,1.0,1.0,1.0,1.0,1.0,1.0,1.0,1.0,1.0,1.0,1.0,1.0
143,1,1,4,3,0,2,1.0,1.0,1.0,1.0,1.0,1.0,1.0,1.0,1.0,1.0,1.0,1.0,1.0,1.0,1.0,1.0,1.0,1.0,1.0,1.0,1.0,1.0,1.0,1.0,1.0,1.0,1.0,1.0,1.0,1.0,1.0,1.0,1.0,1.0,1.0,1.0,1.0,1.0,1.0,1.0,1.0,1.0,1.0,1.0,1.0,1.0,1.0,1.0,1.0,1.0
144,1,1,4,3,2,-1,1.0,1.0,1.0,1.0,1.0,1.0,1.0,1.0,1.0,1.0,1.0,1.0,1.0,1.0,1.0,1.0,1.0,1.0,1.0,1.0,1.0,1.0,1.0,1.0,1.0,1.0,1.0,0.9996829143228899,1.0,1.0,1.0,1.0,1.0,1.0,1.0,1.0,1.0,1.0,1.0,1.0,1.0,1.0,1.0,1.0,1.0,1.0,1.0,1.0,1.0,1.0
145,1,1,4,3,2,0,1.0,1.0,1.0,1.0,1.0,1.0,1.0,1.0,1.0,1.0,1.0,1.0,1.0,1.0,1.0,1.0,1.0,1.0,1.0,1.0,1.0,1.0,1.0,1.0,1.0,1.0,1.0,1.0,1.0,1.0,1.0,1.0,1.0,1.0,1.0,1.0,1.0,1.0,1.0,1.0,1.0,1.0,1.0,1.0,1.0,1.0,1.0,1.0,1.0,1.0
146,1,2,-1,-1,-1,-1,0.0,0.0,0.0,0.0,0.0,0.04,0.1,0.12,0.24,0.26,0.92,0.82,0.7,0.66,0.66,1.0,1.0,1.0,1.0,0.98,1.0,1.0,1.0,1.0,1.0,0.0,0.0,0.0,0.0,0.0,0.00023292944298907074,0.0015183391805688319,0.01667278162193009,0.09477143102873735,0.12178249471257568,0.9494199716587449,0.9439111856245636,0.7752398827528673,0.8752125672422834,0.9688375173448117,1.0,1.0,1.0,1.0,1.0,1.0,1.0,1.0,1.0,1.0
147,1,2,0,-1,-1,-1,0.0,0.0,0.0,0.0,0.0,0.04,0.04,0.06,0.1,0.22,0.88,0.8,0.72,0.78,0.66,1.0,1.0,1.0,1.0,1.0,1.0,1.0,1.0,1.0,1.0,0.0,0.0,0.0,0.0,0.0,0.0,2.9761084001484088e-05,0.004432827623937519,0.00425059949557596,0.038700842183538614,0.9831960899265473,0.9645450193818959,0.978559692748269,0.8692056017786477,0.6459325020254215,1.0,1.0,1.0,1.0,0.9999791167965421,1.0,1.0,1.0,1.0,1.0
148,1,2,0,1,-1,-1,0.62,0.68,0.68,0.8,0.8,1.0,1.0,1.0,0.94,0.96,1.0,1.0,1.0,1.0,1.0,1.0,1.0,1.0,1.0,1.0,1.0,1.0,1.0,1.0,1.0,0.630092507455309,0.5890218033837377,0.5751549807681896,0.4764241978160019,0.598243963107906,1.0,1.0,1.0,0.9998768352032535,0.9918949546511948,1.0,1.0,1.0,1.0,1.0,1.0,1.0,1.0,1.0,1.0,1.0,1.0,1.0,1.0,1.0
149,1,2,0,1,3,-1,0.66,0.74,0.78,0.82,0.84,1.0,1.0,1.0,0.98,0.98,1.0,1.0,1.0,1.0,1.0,1.0,1.0,1.0,1.0,1.0,1.0,1.0,1.0,1.0,1.0,0.596669979469473,0.7105999952358306,0.7363506422660194,0.8589777624405276,0.7262432500516014,1.0,1.0,1.0,1.0,0.9979529820475366,1.0,1.0,1.0,1.0,1.0,1.0,1.0,1.0,1.0,1.0,1.0,1.0,1.0,1.0,1.0
150,1,2,0,1,3,4,1.0,0.96,1.0,0.98,0.98,1.0,1.0,1.0,1.0,1.0,1.0,1.0,1.0,1.0,1.0,1.0,1.0,1.0,1.0,1.0,1.0,1.0,1.0,1.0,1.0,0.9958458071030402,0.9978815966315442,0.9992881673421623,0.9783617049859259,1.0,1.0,1.0,1.0,1.0,1.0,1.0,1.0,1.0,1.0,1.0,1.0,1.0,1.0,1.0,1.0,1.0,1.0,1.0,1.0,1.0
151,1,2,0,1,4,-1,0.52,0.66,0.66,0.74,0.8,1.0,0.98,0.98,0.96,0.96,1.0,1.0,1.0,1.0,1.0,1.0,1.0,1.0,1.0,1.0,1.0,1.0,1.0,1.0,1.0,0.4074806635812485,0.76383481559437,0.5111455244704142,0.5622432890715744,0.6832890687323472,1.0,1.0,0.9998852400011476,0.9995777322435528,0.9995011652596236,1.0,1.0,1.0,1.0,1.0,1.0,1.0,1.0,1.0,1.0,1.0,1.0,1.0,1.0,1.0
152,1,2,0,1,4,3,1.0,1.0,1.0,1.0,1.0,1.0,1.0,1.0,1.0,1.0,1.0,1.0,1.0,1.0,1.0,1.0,1.0,1.0,1.0,1.0,1.0,1.0,1.0,1.0,1.0,1.0,1.0,1.0,1.0,1.0,1.0,1.0,1.0,1.0,1.0,1.0,1.0,1.0,1.0,1.0,1.0,1.0,1.0,1.0,1.0,1.0,1.0,1.0,1.0,1.0
153,1,2,0,3,-1,-1,0.0,0.0,0.0,0.0,0.0,0.0,0.0,0.12,0.1,0.2,0.68,0.68,0.62,0.58,0.56,1.0,1.0,0.98,0.94,0.92,1.0,1.0,1.0,1.0,1.0,0.0,0.0,0.0,0.0,0.0,0.0,0.0,0.011007233560161594,0.009536696351897148,0.013596619483312495,0.8486179991171383,0.47557994675277127,0.7851716612453087,0.9034025544659937,0.44446194626729124,1.0,1.0,1.0,0.99945055941735,0.9999080356063277,1.0,1.0,1.0,1.0,1.0
154,1,2,0,3,1,-1,1.0,1.0,1.0,1.0,1.0,1.0,1.0,1.0,1.0,1.0,1.0,1.0,1.0,1.0,1.0,1.0,1.0,1.0,1.0,1.0,1.0,1.0,1.0,1.0,1.0,1.0,1.0,1.0,1.0,1.0,1.0,1.0,1.0,1.0,1.0,1.0,1.0,1.0,1.0,1.0,1.0,1.0,1.0,1.0,1.0,1.0,1.0,1.0,1.0,1.0
155,1,2,0,3,1,4,1.0,1.0,1.0,1.0,1.0,1.0,1.0,1.0,1.0,1.0,1.0,1.0,1.0,1.0,1.0,1.0,1.0,1.0,1.0,1.0,1.0,1.0,1.0,1.0,1.0,1.0,1.0,1.0,1.0,1.0,1.0,1.0,1.0,1.0,1.0,1.0,1.0,1.0,1.0,1.0,1.0,1.0,1.0,1.0,1.0,1.0,1.0,1.0,1.0,1.0
156,1,2,0,3,4,-1,0.02,0.1,0.16,0.28,0.34,0.82,0.74,0.7,0.7,0.78,1.0,1.0,1.0,0.98,1.0,1.0,1.0,1.0,1.0,1.0,1.0,1.0,1.0,1.0,1.0,0.0,0.006651434108723915,0.005127896415624535,0.01674626124573973,0.02249274450521511,0.9707283659613782,0.8855289794591753,0.9462924868864576,0.924234693697644,0.9366086038018304,1.0,1.0,1.0,1.0,0.9999959289845741,1.0,1.0,1.0,1.0,1.0,1.0,1.0,1.0,1.0,1.0
157,1,2,0,3,4,1,1.0,1.0,1.0,1.0,1.0,1.0,1.0,1.0,1.0,1.0,1.0,1.0,1.0,1.0,1.0,1.0,1.0,1.0,1.0,1.0,1.0,1.0,1.0,1.0,1.0,1.0,1.0,1.0,1.0,1.0,1.0,1.0,1.0,1.0,1.0,1.0,1.0,1.0,1.0,1.0,1.0,1.0,1.0,1.0,1.0,1.0,1.0,1.0,1.0,1.0
158,1,2,0,4,-1,-1,1.0,1.0,1.0,1.0,1.0,1.0,1.0,1.0,1.0,1.0,1.0,1.0,1.0,1.0,1.0,1.0,1.0,1.0,1.0,1.0,1.0,1.0,1.0,1.0,1.0,1.0,1.0,1.0,1.0,1.0,1.0,1.0,1.0,1.0,1.0,1.0,1.0,1.0,1.0,1.0,1.0,1.0,1.0,1.0,1.0,1.0,1.0,1.0,1.0,1.0
159,1,2,0,4,1,-1,0.82,0.76,0.76,0.84,0.88,1.0,1.0,1.0,1.0,1.0,1.0,1.0,1.0,1.0,1.0,1.0,1.0,1.0,1.0,1.0,1.0,1.0,1.0,1.0,1.0,0.9953811042855767,0.8999836785800236,0.9039608434582189,0.966277343015573,0.7985895093458139,1.0,1.0,1.0,1.0,0.9997373132250874,1.0,1.0,1.0,1.0,1.0,1.0,1.0,1.0,1.0,1.0,1.0,1.0,1.0,1.0,1.0
160,1,2,0,4,1,3,1.0,1.0,1.0,1.0,1.0,1.0,1.0,1.0,1.0,1.0,1.0,1.0,1.0,1.0,1.0,1.0,1.0,1.0,1.0,1.0,1.0,1.0,1.0,1.0,1.0,1.0,1.0,1.0,1.0,1.0,1.0,1.0,1.0,1.0,1.0,1.0,1.0,1.0,1.0,1.0,1.0,1.0,1.0,1.0,1.0,1.0,1.0,1.0,1.0,1.0
161,1,2,0,4,3,-1,0.46,0.56,0.68,0.78,0.86,1.0,1.0,0.96,0.96,0.96,1.0,1.0,1.0,1.0,1.0,1.0,1.0,1.0,1.0,1.0,1.0,1.0,1.0,1.0,1.0,0.2697702516421942,0.305761759747574,0.14156310294759106,0.3900196945901579,0.4669346092290844,1.0,0.9999833845860271,0.9980537535250059,0.9888237781316419,0.9985694577178644,1.0,1.0,1.0,1.0,1.0,1.0,1.0,1.0,1.0,1.0,1.0,1.0,1.0,1.0,1.0
162,1,2,0,4,3,1,1.0,1.0,1.0,1.0,1.0,1.0,1.0,1.0,1.0,1.0,1.0,1.0,1.0,1.0,1.0,1.0,1.0,1.0,1.0,1.0,1.0,1.0,1.0,1.0,1.0,1.0,1.0,1.0,1.0,1.0,1.0,1.0,1.0,1.0,1.0,1.0,1.0,1.0,1.0,1.0,1.0,1.0,1.0,1.0,1.0,1.0,1.0,1.0,1.0,1.0
163,1,2,1,-1,-1,-1,0.02,0.02,0.12,0.2,0.28,0.7,0.78,0.68,0.6,0.68,1.0,1.0,0.98,0.98,0.98,1.0,1.0,1.0,1.0,1.0,1.0,1.0,1.0,1.0,1.0,0.0,0.002618444000059647,0.0038179493165759744,0.031432208374197794,0.06712354066410774,0.9756713574537197,0.9174874331925542,0.9109250181659546,0.7664783433195345,0.8272649137902698,1.0,1.0,1.0,0.9999940690630301,1.0,1.0,1.0,1.0,1.0,1.0,1.0,1.0,1.0,1.0,1.0
164,1,2,1,0,-1,-1,0.94,0.96,0.96,0.98,0.98,1.0,1.0,1.0,1.0,1.0,1.0,1.0,1.0,1.0,1.0,1.0,1.0,1.0,1.0,1.0,1.0,1.0,1.0,1.0,1.0,0.9828620777928123,0.9754675669502106,0.9700760466197497,0.9854301235470239,0.99033896942561,1.0,1.0,1.0,1.0,1.0,1.0,1.0,1.0,1.0,1.0,1.0,1.0,1.0,1.0,1.0,1.0,1.0,1.0,1.0,1.0
165,1,2,1,0,3,-1,1.0,1.0,1.0,1.0,1.0,1.0,1.0,1.0,1.0,1.0,1.0,1.0,1.0,1.0,1.0,1.0,1.0,1.0,1.0,1.0,1.0,1.0,1.0,1.0,1.0,1.0,1.0,1.0,1.0,1.0,1.0,1.0,1.0,1.0,1.0,1.0,1.0,1.0,1.0,1.0,1.0,1.0,1.0,1.0,1.0,1.0,1.0,1.0,1.0,1.0
166,1,2,1,0,3,4,1.0,1.0,1.0,1.0,1.0,1.0,1.0,1.0,1.0,1.0,1.0,1.0,1.0,1.0,1.0,1.0,1.0,1.0,1.0,1.0,1.0,1.0,1.0,1.0,1.0,1.0,1.0,1.0,1.0,1.0,1.0,1.0,1.0,1.0,1.0,1.0,1.0,1.0,1.0,1.0,1.0,1.0,1.0,1.0,1.0,1.0,1.0,1.0,1.0,1.0
167,1,2,1,0,4,-1,0.94,0.94,0.96,0.96,0.94,1.0,1.0,0.98,0.98,0.92,1.0,1.0,1.0,1.0,0.98,1.0,1.0,1.0,1.0,1.0,1.0,1.0,1.0,1.0,1.0,0.9578072095630016,0.9869087903869319,0.977352268737283,0.9952478085086784,0.9716959796275302,1.0,0.9993403406587797,0.999084048884727,0.999984087330201,0.9893192751324278,1.0,1.0,1.0,1.0,1.0,1.0,1.0,1.0,1.0,1.0,1.0,1.0,1.0,1.0,1.0
168,1,2,1,0,4,3,0.84,0.86,0.92,0.94,0.96,1.0,1.0,1.0,1.0,1.0,1.0,1.0,1.0,1.0,1.0,1.0,1.0,1.0,1.0,1.0,1.0,1.0,1.0,1.0,1.0,0.7752477560488281,0.9576889209255425,0.8430812415573917,0.9180896233985554,0.9938470186869056,1.0,1.0,1.0,1.0,1.0,1.0,1.0,1.0,1.0,1.0,1.0,1.0,1.0,1.0,1.0,1.0,1.0,1.0,1.0,1.0
169,1,2,1,3,-1,-1,0.76,0.8,0.82,0.86,0.86,1.0,1.0,0.96,0.96,0.94,1.0,1.0,1.0,1.0,1.0,1.0,1.0,1.0,1.0,1.0,1.0,1.0,1.0,1.0,1.0,0.8136516853110067,0.596603406834916,0.7474578135345687,0.7063448790296715,0.6131993449369819,1.0,1.0,1.0,0.9999493201960742,0.9850303807909225,1.0,1.0,1.0,1.0,1.0,1.0,1.0,1.0,1.0,1.0,1.0,1.0,1.0,1.0,1.0
170,1,2,1,3,0,-1,1.0,1.0,1.0,1.0,1.0,1.0,1.0,1.0,1.0,1.0,1.0,1.0,1.0,1.0,1.0,1.0,1.0,1.0,1.0,1.0,1.0,1.0,1.0,1.0,1.0,1.0,1.0,1.0,1.0,1.0,1.0,1.0,1.0,1.0,1.0,1.0,1.0,1.0,1.0,1.0,1.0,1.0,1.0,1.0,1.0,1.0,1.0,1.0,1.0,1.0
171,1,2,1,3,0,4,1.0,1.0,1.0,1.0,1.0,1.0,1.0,1.0,1.0,1.0,1.0,1.0,1.0,1.0,1.0,1.0,1.0,1.0,1.0,1.0,1.0,1.0,1.0,1.0,1.0,1.0,1.0,1.0,1.0,1.0,1.0,1.0,1.0,1.0,1.0,1.0,1.0,1.0,1.0,1.0,1.0,1.0,1.0,1.0,1.0,1.0,1.0,1.0,1.0,1.0
172,1,2,1,3,4,-1,1.0,1.0,1.0,1.0,1.0,1.0,1.0,1.0,1.0,1.0,1.0,1.0,1.0,1.0,1.0,1.0,1.0,1.0,1.0,1.0,1.0,1.0,1.0,1.0,1.0,1.0,1.0,1.0,1.0,1.0,1.0,1.0,1.0,1.0,1.0,1.0,1.0,1.0,1.0,1.0,1.0,1.0,1.0,1.0,1.0,1.0,1.0,1.0,1.0,1.0
173,1,2,1,3,4,0,1.0,1.0,1.0,1.0,1.0,1.0,1.0,1.0,1.0,1.0,1.0,1.0,1.0,1.0,1.0,1.0,1.0,1.0,1.0,1.0,1.0,1.0,1.0,1.0,1.0,1.0,1.0,1.0,1.0,1.0,1.0,1.0,1.0,1.0,1.0,1.0,1.0,1.0,1.0,1.0,1.0,1.0,1.0,1.0,1.0,1.0,1.0,1.0,1.0,1.0
174,1,2,1,4,-1,-1,0.0,0.0,0.0,0.12,0.14,0.48,0.42,0.4,0.48,0.56,1.0,1.0,0.94,0.96,0.9,1.0,1.0,1.0,1.0,1.0,1.0,1.0,1.0,1.0,1.0,0.0,0.0,0.0,0.001121062108163616,0.0002089116000794018,0.2754604100807162,0.757551116888758,0.5572594761948281,0.2499628550449037,0.23165831083403313,1.0,1.0,0.9996302235726305,0.9999097465626817,0.9949969418255998,1.0,1.0,1.0,1.0,1.0,1.0,1.0,1.0,1.0,1.0
175,1,2,1,4,0,-1,0.88,0.8,0.78,0.82,0.84,1.0,1.0,1.0,1.0,1.0,1.0,1.0,1.0,1.0,1.0,1.0,1.0,1.0,1.0,1.0,1.0,1.0,1.0,1.0,1.0,0.9973085198668176,0.9015701084440965,0.8936370293263918,0.9179665330558996,0.8438079363464026,1.0,1.0,1.0,1.0,1.0,1.0,1.0,1.0,1.0,1.0,1.0,1.0,1.0,1.0,1.0,1.0,1.0,1.0,1.0,1.0
176,1,2,1,4,0,3,1.0,1.0,1.0,1.0,0.98,1.0,1.0,1.0,1.0,1.0,1.0,1.0,1.0,1.0,1.0,1.0,1.0,1.0,1.0,1.0,1.0,1.0,1.0,1.0,1.0,1.0,1.0,0.9999728070964703,1.0,1.0,1.0,1.0,1.0,1.0,1.0,1.0,1.0,1.0,1.0,1.0,1.0,1.0,1.0,1.0,1.0,1.0,1.0,1.0,1.0,1.0
177,1,2,1,4,3,-1,1.0,1.0,1.0,1.0,1.0,1.0,1.0,1.0,1.0,1.0,1.0,1.0,1.0,1.0,1.0,1.0,1.0,1.0,1.0,1.0,1.0,1.0,1.0,1.0,1.0,1.0,1.0,1.0,1.0,1.0,1.0,1.0,1.0,1.0,1.0,1.0,1.0,1.0,1.0,1.0,1.0,1.0,1.0,1.0,1.0,1.0,1.0,1.0,1.0,1.0
178,1,2,1,4,3,0,1.0,1.0,1.0,1.0,1.0,1.0,1.0,1.0,1.0,1.0,1.0,1.0,1.0,1.0,1.0,1.0,1.0,1.0,1.0,1.0,1.0,1.0,1.0,1.0,1.0,1.0,1.0,1.0,1.0,1.0,1.0,1.0,1.0,1.0,1.0,1.0,1.0,1.0,1.0,1.0,1.0,1.0,1.0,1.0,1.0,1.0,1.0,1.0,1.0,1.0
179,1,2,3,-1,-1,-1,0.0,0.0,0.0,0.0,0.0,0.0,0.0,0.02,0.06,0.06,0.36,0.46,0.44,0.48,0.54,1.0,0.92,0.94,0.98,0.88,1.0,1.0,1.0,1.0,1.0,0.0,0.0,0.0,0.0,0.0,0.0,0.0,0.001471983715009272,0.0009252824171818364,0.003106095782385565,0.09188454971893294,0.13339699895741577,0.5546361457070028,0.4631704549692505,0.11631243748318434,1.0,0.9995694275595357,0.9997488545163972,0.9847115602305239,0.995941304729235,1.0,1.0,1.0,1.0,1.0
180,1,2,3,0,-1,-1,0.0,0.0,0.0,0.0,0.0,0.0,0.0,0.06,0.06,0.08,0.52,0.5,0.52,0.54,0.5,1.0,1.0,0.98,0.9,0.92,1.0,1.0,1.0,1.0,1.0,0.0,0.0,0.0,0.0,0.0,0.0,1.3173930351954716e-06,0.005977464756788848,0.0021590711669635374,0.016571289290246732,0.4291381447414226,0.49262568820098557,0.5889168199368613,0.33322790972973015,0.15785253690848755,1.0,1.0,1.0,0.999157096482397,0.9761408473026851,1.0,1.0,1.0,1.0,1.0
181,1,2,3,0,1,-1,1.0,1.0,1.0,1.0,1.0,1.0,1.0,1.0,1.0,1.0,1.0,1.0,1.0,1.0,1.0,1.0,1.0,1.0,1.0,1.0,1.0,1.0,1.0,1.0,1.0,1.0,1.0,1.0,1.0,1.0,1.0,1.0,1.0,1.0,1.0,1.0,1.0,1.0,1.0,1.0,1.0,1.0,1.0,1.0,1.0,1.0,1.0,1.0,1.0,1.0
182,1,2,3,0,1,4,1.0,1.0,1.0,1.0,1.0,1.0,1.0,1.0,1.0,1.0,1.0,1.0,1.0,1.0,1.0,1.0,1.0,1.0,1.0,1.0,1.0,1.0,1.0,1.0,1.0,1.0,1.0,1.0,1.0,1.0,1.0,1.0,1.0,1.0,1.0,1.0,1.0,1.0,1.0,1.0,1.0,1.0,1.0,1.0,1.0,1.0,1.0,1.0,1.0,1.0
183,1,2,3,0,4,-1,1.0,0.94,0.88,0.92,0.86,1.0,1.0,1.0,1.0,1.0,1.0,1.0,1.0,1.0,1.0,1.0,1.0,1.0,1.0,1.0,1.0,1.0,1.0,1.0,1.0,1.0,0.9664566589356554,0.9928345070523084,0.9750569453489795,0.9486501796730474,1.0,1.0,1.0,1.0,0.99967350134462,1.0,1.0,1.0,1.0,1.0,1.0,1.0,1.0,1.0,1.0,1.0,1.0,1.0,1.0,1.0
184,1,2,3,0,4,1,1.0,1.0,1.0,1.0,1.0,1.0,1.0,1.0,1.0,1.0,1.0,1.0,1.0,1.0,1.0,1.0,1.0,1.0,1.0,1.0,1.0,1.0,1.0,1.0,1.0,1.0,1.0,1.0,1.0,1.0,1.0,1.0,1.0,1.0,1.0,1.0,1.0,1.0,1.0,1.0,1.0,1.0,1.0,1.0,1.0,1.0,1.0,1.0,1.0,1.0
185,1,2,3,1,-1,-1,0.4,0.48,0.58,0.7,0.76,1.0,1.0,0.94,0.9,0.9,1.0,1.0,1.0,1.0,1.0,1.0,1.0,1.0,1.0,1.0,1.0,1.0,1.0,1.0,1.0,0.05895148927625802,0.13247103533194157,0.32226237046273515,0.49476476520181834,0.42923231765319486,1.0,0.9973076767334563,0.9969547335506872,0.98883721266916,0.9798697972755122,1.0,1.0,1.0,1.0,1.0,1.0,1.0,1.0,1.0,1.0,1.0,1.0,1.0,1.0,1.0
186,1,2,3,1,0,-1,1.0,1.0,1.0,1.0,1.0,1.0,1.0,1.0,1.0,1.0,1.0,1.0,1.0,1.0,1.0,1.0,1.0,1.0,1.0,1.0,1.0,1.0,1.0,1.0,1.0,1.0,1.0,1.0,1.0,1.0,1.0,1.0,1.0,1.0,1.0,1.0,1.0,1.0,1.0,1.0,1.0,1.0,1.0,1.0,1.0,1.0,1.0,1.0,1.0,1.0
187,1,2,3,1,0,4,1.0,1.0,1.0,1.0,1.0,1.0,1.0,1.0,1.0,1.0,1.0,1.0,1.0,1.0,1.0,1.0,1.0,1.0,1.0,1.0,1.0,1.0,1.0,1.0,1.0,1.0,1.0,1.0,1.0,1.0,1.0,1.0,1.0,1.0,1.0,1.0,1.0,1.0,1.0,1.0,1.0,1.0,1.0,1.0,1.0,1.0,1.0,1.0,1.0,1.0
188,1,2,3,1,4,-1,0.94,0.96,0.96,0.98,0.94,1.0,1.0,1.0,1.0,1.0,1.0,1.0,1.0,1.0,1.0,1.0,1.0,1.0,1.0,1.0,1.0,1.0,1.0,1.0,1.0,0.9968785145902099,0.9567097362922748,0.9905597953366834,0.9808367484073931,0.8960597643764191,1.0,1.0,1.0,1.0,0.9999581148850861,1.0,1.0,1.0,1.0,1.0,1.0,1.0,1.0,1.0,1.0,1.0,1.0,1.0,1.0,1.0
189,1,2,3,1,4,0,1.0,1.0,1.0,0.98,0.98,0.98,1.0,0.96,0.96,0.96,1.0,1.0,1.0,1.0,1.0,1.0,1.0,1.0,1.0,1.0,1.0,1.0,1.0,1.0,1.0,1.0,1.0,0.9991322475355003,1.0,0.999592152479212,1.0,0.9961958879948888,0.9922922998211093,0.9871049498496919,1.0,1.0,1.0,1.0,1.0,1.0,1.0,1.0,1.0,1.0,1.0,1.0,1.0,1.0,1.0,1.0
190,1,2,3,4,-1,-1,1.0,1.0,1.0,1.0,1.0,1.0,1.0,1.0,1.0,1.0,1.0,1.0,1.0,1.0,1.0,1.0,1.0,1.0,1.0,1.0,1.0,1.0,1.0,1.0,1.0,1.0,1.0,1.0,1.0,1.0,1.0,1.0,1.0,1.0,1.0,1.0,1.0,1.0,1.0,1.0,1.0,1.0,1.0,1.0,1.0,1.0,1.0,1.0,1.0,1.0
191,1,2,3,4,0,-1,0.98,0.9,0.9,0.92,0.88,0.7,0.76,0.74,0.82,0.86,0.94,0.94,0.94,0.96,0.9,1.0,1.0,1.0,1.0,1.0,1.0,1.0,1.0,1.0,1.0,0.9942251655858995,0.9855953465660171,0.9649278470988552,0.9885990407835696,0.8964897703711544,0.6676188709196871,0.8089220251717562,0.8543424726225205,0.6079683767890319,0.8441839517343421,1.0,0.9976150054025782,1.0,0.9826190221676934,0.9915483485316332,1.0,1.0,1.0,1.0,1.0,1.0,1.0,1.0,1.0,1.0
192,1,2,3,4,0,1,1.0,1.0,1.0,1.0,1.0,1.0,1.0,1.0,1.0,1.0,1.0,1.0,1.0,1.0,1.0,1.0,1.0,1.0,1.0,1.0,1.0,1.0,1.0,1.0,1.0,1.0,1.0,1.0,1.0,1.0,1.0,1.0,1.0,1.0,1.0,1.0,1.0,1.0,1.0,1.0,1.0,1.0,1.0,1.0,1.0,1.0,1.0,1.0,1.0,1.0
193,1,2,3,4,1,-1,1.0,1.0,1.0,1.0,1.0,1.0,1.0,1.0,1.0,1.0,1.0,1.0,1.0,1.0,1.0,1.0,1.0,1.0,1.0,1.0,1.0,1.0,1.0,1.0,1.0,1.0,1.0,1.0,1.0,1.0,1.0,1.0,1.0,1.0,1.0,1.0,1.0,1.0,1.0,1.0,1.0,1.0,1.0,1.0,1.0,1.0,1.0,1.0,1.0,1.0
194,1,2,3,4,1,0,1.0,1.0,1.0,1.0,1.0,1.0,1.0,1.0,1.0,1.0,1.0,1.0,1.0,1.0,1.0,1.0,1.0,1.0,1.0,1.0,1.0,1.0,1.0,1.0,1.0,1.0,1.0,1.0,1.0,1.0,1.0,1.0,1.0,1.0,1.0,1.0,1.0,1.0,1.0,1.0,1.0,1.0,1.0,1.0,1.0,1.0,1.0,1.0,1.0,1.0
195,1,2,4,-1,-1,-1,0.14,0.32,0.4,0.54,0.62,0.98,1.0,0.88,0.92,0.86,1.0,1.0,1.0,1.0,1.0,1.0,1.0,1.0,1.0,1.0,1.0,1.0,1.0,1.0,1.0,0.025045829383530054,0.03652497540159808,0.09465307402088982,0.14117758373345432,0.1195780732748934,0.9986941676989451,0.993685404063275,0.9716802757836835,0.9978418325816601,0.965375023474638,1.0,1.0,1.0,1.0,1.0,1.0,1.0,1.0,1.0,1.0,1.0,1.0,1.0,1.0,1.0
196,1,2,4,0,-1,-1,0.0,0.02,0.06,0.14,0.18,0.52,0.48,0.54,0.48,0.56,1.0,0.98,0.98,0.94,0.9,1.0,1.0,1.0,1.0,1.0,1.0,1.0,1.0,1.0,1.0,0.0,6.57796597478053e-06,0.0001324737764680654,0.005032837528769992,0.008411112126936763,0.7963987803343803,0.7278368849901138,0.31271075200443005,0.39009869018983295,0.5320664870675188,1.0,1.0,0.9995524060791685,0.9999238697412611,0.9878213556688149,1.0,1.0,1.0,1.0,1.0,1.0,1.0,1.0,1.0,1.0
197,1,2,4,0,1,-1,0.1,0.24,0.32,0.36,0.44,0.96,0.86,0.9,0.92,0.86,1.0,1.0,1.0,1.0,1.0,1.0,1.0,1.0,1.0,1.0,1.0,1.0,1.0,1.0,1.0,0.005792074611544128,0.11276192537653588,0.12489156903313048,0.0984954813005265,0.07293787562704482,1.0,0.983885872589792,0.9895950586035428,0.919427457120492,0.9320363033342108,1.0,1.0,1.0,1.0,1.0,1.0,1.0,1.0,1.0,1.0,1.0,1.0,1.0,1.0,1.0
198,1,2,4,0,1,3,1.0,1.0,1.0,1.0,1.0,1.0,1.0,1.0,1.0,1.0,1.0,1.0,1.0,1.0,1.0,1.0,1.0,1.0,1.0,1.0,1.0,1.0,1.0,1.0,1.0,1.0,1.0,1.0,1.0,1.0,1.0,1.0,1.0,1.0,1.0,1.0,1.0,1.0,1.0,1.0,1.0,1.0,1.0,1.0,1.0,1.0,1.0,1.0,1.0,1.0
199,1,2,4,0,3,-1,0.6,0.7,0.72,0.74,0.9,1.0,1.0,0.98,0.98,0.98,1.0,1.0,1.0,1.0,1.0,1.0,1.0,1.0,1.0,1.0,1.0,1.0,1.0,1.0,1.0,0.33947007147971126,0.5099115057116558,0.4410826415524059,0.540189204313177,0.8181615209536811,1.0,1.0,0.9999808571551572,0.9994021116604004,1.0,1.0,1.0,1.0,1.0,1.0,1.0,1.0,1.0,1.0,1.0,1.0,1.0,1.0,1.0,1.0
200,1,2,4,0,3,1,1.0,1.0,1.0,1.0,1.0,1.0,1.0,1.0,1.0,1.0,1.0,1.0,1.0,1.0,1.0,1.0,1.0,1.0,1.0,1.0,1.0,1.0,1.0,1.0,1.0,1.0,1.0,1.0,1.0,1.0,1.0,1.0,1.0,1.0,1.0,1.0,1.0,1.0,1.0,1.0,1.0,1.0,1.0,1.0,1.0,1.0,1.0,1.0,1.0,1.0
201,1,2,4,1,-1,-1,0.0,0.0,0.0,0.0,0.06,0.18,0.26,0.34,0.4,0.46,1.0,0.94,0.92,0.9,0.82,1.0,1.0,1.0,1.0,1.0,1.0,1.0,1.0,1.0,1.0,0.0,0.0,0.0,2.150070534891573e-05,4.50951904511176e-05,0.27760053110017785,0.08615374772887363,0.24281461460120488,0.38694803601566896,0.310801813777761,1.0,0.9998722646974132,0.9998001420221146,0.996948187664133,0.9557673886218893,1.0,1.0,1.0,1.0,1.0,1.0,1.0,1.0,1.0,1.0
202,1,2,4,1,0,-1,0.44,0.6,0.66,0.76,0.84,1.0,1.0,0.98,0.96,0.98,1.0,1.0,1.0,1.0,1.0,1.0,1.0,1.0,1.0,1.0,1.0,1.0,1.0,1.0,1.0,0.030517277422031273,0.18281508133343674,0.45368497513631156,0.5277051689644005,0.17299160811512934,1.0,1.0,0.9998734796488591,0.9966756443152768,0.9930792519112241,1.0,1.0,1.0,1.0,1.0,1.0,1.0,1.0,1.0,1.0,1.0,1.0,1.0,1.0,1.0
203,1,2,4,1,0,3,1.0,1.0,1.0,1.0,1.0,1.0,1.0,1.0,1.0,1.0,1.0,1.0,1.0,1.0,1.0,1.0,1.0,1.0,1.0,1.0,1.0,1.0,1.0,1.0,1.0,1.0,1.0,1.0,1.0,1.0,1.0,1.0,1.0,1.0,1.0,1.0,1.0,1.0,1.0,1.0,1.0,1.0,1.0,1.0,1.0,1.0,1.0,1.0,1.0,1.0
204,1,2,4,1,3,-1,1.0,1.0,1.0,1.0,1.0,1.0,1.0,1.0,1.0,1.0,1.0,1.0,1.0,1.0,1.0,1.0,1.0,1.0,1.0,1.0,1.0,1.0,1.0,1.0,1.0,1.0,1.0,1.0,1.0,1.0,1.0,1.0,1.0,1.0,1.0,1.0,1.0,1.0,1.0,1.0,1.0,1.0,1.0,1.0,1.0,1.0,1.0,1.0,1.0,1.0
205,1,2,4,1,3,0,1.0,1.0,1.0,1.0,1.0,1.0,1.0,1.0,1.0,1.0,1.0,1.0,1.0,1.0,1.0,1.0,1.0,1.0,1.0,1.0,1.0,1.0,1.0,1.0,1.0,1.0,1.0,1.0,1.0,1.0,1.0,1.0,1.0,1.0,1.0,1.0,1.0,1.0,1.0,1.0,1.0,1.0,1.0,1.0,1.0,1.0,1.0,1.0,1.0,1.0
206,1,2,4,3,-1,-1,0.36,0.44,0.5,0.54,0.74,1.0,0.98,0.98,0.92,0.9,1.0,1.0,1.0,1.0,1.0,1.0,1.0,1.0,1.0,1.0,1.0,1.0,1.0,1.0,1.0,0.3426720187914288,0.3582916221429403,0.504362600124193,0.23304106835597813,0.4874808141482685,1.0,1.0,0.9994825835021542,0.9994438171804967,0.9664707353008576,1.0,1.0,1.0,1.0,1.0,1.0,1.0,1.0,1.0,1.0,1.0,1.0,1.0,1.0,1.0
207,1,2,4,3,0,-1,0.38,0.34,0.4,0.5,0.64,1.0,0.96,0.96,0.94,0.88,1.0,1.0,1.0,1.0,1.0,1.0,1.0,1.0,1.0,1.0,1.0,1.0,1.0,1.0,1.0,0.18818189642605437,0.14791944517396652,0.4536757687504423,0.2279607357782196,0.40524523598238454,1.0,0.9999789483282943,0.9994930320230997,0.9953728414450177,0.999867728511482,1.0,1.0,1.0,1.0,1.0,1.0,1.0,1.0,1.0,1.0,1.0,1.0,1.0,1.0,1.0
208,1,2,4,3,0,1,1.0,1.0,1.0,1.0,1.0,1.0,1.0,1.0,1.0,1.0,1.0,1.0,1.0,1.0,1.0,1.0,1.0,1.0,1.0,1.0,1.0,1.0,1.0,1.0,1.0,1.0,1.0,1.0,1.0,1.0,1.0,1.0,1.0,1.0,1.0,1.0,1.0,1.0,1.0,1.0,1.0,1.0,1.0,1.0,1.0,1.0,1.0,1.0,1.0,1.0
209,1,2,4,3,1,-1,1.0,1.0,1.0,1.0,0.98,1.0,1.0,1.0,1.0,1.0,1.0,1.0,1.0,1.0,1.0,1.0,1.0,1.0,1.0,1.0,1.0,1.0,1.0,1.0,1.0,1.0,1.0,1.0,1.0,1.0,1.0,1.0,1.0,1.0,1.0,1.0,1.0,1.0,1.0,1.0,1.0,1.0,1.0,1.0,1.0,1.0,1.0,1.0,1.0,1.0
210,1,2,4,3,1,0,1.0,1.0,0.98,0.96,1.0,1.0,1.0,1.0,1.0,1.0,1.0,1.0,1.0,1.0,1.0,1.0,1.0,1.0,1.0,1.0,1.0,1.0,1.0,1.0,1.0,1.0,1.0,0.9982893270231631,1.0,1.0,1.0,1.0,1.0,1.0,1.0,1.0,1.0,1.0,1.0,1.0,1.0,1.0,1.0,1.0,1.0,1.0,1.0,1.0,1.0,1.0
211,1,3,-1,-1,-1,-1,1.0,1.0,1.0,1.0,1.0,1.0,1.0,1.0,1.0,1.0,1.0,1.0,1.0,1.0,1.0,1.0,1.0,1.0,1.0,1.0,1.0,1.0,1.0,1.0,1.0,1.0,1.0,1.0,1.0,1.0,1.0,1.0,1.0,1.0,1.0,1.0,1.0,1.0,1.0,1.0,1.0,1.0,1.0,1.0,1.0,1.0,1.0,1.0,1.0,1.0
212,1,3,0,-1,-1,-1,0.0,0.0,0.0,0.02,0.02,0.32,0.36,0.34,0.42,0.42,1.0,1.0,0.84,0.9,0.84,1.0,1.0,1.0,1.0,1.0,1.0,1.0,1.0,1.0,1.0,0.0,0.0,0.0,0.0,0.00014661758863137504,0.08751025294439267,0.2934303568445509,0.16381433180969796,0.32939664082407244,0.1942001355930889,0.9999991345717791,1.0,0.9995985067329056,0.9984847566863865,0.9856797482114606,1.0,1.0,1.0,1.0,1.0,1.0,1.0,1.0,1.0,1.0
213,1,3,0,1,-1,-1,0.06,0.04,0.18,0.26,0.32,0.88,0.82,0.72,0.78,0.7,1.0,1.0,1.0,1.0,0.98,1.0,1.0,1.0,1.0,1.0,1.0,1.0,1.0,1.0,1.0,0.00023587468426258373,0.0005851748922697892,0.015720809361340383,0.03979098951783205,0.03275282856286179,0.9913180662388908,0.7702969227396932,0.854992912859464,0.9566784657114193,0.8593702428487527,1.0,1.0,1.0,1.0,0.9997591639314206,1.0,1.0,1.0,1.0,1.0,1.0,1.0,1.0,1.0,1.0
214,1,3,0,1,2,-1,1.0,1.0,1.0,1.0,1.0,1.0,1.0,1.0,1.0,1.0,1.0,1.0,1.0,1.0,1.0,1.0,1.0,1.0,1.0,1.0,1.0,1.0,1.0,1.0,1.0,1.0,1.0,1.0,1.0,1.0,1.0,1.0,1.0,1.0,1.0,1.0,1.0,1.0,1.0,1.0,1.0,1.0,1.0,1.0,1.0,1.0,1.0,1.0,1.0,1.0
215,1,3,0,1,2,4,1.0,1.0,1.0,1.0,1.0,1.0,1.0,1.0,1.0,1.0,1.0,1.0,1.0,1.0,1.0,1.0,1.0,1.0,1.0,1.0,1.0,1.0,1.0,1.0,1.0,1.0,1.0,1.0,1.0,1.0,1.0,1.0,1.0,1.0,1.0,1.0,1.0,1.0,1.0,1.0,1.0,1.0,1.0,1.0,1.0,1.0,1.0,1.0,1.0,1.0
216,1,3,0,1,4,-1,1.0,1.0,1.0,1.0,1.0,1.0,1.0,1.0,1.0,1.0,1.0,1.0,1.0,1.0,1.0,1.0,1.0,1.0,1.0,1.0,1.0,1.0,1.0,1.0,1.0,1.0,1.0,1.0,1.0,1.0,1.0,1.0,1.0,1.0,1.0,1.0,1.0,1.0,1.0,1.0,1.0,1.0,1.0,1.0,1.0,1.0,1.0,1.0,1.0,1.0
217,1,3,0,1,4,2,1.0,1.0,1.0,1.0,1.0,1.0,1.0,1.0,1.0,1.0,1.0,1.0,1.0,1.0,1.0,1.0,1.0,1.0,1.0,1.0,1.0,1.0,1.0,1.0,1.0,1.0,1.0,1.0,1.0,1.0,1.0,1.0,1.0,1.0,1.0,1.0,1.0,1.0,1.0,1.0,1.0,1.0,1.0,1.0,1.0,1.0,1.0,1.0,1.0,1.0
218,1,3,0,2,-1,-1,0.0,0.0,0.0,0.0,0.0,0.0,0.04,0.04,0.06,0.14,0.56,0.54,0.54,0.46,0.5,1.0,1.0,0.96,0.96,0.9,1.0,1.0,1.0,1.0,1.0,0.0,0.0,0.0,0.0,0.0,0.0,0.00017960954806435096,0.000708380322773863,0.004865402493657638,0.0025836123157363575,0.6026331193798818,0.5611958881042852,0.3687956404071164,0.6883701709590231,0.7511554201653704,1.0,0.9998389757195164,1.0,0.9938697169100583,0.9920779889557024,1.0,1.0,1.0,1.0,1.0
219,1,3,0,2,1,-1,1.0,1.0,1.0,0.98,0.98,1.0,1.0,1.0,1.0,1.0,1.0,1.0,1.0,1.0,1.0,1.0,1.0,1.0,1.0,1.0,1.0,1.0,1.0,1.0,1.0,1.0,1.0,1.0,1.0,1.0,1.0,1.0,1.0,1.0,1.0,1.0,1.0,1.0,1.0,1.0,1.0,1.0,1.0,1.0,1.0,1.0,1.0,1.0,1.0,1.0
220,1,3,0,2,1,4,1.0,1.0,1.0,1.0,1.0,1.0,1.0,1.0,1.0,1.0,1.0,1.0,1.0,1.0,1.0,1.0,1.0,1.0,1.0,1.0,1.0,1.0,1.0,1.0,1.0,1.0,1.0,1.0,1.0,1.0,1.0,1.0,1.0,1.0,1.0,1.0,1.0,1.0,1.0,1.0,1.0,1.0,1.0,1.0,1.0,1.0,1.0,1.0,1.0,1.0
221,1,3,0,2,4,-1,0.64,0.64,0.68,0.7,0.72,1.0,0.94,0.92,0.8,0.86,1.0,1.0,1.0,1.0,1.0,1.0,1.0,1.0,1.0,1.0,1.0,1.0,1.0,1.0,1.0,0.4024493679260956,0.7954837949469659,0.6288579211536287,0.6529347467672092,0.2612300601561211,1.0,0.9999513819966416,0.9815985461429103,0.9873267902284959,0.9791070079192277,1.0,1.0,1.0,1.0,1.0,1.0,1.0,1.0,1.0,1.0,1.0,1.0,1.0,1.0,1.0
222,1,3,0,2,4,1,1.0,1.0,1.0,1.0,1.0,1.0,1.0,1.0,1.0,1.0,1.0,1.0,1.0,1.0,1.0,1.0,1.0,1.0,1.0,1.0,1.0,1.0,1.0,1.0,1.0,1.0,1.0,1.0,1.0,1.0,1.0,1.0,1.0,1.0,1.0,1.0,1.0,1.0,1.0,1.0,1.0,1.0,1.0,1.0,1.0,1.0,1.0,1.0,1.0,1.0
223,1,3,0,4,-1,-1,0.0,0.0,0.0,0.0,0.0,0.04,0.06,0.12,0.12,0.2,0.76,0.6,0.6,0.5,0.54,1.0,1.0,1.0,0.98,0.88,1.0,1.0,1.0,1.0,1.0,0.0,0.0,0.0,0.0,0.0,2.9752185727137038e-05,0.0006910885842622745,0.00159197055990539,0.005180672059033053,0.009924125854304706,0.9654715589188791,0.8671987553817495,0.9583365645312579,0.6758020623139857,0.5013085792488464,1.0,1.0,0.9990521135755662,0.9998917803181211,0.9999974078775302,1.0,1.0,1.0,1.0,1.0
224,1,3,0,4,1,-1,1.0,1.0,1.0,1.0,1.0,1.0,1.0,1.0,1.0,1.0,1.0,1.0,1.0,1.0,1.0,1.0,1.0,1.0,1.0,1.0,1.0,1.0,1.0,1.0,1.0,1.0,1.0,1.0,1.0,1.0,1.0,1.0,1.0,1.0,1.0,1.0,1.0,1.0,1.0,1.0,1.0,1.0,1.0,1.0,1.0,1.0,1.0,1.0,1.0,1.0
225,1,3,0,4,1,2,1.0,1.0,1.0,1.0,1.0,1.0,1.0,1.0,1.0,1.0,1.0,1.0,1.0,1.0,1.0,1.0,1.0,1.0,1.0,1.0,1.0,1.0,1.0,1.0,1.0,1.0,1.0,1.0,1.0,1.0,1.0,1.0,1.0,1.0,1.0,1.0,1.0,1.0,1.0,1.0,1.0,1.0,1.0,1.0,1.0,1.0,1.0,1.0,1.0,1.0
226,1,3,0,4,2,-1,1.0,1.0,1.0,1.0,1.0,1.0,1.0,1.0,1.0,1.0,1.0,1.0,1.0,1.0,1.0,1.0,1.0,1.0,1.0,1.0,1.0,1.0,1.0,1.0,1.0,1.0,1.0,1.0,1.0,1.0,1.0,1.0,1.0,1.0,1.0,1.0,1.0,1.0,1.0,1.0,1.0,1.0,1.0,1.0,1.0,1.0,1.0,1.0,1.0,1.0
227,1,3,0,4,2,1,0.48,0.54,0.64,0.68,0.8,1.0,1.0,0.96,0.96,0.98,1.0,1.0,1.0,1.0,1.0,1.0,1.0,1.0,1.0,1.0,1.0,1.0,1.0,1.0,1.0,0.2599626794927686,0.6981767148793827,0.4565532204279671,0.4414470679091714,0.6676894820033523,1.0,1.0,1.0,0.9995408546895704,0.9984203406070661,1.0,1.0,1.0,1.0,1.0,1.0,1.0,1.0,1.0,1.0,1.0,1.0,1.0,1.0,1.0
228,1,3,1,-1,-1,-1,0.0,0.0,0.0,0.0,0.0,0.0,0.02,0.04,0.1,0.1,0.62,0.58,0.56,0.46,0.5,1.0,0.98,0.98,0.92,0.94,1.0,1.0,1.0,1.0,1.0,0.0,0.0,0.0,0.0,0.0,0.0,1.842047453561115e-05,0.024445914288682587,0.0007139362628939372,0.013064178089336954,0.28840762916978835,0.684937080698205,0.29702816038063035,0.4464220949335206,0.17102801901105508,1.0,1.0,0.9998678911222157,0.9993246800905826,0.999556337245595,1.0,1.0,1.0,1.0,1.0
229,1,3,1,0,-1,-1,0.44,0.5,0.56,0.7,0.68,0.98,0.98,1.0,0.9,0.96,1.0,1.0,1.0,1.0,1.0,1.0,1.0,1.0,1.0,1.0,1.0,1.0,1.0,1.0,1.0,0.11930666206597065,0.2105190024520142,0.4578905696595617,0.32526976869661706,0.3359080729484923,1.0,0.9998484710950538,0.9990929640591718,0.989041636180492,0.9975955325109309,1.0,1.0,1.0,1.0,1.0,1.0,1.0,1.0,1.0,1.0,1.0,1.0,1.0,1.0,1.0
230,1,3,1,0,2,-1,1.0,1.0,1.0,0.98,1.0,1.0,1.0,1.0,1.0,1.0,1.0,1.0,1.0,1.0,1.0,1.0,1.0,1.0,1.0,1.0,1.0,1.0,1.0,1.0,1.0,1.0,1.0,1.0,0.9993250362201089,1.0,1.0,1.0,1.0,1.0,1.0,1.0,1.0,1.0,1.0,1.0,1.0,1.0,1.0,1.0,1.0,1.0,1.0,1.0,1.0,1.0
231,1,3,1,0,2,4,1.0,1.0,1.0,1.0,1.0,1.0,1.0,1.0,1.0,1.0,1.0,1.0,1.0,1.0,1.0,1.0,1.0,1.0,1.0,1.0,1.0,1.0,1.0,1.0,1.0,1.0,1.0,1.0,1.0,1.0,1.0,1.0,1.0,1.0,1.0,1.0,1.0,1.0,1.0,1.0,1.0,1.0,1.0,1.0,1.0,1.0,1.0,1.0,1.0,1.0
232,1,3,1,0,4,-1,1.0,1.0,1.0,1.0,1.0,1.0,1.0,1.0,1.0,1.0,1.0,1.0,1.0,1.0,1.0,1.0,1.0,1.0,1.0,1.0,1.0,1.0,1.0,1.0,1.0,1.0,1.0,1.0,1.0,1.0,1.0,1.0,1.0,1.0,1.0,1.0,1.0,1.0,1.0,1.0,1.0,1.0,1.0,1.0,1.0,1.0,1.0,1.0,1.0,1.0
233,1,3,1,0,4,2,1.0,1.0,1.0,1.0,1.0,1.0,1.0,1.0,1.0,1.0,1.0,1.0,1.0,1.0,1.0,1.0,1.0,1.0,1.0,1.0,1.0,1.0,1.0,1.0,1.0,1.0,1.0,1.0,1.0,1.0,1.0,1.0,1.0,1.0,1.0,1.0,1.0,1.0,1.0,1.0,1.0,1.0,1.0,1.0,1.0,1.0,1.0,1.0,1.0,1.0
234,1,3,1,2,-1,-1,0.94,0.96,0.94,0.88,0.9,1.0,1.0,1.0,1.0,0.98,1.0,1.0,1.0,1.0,1.0,1.0,1.0,1.0,1.0,1.0,1.0,1.0,1.0,1.0,1.0,0.9895029418752881,0.9888127550587524,0.9761878867528885,0.8408125236275049,0.9791492247093453,1.0,1.0,1.0,0.9999887846966272,1.0,1.0,1.0,1.0,1.0,1.0,1.0,1.0,1.0,1.0,1.0,1.0,1.0,1.0,1.0,1.0
235,1,3,1,2,0,-1,1.0,1.0,1.0,1.0,1.0,1.0,1.0,1.0,1.0,1.0,1.0,1.0,1.0,1.0,1.0,1.0,1.0,1.0,1.0,1.0,1.0,1.0,1.0,1.0,1.0,1.0,1.0,1.0,1.0,1.0,1.0,1.0,1.0,1.0,1.0,1.0,1.0,1.0,1.0,1.0,1.0,1.0,1.0,1.0,1.0,1.0,1.0,1.0,1.0,1.0
236,1,3,1,2,0,4,1.0,1.0,1.0,1.0,1.0,1.0,1.0,1.0,1.0,1.0,1.0,1.0,1.0,1.0,1.0,1.0,1.0,1.0,1.0,1.0,1.0,1.0,1.0,1.0,1.0,1.0,1.0,1.0,1.0,1.0,1.0,1.0,1.0,1.0,1.0,1.0,1.0,1.0,1.0,1.0,1.0,1.0,1.0,1.0,1.0,1.0,1.0,1.0,1.0,1.0
237,1,3,1,2,4,-1,1.0,1.0,1.0,1.0,1.0,1.0,1.0,1.0,1.0,1.0,1.0,1.0,1.0,1.0,1.0,1.0,1.0,1.0,1.0,1.0,1.0,1.0,1.0,1.0,1.0,1.0,1.0,1.0,1.0,1.0,1.0,1.0,1.0,1.0,1.0,1.0,1.0,1.0,1.0,1.0,1.0,1.0,1.0,1.0,1.0,1.0,1.0,1.0,1.0,1.0
238,1,3,1,2,4,0,1.0,1.0,1.0,1.0,1.0,1.0,1.0,1.0,1.0,1.0,1.0,1.0,1.0,1.0,1.0,1.0,1.0,1.0,1.0,1.0,1.0,1.0,1.0,1.0,1.0,1.0,1.0,1.0,1.0,1.0,1.0,1.0,1.0,1.0,1.0,1.0,1.0,1.0,1.0,1.0,1.0,1.0,1.0,1.0,1.0,1.0,1.0,1.0,1.0,1.0
239,1,3,1,4,-1,-1,0.28,0.36,0.32,0.56,0.54,1.0,0.9,0.94,0.92,0.94,1.0,1.0,1.0,1.0,1.0,1.0,1.0,1.0,1.0,1.0,1.0,1.0,1.0,1.0,1.0,0.16450187336005997,0.13413933204636794,0.5901772490098559,0.3958654855644971,0.38501255030686493,1.0,0.9997642610909248,0.9984295192233841,0.9947242567947192,0.951465510074592,1.0,1.0,1.0,1.0,1.0,1.0,1.0,1.0,1.0,1.0,1.0,1.0,1.0,1.0,1.0
240,1,3,1,4,0,-1,1.0,1.0,1.0,1.0,1.0,1.0,1.0,1.0,1.0,1.0,1.0,1.0,1.0,1.0,1.0,1.0,1.0,1.0,1.0,1.0,1.0,1.0,1.0,1.0,1.0,1.0,1.0,1.0,1.0,1.0,1.0,1.0,1.0,1.0,1.0,1.0,1.0,1.0,1.0,1.0,1.0,1.0,1.0,1.0,1.0,1.0,1.0,1.0,1.0,1.0
241,1,3,1,4,0,2,0.22,0.28,0.44,0.54,0.6,1.0,0.96,0.98,0.9,0.94,1.0,1.0,1.0,1.0,1.0,1.0,1.0,1.0,1.0,1.0,1.0,1.0,1.0,1.0,1.0,0.04537639113863073,0.20296115432942496,0.09934250447908666,0.12245837501959601,0.18353087962368203,1.0,0.9957984442885573,0.9972816593724074,0.9887953555476617,0.9798093424229769,1.0,1.0,1.0,1.0,1.0,1.0,1.0,1.0,1.0,1.0,1.0,1.0,1.0,1.0,1.0
242,1,3,1,4,2,-1,0.9,0.9,0.8,0.92,0.92,1.0,1.0,1.0,1.0,0.98,1.0,1.0,1.0,1.0,1.0,1.0,1.0,1.0,1.0,1.0,1.0,1.0,1.0,1.0,1.0,0.9987528300528273,0.9713409993396825,0.9953563883106595,0.9464312114798932,0.9857639942534122,1.0,1.0,1.0,1.0,1.0,1.0,1.0,1.0,1.0,1.0,1.0,1.0,1.0,1.0,1.0,1.0,1.0,1.0,1.0,1.0
243,1,3,1,4,2,0,1.0,1.0,1.0,1.0,1.0,1.0,1.0,1.0,1.0,1.0,1.0,1.0,1.0,1.0,1.0,1.0,1.0,1.0,1.0,1.0,1.0,1.0,1.0,1.0,1.0,1.0,1.0,1.0,1.0,1.0,1.0,1.0,1.0,1.0,1.0,1.0,1.0,1.0,1.0,1.0,1.0,1.0,1.0,1.0,1.0,1.0,1.0,1.0,1.0,1.0
244,1,3,2,-1,-1,-1,0.0,0.0,0.0,0.0,0.0,0.0,0.0,0.04,0.12,0.12,0.5,0.56,0.54,0.62,0.54,1.0,1.0,0.98,0.94,0.98,1.0,1.0,1.0,1.0,1.0,0.0,0.0,0.0,0.0,0.0,0.0,1.0217349335982299e-05,8.577703267920102e-05,0.0088494285684047,0.0023634493527465786,0.5298856379429445,0.2573300396981367,0.5906662921588385,0.6260725835692502,0.4734880894038182,1.0,1.0,0.9996925756886352,0.9952709981910254,0.9877463869623857,1.0,1.0,1.0,1.0,1.0
245,1,3,2,0,-1,-1,0.0,0.0,0.0,0.0,0.0,0.0,0.06,0.12,0.04,0.2,0.66,0.68,0.7,0.54,0.6,1.0,1.0,0.98,0.92,0.92,1.0,1.0,1.0,1.0,1.0,0.0,0.0,0.0,0.0,0.0,0.0,0.0,0.0023211206607883744,0.008561051938962524,0.021790824082410728,0.7104583622051719,0.6657100709396925,0.4703441593954214,0.3050096584384594,0.6130013816641879,1.0,1.0,1.0,0.9996786263006653,0.9976870646762633,1.0,1.0,1.0,1.0,1.0
246,1,3,2,0,1,-1,1.0,1.0,1.0,1.0,1.0,1.0,1.0,1.0,1.0,1.0,1.0,1.0,1.0,1.0,1.0,1.0,1.0,1.0,1.0,1.0,1.0,1.0,1.0,1.0,1.0,1.0,1.0,1.0,1.0,1.0,1.0,1.0,1.0,1.0,1.0,1.0,1.0,1.0,1.0,1.0,1.0,1.0,1.0,1.0,1.0,1.0,1.0,1.0,1.0,1.0
247,1,3,2,0,1,4,0.4,0.42,0.58,0.56,0.7,1.0,0.98,1.0,0.94,0.92,1.0,1.0,1.0,1.0,1.0,1.0,1.0,1.0,1.0,1.0,1.0,1.0,1.0,1.0,1.0,0.23576038958940027,0.20471221715184246,0.0918351024010981,0.238404654425869,0.3605473605394799,1.0,1.0,0.9987486503024823,0.9901999324195677,0.99722882400719,1.0,1.0,1.0,1.0,1.0,1.0,1.0,1.0,1.0,1.0,1.0,1.0,1.0,1.0,1.0
248,1,3,2,0,4,-1,0.0,0.0,0.0,0.0,0.02,0.12,0.2,0.32,0.26,0.38,1.0,0.92,0.92,0.9,0.86,1.0,1.0,1.0,1.0,1.0,1.0,1.0,1.0,1.0,1.0,0.0,0.0,3.5450222100246575e-05,0.0,2.0702689195159543e-05,0.04079159136830976,0.08780616440949227,0.04100486814617227,0.10657292419808456,0.1832775551156155,0.9998014379693433,0.9925795177628953,0.9810097243327135,0.9797666806557596,0.9876257412616899,1.0,1.0,1.0,1.0,1.0,1.0,1.0,1.0,1.0,1.0
249,1,3,2,0,4,1,1.0,1.0,1.0,1.0,1.0,1.0,1.0,1.0,1.0,1.0,1.0,1.0,1.0,1.0,1.0,1.0,1.0,1.0,1.0,1.0,1.0,1.0,1.0,1.0,1.0,1.0,1.0,1.0,1.0,1.0,1.0,1.0,1.0,1.0,1.0,1.0,1.0,1.0,1.0,1.0,1.0,1.0,1.0,1.0,1.0,1.0,1.0,1.0,1.0,1.0
250,1,3,2,1,-1,-1,0.9,0.98,0.94,1.0,1.0,1.0,1.0,1.0,1.0,0.98,1.0,1.0,1.0,1.0,1.0,1.0,1.0,1.0,1.0,1.0,1.0,1.0,1.0,1.0,1.0,0.9872806742367718,0.8770083242808455,0.841032303290383,0.9983953467915706,0.9702473258961324,1.0,1.0,1.0,1.0,1.0,1.0,1.0,1.0,1.0,1.0,1.0,1.0,1.0,1.0,1.0,1.0,1.0,1.0,1.0,1.0
251,1,3,2,1,0,-1,0.98,1.0,0.98,0.96,0.98,1.0,1.0,1.0,1.0,0.98,1.0,1.0,1.0,1.0,1.0,1.0,1.0,1.0,1.0,1.0,1.0,1.0,1.0,1.0,1.0,0.9987000618146011,0.9942710100639074,0.8823504284403342,0.9999680890451058,0.9314785215052078,1.0,1.0,1.0,1.0,1.0,1.0,1.0,1.0,1.0,1.0,1.0,1.0,1.0,1.0,1.0,1.0,1.0,1.0,1.0,1.0
252,1,3,2,1,0,4,0.94,0.96,0.96,1.0,0.98,1.0,1.0,1.0,1.0,0.98,1.0,1.0,1.0,1.0,1.0,1.0,1.0,1.0,1.0,1.0,1.0,1.0,1.0,1.0,1.0,0.9996521350432089,0.967413174714711,0.9035741638179365,0.9995351408568769,1.0,1.0,1.0,1.0,1.0,1.0,1.0,1.0,1.0,1.0,1.0,1.0,1.0,1.0,1.0,1.0,1.0,1.0,1.0,1.0,1.0
253,1,3,2,1,4,-1,1.0,1.0,1.0,1.0,1.0,1.0,1.0,1.0,1.0,1.0,1.0,1.0,1.0,1.0,1.0,1.0,1.0,1.0,1.0,1.0,1.0,1.0,1.0,1.0,1.0,1.0,1.0,1.0,1.0,1.0,1.0,1.0,1.0,1.0,1.0,1.0,1.0,1.0,1.0,1.0,1.0,1.0,1.0,1.0,1.0,1.0,1.0,1.0,1.0,1.0
254,1,3,2,1,4,0,1.0,1.0,1.0,1.0,1.0,1.0,1.0,1.0,1.0,1.0,1.0,1.0,1.0,1.0,1.0,1.0,1.0,1.0,1.0,1.0,1.0,1.0,1.0,1.0,1.0,1.0,1.0,1.0,1.0,1.0,1.0,1.0,1.0,1.0,1.0,1.0,1.0,1.0,1.0,1.0,1.0,1.0,1.0,1.0,1.0,1.0,1.0,1.0,1.0,1.0
255,1,3,2,4,-1,-1,1.0,1.0,1.0,1.0,1.0,1.0,1.0,1.0,1.0,1.0,1.0,1.0,1.0,1.0,1.0,1.0,1.0,1.0,1.0,1.0,1.0,1.0,1.0,1.0,1.0,1.0,1.0,1.0,1.0,1.0,1.0,1.0,1.0,1.0,1.0,1.0,1.0,1.0,1.0,1.0,1.0,1.0,1.0,1.0,1.0,1.0,1.0,1.0,1.0,1.0
256,1,3,2,4,0,-1,0.56,0.62,0.64,0.76,0.82,1.0,0.96,0.96,0.92,0.94,1.0,1.0,1.0,1.0,1.0,1.0,1.0,1.0,1.0,1.0,1.0,1.0,1.0,1.0,1.0,0.3539321678522517,0.49288833165478924,0.5433171539950604,0.5138529702128447,0.45276024774840556,1.0,1.0,0.9845619648963907,0.9942139755214258,0.9628101177293653,1.0,1.0,1.0,1.0,1.0,1.0,1.0,1.0,1.0,1.0,1.0,1.0,1.0,1.0,1.0
257,1,3,2,4,0,1,0.96,0.98,0.96,1.0,1.0,1.0,1.0,1.0,1.0,1.0,1.0,1.0,1.0,1.0,1.0,1.0,1.0,1.0,1.0,1.0,1.0,1.0,1.0,1.0,1.0,0.9866927295676954,0.9496482486802271,0.956839718124631,0.9222765873567549,0.9219773745816133,1.0,1.0,1.0,1.0,1.0,1.0,1.0,1.0,1.0,1.0,1.0,1.0,1.0,1.0,1.0,1.0,1.0,1.0,1.0,1.0
258,1,3,2,4,1,-1,1.0,1.0,1.0,1.0,1.0,1.0,1.0,1.0,1.0,1.0,1.0,1.0,1.0,1.0,1.0,1.0,1.0,1.0,1.0,1.0,1.0,1.0,1.0,1.0,1.0,1.0,1.0,1.0,1.0,1.0,1.0,1.0,1.0,1.0,1.0,1.0,1.0,1.0,1.0,1.0,1.0,1.0,1.0,1.0,1.0,1.0,1.0,1.0,1.0,1.0
259,1,3,2,4,1,0,0.6,0.64,0.66,0.8,0.84,1.0,1.0,1.0,0.94,0.98,1.0,1.0,1.0,1.0,1.0,1.0,1.0,1.0,1.0,1.0,1.0,1.0,1.0,1.0,1.0,0.49249648149120645,0.1690596769435139,0.666453518548318,0.8770340869804759,0.6751316558203087,1.0,1.0,1.0,0.9999507637280179,0.9999687899774219,1.0,1.0,1.0,1.0,1.0,1.0,1.0,1.0,1.0,1.0,1.0,1.0,1.0,1.0,1.0
260,1,3,4,-1,-1,-1,0.0,0.02,0.12,0.08,0.2,0.54,0.46,0.5,0.48,0.62,1.0,1.0,0.92,0.94,0.86,1.0,1.0,1.0,1.0,1.0,1.0,1.0,1.0,1.0,1.0,0.0,0.01064826866633262,0.0052076393127734304,0.003112236601909992,0.027438873875699578,0.6429088062206411,0.6814165149072636,0.27230182449798107,0.45803869314419154,0.7181850658222485,0.9999839459724615,0.9994219237675667,0.9937584003526476,0.9950285323310671,0.9261598588951847,1.0,1.0,1.0,1.0,1.0,1.0,1.0,1.0,1.0,1.0
261,1,3,4,0,-1,-1,0.0,0.0,0.0,0.0,0.0,0.0,0.06,0.04,0.08,0.18,0.6,0.7,0.58,0.6,0.52,1.0,1.0,0.98,0.94,0.92,1.0,1.0,1.0,1.0,1.0,0.0,0.0,0.0,0.0,0.0,0.0,5.858755329484039e-06,0.016479125957774034,0.022759330573683286,0.022960474604544753,0.7439359065978018,0.6776367279008435,0.7165291473870867,0.9275562373098364,0.2882612496783865,1.0,1.0,1.0,0.9997276361839993,0.9990248857103463,1.0,1.0,1.0,1.0,1.0
262,1,3,4,0,1,-1,1.0,1.0,1.0,1.0,1.0,1.0,1.0,1.0,1.0,1.0,1.0,1.0,1.0,1.0,1.0,1.0,1.0,1.0,1.0,1.0,1.0,1.0,1.0,1.0,1.0,1.0,1.0,1.0,1.0,1.0,1.0,1.0,1.0,1.0,1.0,1.0,1.0,1.0,1.0,1.0,1.0,1.0,1.0,1.0,1.0,1.0,1.0,1.0,1.0,1.0
263,1,3,4,0,1,2,0.64,0.68,0.76,0.82,0.88,1.0,1.0,0.98,0.98,1.0,1.0,1.0,1.0,1.0,1.0,1.0,1.0,1.0,1.0,1.0,1.0,1.0,1.0,1.0,1.0,0.5441418599803768,0.5673581271680408,0.5757803968224648,0.33917528315682854,0.7841584050922589,1.0,1.0,1.0,0.9990735494269414,0.999942404059817,1.0,1.0,1.0,1.0,1.0,1.0,1.0,1.0,1.0,1.0,1.0,1.0,1.0,1.0,1.0
264,1,3,4,0,2,-1,0.0,0.0,0.06,0.12,0.14,0.54,0.52,0.62,0.54,0.62,1.0,1.0,1.0,0.96,0.94,1.0,1.0,1.0,1.0,1.0,1.0,1.0,1.0,1.0,1.0,0.0,0.0,0.00011632837987884374,0.0006374762456752386,0.014032689321414174,0.46433348934155033,0.903142765774733,0.5078329496174098,0.49050449075064173,0.7602724891748667,1.0,1.0,0.9999919085543724,0.999858234278692,0.9999712571532838,1.0,1.0,1.0,1.0,1.0,1.0,1.0,1.0,1.0,1.0
265,1,3,4,0,2,1,1.0,1.0,1.0,1.0,1.0,1.0,1.0,1.0,1.0,1.0,1.0,1.0,1.0,1.0,1.0,1.0,1.0,1.0,1.0,1.0,1.0,1.0,1.0,1.0,1.0,1.0,1.0,1.0,1.0,1.0,1.0,1.0,1.0,1.0,1.0,1.0,1.0,1.0,1.0,1.0,1.0,1.0,1.0,1.0,1.0,1.0,1.0,1.0,1.0,1.0
266,1,3,4,1,-1,-1,0.0,0.08,0.22,0.3,0.48,0.92,0.82,0.82,0.84,0.88,1.0,1.0,1.0,1.0,1.0,1.0,1.0,1.0,1.0,1.0,1.0,1.0,1.0,1.0,1.0,0.0018972550143752122,0.001283993283799966,0.006429101947419021,0.037668507769392075,0.0393764578223603,0.9949257002712957,0.9531372165472131,0.9655420818880657,0.9758049616582941,0.8661181670550937,1.0,1.0,1.0,1.0,0.9999678473761336,1.0,1.0,1.0,1.0,1.0,1.0,1.0,1.0,1.0,1.0
267,1,3,4,1,0,-1,0.98,0.96,0.98,0.96,0.98,1.0,1.0,1.0,1.0,1.0,1.0,1.0,1.0,1.0,1.0,1.0,1.0,1.0,1.0,1.0,1.0,1.0,1.0,1.0,1.0,1.0,0.9981270940583878,0.9998824903690766,0.9634363855779067,0.9262361840420283,1.0,1.0,1.0,1.0,1.0,1.0,1.0,1.0,1.0,1.0,1.0,1.0,1.0,1.0,1.0,1.0,1.0,1.0,1.0,1.0
268,1,3,4,1,0,2,1.0,1.0,1.0,1.0,1.0,1.0,1.0,1.0,1.0,1.0,1.0,1.0,1.0,1.0,1.0,1.0,1.0,1.0,1.0,1.0,1.0,1.0,1.0,1.0,1.0,1.0,1.0,1.0,1.0,1.0,1.0,1.0,1.0,1.0,1.0,1.0,1.0,1.0,1.0,1.0,1.0,1.0,1.0,1.0,1.0,1.0,1.0,1.0,1.0,1.0
269,1,3,4,1,2,-1,0.44,0.6,0.7,0.6,0.82,1.0,1.0,1.0,1.0,0.92,1.0,1.0,1.0,1.0,1.0,1.0,1.0,1.0,1.0,1.0,1.0,1.0,1.0,1.0,1.0,0.36708591714922834,0.8342766201079864,0.6971523182595744,0.5655376967738072,0.23052383674012478,1.0,1.0,1.0,1.0,0.9998799942954683,1.0,1.0,1.0,1.0,1.0,1.0,1.0,1.0,1.0,1.0,1.0,1.0,1.0,1.0,1.0
270,1,3,4,1,2,0,1.0,1.0,1.0,1.0,1.0,1.0,1.0,1.0,1.0,1.0,1.0,1.0,1.0,1.0,1.0,1.0,1.0,1.0,1.0,1.0,1.0,1.0,1.0,1.0,1.0,1.0,1.0,1.0,1.0,1.0,1.0,1.0,1.0,1.0,1.0,1.0,1.0,1.0,1.0,1.0,1.0,1.0,1.0,1.0,1.0,1.0,1.0,1.0,1.0,1.0
271,1,3,4,2,-1,-1,1.0,1.0,1.0,1.0,1.0,1.0,1.0,1.0,1.0,1.0,1.0,1.0,1.0,1.0,1.0,1.0,1.0,1.0,1.0,1.0,1.0,1.0,1.0,1.0,1.0,1.0,1.0,1.0,1.0,1.0,1.0,1.0,1.0,1.0,1.0,1.0,1.0,1.0,1.0,1.0,1.0,1.0,1.0,1.0,1.0,1.0,1.0,1.0,1.0,1.0
272,1,3,4,2,0,-1,0.26,0.26,0.42,0.52,0.54,0.96,0.84,0.86,0.76,0.78,1.0,1.0,1.0,1.0,0.98,1.0,1.0,1.0,1.0,1.0,1.0,1.0,1.0,1.0,1.0,0.04687718526173313,0.11200209205417318,0.20957365973539016,0.06908925742740583,0.583188135964123,0.9970474472496409,0.9762373413915607,0.9335200842199683,0.9447935095207632,0.8912837378716023,1.0,1.0,1.0,1.0,1.0,1.0,1.0,1.0,1.0,1.0,1.0,1.0,1.0,1.0,1.0
273,1,3,4,2,0,1,1.0,1.0,1.0,1.0,1.0,1.0,1.0,1.0,1.0,1.0,1.0,1.0,1.0,1.0,1.0,1.0,1.0,1.0,1.0,1.0,1.0,1.0,1.0,1.0,1.0,1.0,1.0,1.0,1.0,1.0,1.0,1.0,1.0,1.0,1.0,1.0,1.0,1.0,1.0,1.0,1.0,1.0,1.0,1.0,1.0,1.0,1.0,1.0,1.0,1.0
274,1,3,4,2,1,-1,0.92,0.9,0.94,0.94,0.96,1.0,1.0,1.0,1.0,1.0,1.0,1.0,1.0,1.0,1.0,1.0,1.0,1.0,1.0,1.0,1.0,1.0,1.0,1.0,1.0,0.9785078900961981,0.959330270991417,0.9933519828193504,0.9603352411688255,0.9214910424574505,1.0,1.0,1.0,0.9999972535690238,0.9999960539026828,1.0,1.0,1.0,1.0,1.0,1.0,1.0,1.0,1.0,1.0,1.0,1.0,1.0,1.0,1.0
275,1,3,4,2,1,0,1.0,1.0,1.0,1.0,1.0,1.0,1.0,1.0,1.0,1.0,1.0,1.0,1.0,1.0,1.0,1.0,1.0,1.0,1.0,1.0,1.0,1.0,1.0,1.0,1.0,1.0,1.0,1.0,1.0,1.0,1.0,1.0,1.0,1.0,1.0,1.0,1.0,1.0,1.0,1.0,1.0,1.0,1.0,1.0,1.0,1.0,1.0,1.0,1.0,1.0
276,1,4,-1,-1,-1,-1,0.0,0.02,0.1,0.1,0.22,0.62,0.54,0.56,0.54,0.66,1.0,1.0,0.98,0.94,0.98,1.0,1.0,1.0,1.0,1.0,1.0,1.0,1.0,1.0,1.0,0.0,8.38432163014931e-05,4.740862570451114e-05,0.0005078025202012733,0.015490476588272994,0.7912980317339537,0.5050712716909183,0.5687947388986556,0.8098654600308,0.7360349003948753,1.0,1.0,1.0,0.9994531282810823,0.9995034935164143,1.0,1.0,1.0,1.0,1.0,1.0,1.0,1.0,1.0,1.0
277,1,4,0,-1,-1,-1,0.0,0.0,0.0,0.0,0.0,0.0,0.0,0.0,0.0,0.04,0.36,0.4,0.4,0.46,0.42,1.0,1.0,0.96,0.94,0.88,1.0,1.0,1.0,1.0,1.0,0.0,0.0,0.0,0.0,0.0,0.0,0.0,2.9227756812453404e-05,0.0,0.0006799546479354127,0.4408438193579982,0.41948653186780455,0.7084879656623079,0.3175891596635601,0.39617035168648773,1.0,1.0,0.9999096153192455,0.9990215378020391,0.9993518288056729,1.0,1.0,1.0,1.0,1.0
278,1,4,0,1,-1,-1,1.0,1.0,1.0,1.0,1.0,1.0,1.0,1.0,1.0,1.0,1.0,1.0,1.0,1.0,1.0,1.0,1.0,1.0,1.0,1.0,1.0,1.0,1.0,1.0,1.0,1.0,1.0,1.0,1.0,1.0,1.0,1.0,1.0,1.0,1.0,1.0,1.0,1.0,1.0,1.0,1.0,1.0,1.0,1.0,1.0,1.0,1.0,1.0,1.0,1.0
279,1,4,0,1,2,-1,0.12,0.24,0.26,0.38,0.52,0.9,0.76,0.78,0.76,0.8,1.0,1.0,1.0,1.0,0.96,1.0,1.0,1.0,1.0,1.0,1.0,1.0,1.0,1.0,1.0,0.004793005705137963,0.05837826598335747,0.01840471826863617,0.16462049993183633,0.11460236062508089,0.987513777503629,0.8963281904708423,0.938169548099361,0.6843369138981829,0.928334395417897,1.0,1.0,1.0,0.9998552867733881,0.9999443107528185,1.0,1.0,1.0,1.0,1.0,1.0,1.0,1.0,1.0,1.0
280,1,4,0,1,2,3,1.0,1.0,1.0,1.0,1.0,1.0,1.0,1.0,1.0,1.0,1.0,1.0,1.0,1.0,1.0,1.0,1.0,1.0,1.0,1.0,1.0,1.0,1.0,1.0,1.0,1.0,1.0,1.0,1.0,1.0,1.0,1.0,1.0,1.0,1.0,1.0,1.0,1.0,1.0,1.0,1.0,1.0,1.0,1.0,1.0,1.0,1.0,1.0,1.0,1.0
281,1,4,0,1,3,-1,1.0,1.0,1.0,1.0,1.0,1.0,1.0,1.0,1.0,1.0,1.0,1.0,1.0,1.0,1.0,1.0,1.0,1.0,1.0,1.0,1.0,1.0,1.0,1.0,1.0,1.0,1.0,1.0,1.0,1.0,1.0,1.0,1.0,1.0,1.0,1.0,1.0,1.0,1.0,1.0,1.0,1.0,1.0,1.0,1.0,1.0,1.0,1.0,1.0,1.0
282,1,4,0,1,3,2,0.76,0.82,0.82,0.84,0.88,1.0,1.0,1.0,0.98,0.96,1.0,1.0,1.0,1.0,1.0,1.0,1.0,1.0,1.0,1.0,1.0,1.0,1.0,1.0,1.0,0.8213402750851325,0.9314955468348703,0.8890462334207656,0.6914622347416812,0.9001315458087747,1.0,1.0,1.0,0.9998085486928328,0.999968369861469,1.0,1.0,1.0,1.0,1.0,1.0,1.0,1.0,1.0,1.0,1.0,1.0,1.0,1.0,1.0
283,1,4,0,2,-1,-1,0.48,0.56,0.76,0.74,0.84,1.0,0.98,0.94,0.86,0.92,1.0,1.0,1.0,1.0,1.0,1.0,1.0,1.0,1.0,1.0,1.0,1.0,1.0,1.0,1.0,0.43159368109132656,0.4506732694450962,0.8044161790707416,0.32620330498011213,0.2559643094340343,1.0,0.9999983134113821,0.9926509490311035,0.9929256410830697,0.9841041671218366,1.0,1.0,1.0,1.0,1.0,1.0,1.0,1.0,1.0,1.0,1.0,1.0,1.0,1.0,1.0
284,1,4,0,2,1,-1,0.0,0.0,0.02,0.0,0.14,0.38,0.38,0.44,0.5,0.54,1.0,1.0,1.0,0.98,0.96,1.0,1.0,1.0,1.0,1.0,1.0,1.0,1.0,1.0,1.0,0.0,0.0,0.0,0.0007396629718912708,0.0013025852516587526,0.19221229646419308,0.40547867062246884,0.4740667226753108,0.1430357719350967,0.6869846017998423,1.0,0.9999601657883316,0.9999176824349031,0.9951075945973726,0.9999410764440587,1.0,1.0,1.0,1.0,1.0,1.0,1.0,1.0,1.0,1.0
285,1,4,0,2,1,3,1.0,1.0,1.0,1.0,1.0,1.0,1.0,1.0,1.0,1.0,1.0,1.0,1.0,1.0,1.0,1.0,1.0,1.0,1.0,1.0,1.0,1.0,1.0,1.0,1.0,1.0,1.0,1.0,1.0,1.0,1.0,1.0,1.0,1.0,1.0,1.0,1.0,1.0,1.0,1.0,1.0,1.0,1.0,1.0,1.0,1.0,1.0,1.0,1.0,1.0
286,1,4,0,2,3,-1,0.2,0.34,0.4,0.52,0.6,0.96,0.9,0.86,0.8,0.8,1.0,1.0,1.0,1.0,1.0,1.0,1.0,1.0,1.0,1.0,1.0,1.0,1.0,1.0,1.0,0.03534510888311314,0.040889773192698084,0.38429891359115437,0.12007400883265942,0.1455269821669881,0.9981961929970381,0.9985174426225212,0.9923903488573242,0.8830809743311518,0.8447390871066739,1.0,1.0,1.0,1.0,1.0,1.0,1.0,1.0,1.0,1.0,1.0,1.0,1.0,1.0,1.0
287,1,4,0,2,3,1,1.0,1.0,1.0,1.0,1.0,1.0,1.0,1.0,1.0,1.0,1.0,1.0,1.0,1.0,1.0,1.0,1.0,1.0,1.0,1.0,1.0,1.0,1.0,1.0,1.0,1.0,1.0,1.0,1.0,1.0,1.0,1.0,1.0,1.0,1.0,1.0,1.0,1.0,1.0,1.0,1.0,1.0,1.0,1.0,1.0,1.0,1.0,1.0,1.0,1.0
288,1,4,0,3,-1,-1,0.0,0.0,0.0,0.0,0.02,0.02,0.04,0.08,0.18,0.14,0.74,0.74,0.66,0.62,0.58,1.0,1.0,1.0,0.96,0.96,1.0,1.0,1.0,1.0,1.0,0.0,0.0,0.0,0.0,0.0,7.88917871838378e-05,0.00043797486875584633,0.007330726566415195,0.010383756496448593,0.0209759772199772,0.9494099012263075,0.9720920262132157,0.7339293817616978,0.8631189398008045,0.6644380026313259,1.0,1.0,1.0,0.99929166923221,0.9990150097766141,1.0,1.0,1.0,1.0,1.0
289,1,4,0,3,1,-1,1.0,1.0,1.0,1.0,1.0,1.0,1.0,1.0,1.0,1.0,1.0,1.0,1.0,1.0,1.0,1.0,1.0,1.0,1.0,1.0,1.0,1.0,1.0,1.0,1.0,1.0,1.0,1.0,1.0,1.0,1.0,1.0,1.0,1.0,1.0,1.0,1.0,1.0,1.0,1.0,1.0,1.0,1.0,1.0,1.0,1.0,1.0,1.0,1.0,1.0
290,1,4,0,3,1,2,0.96,1.0,0.98,0.98,1.0,1.0,1.0,1.0,1.0,1.0,1.0,1.0,1.0,1.0,1.0,1.0,1.0,1.0,1.0,1.0,1.0,1.0,1.0,1.0,1.0,0.9966524462464866,0.9973432899405336,0.9916304766379972,0.9882427519234095,0.9939731511885128,1.0,1.0,1.0,1.0,1.0,1.0,1.0,1.0,1.0,1.0,1.0,1.0,1.0,1.0,1.0,1.0,1.0,1.0,1.0,1.0
291,1,4,0,3,2,-1,1.0,1.0,1.0,1.0,1.0,1.0,1.0,1.0,1.0,1.0,1.0,1.0,1.0,1.0,1.0,1.0,1.0,1.0,1.0,1.0,1.0,1.0,1.0,1.0,1.0,1.0,1.0,1.0,1.0,1.0,1.0,1.0,1.0,1.0,1.0,1.0,1.0,1.0,1.0,1.0,1.0,1.0,1.0,1.0,1.0,1.0,1.0,1.0,1.0,1.0
292,1,4,0,3,2,1,1.0,1.0,1.0,1.0,1.0,1.0,1.0,1.0,1.0,1.0,1.0,1.0,1.0,1.0,1.0,1.0,1.0,1.0,1.0,1.0,1.0,1.0,1.0,1.0,1.0,1.0,1.0,1.0,1.0,1.0,1.0,1.0,1.0,1.0,1.0,1.0,1.0,1.0,1.0,1.0,1.0,1.0,1.0,1.0,1.0,1.0,1.0,1.0,1.0,1.0
293,1,4,1,-1,-1,-1,0.56,0.6,0.66,0.72,0.84,1.0,0.98,0.96,0.94,0.92,1.0,1.0,1.0,1.0,1.0,1.0,1.0,1.0,1.0,1.0,1.0,1.0,1.0,1.0,1.0,0.7672231320663819,0.2357481256243766,0.3835375932831684,0.6678751538742509,0.6991093040283602,1.0,0.9999963747421765,1.0,1.0,0.9728255245205825,1.0,1.0,1.0,1.0,1.0,1.0,1.0,1.0,1.0,1.0,1.0,1.0,1.0,1.0,1.0
294,1,4,1,0,-1,-1,1.0,1.0,1.0,1.0,1.0,1.0,1.0,1.0,1.0,1.0,1.0,1.0,1.0,1.0,1.0,1.0,1.0,1.0,1.0,1.0,1.0,1.0,1.0,1.0,1.0,1.0,1.0,1.0,1.0,1.0,1.0,1.0,1.0,1.0,1.0,1.0,1.0,1.0,1.0,1.0,1.0,1.0,1.0,1.0,1.0,1.0,1.0,1.0,1.0,1.0
295,1,4,1,0,2,-1,0.22,0.28,0.4,0.44,0.6,0.96,0.94,0.92,0.92,0.86,1.0,1.0,1.0,1.0,1.0,1.0,1.0,1.0,1.0,1.0,1.0,1.0,1.0,1.0,1.0,0.07159735837901753,0.10451606305833404,0.1564260605107046,0.16147949529456215,0.30643983068093256,1.0,0.9997018695916454,0.9954281656362859,0.9911765347692367,0.9418731176996789,1.0,1.0,1.0,1.0,1.0,1.0,1.0,1.0,1.0,1.0,1.0,1.0,1.0,1.0,1.0
296,1,4,1,0,2,3,1.0,1.0,1.0,1.0,1.0,1.0,1.0,1.0,1.0,1.0,1.0,1.0,1.0,1.0,1.0,1.0,1.0,1.0,1.0,1.0,1.0,1.0,1.0,1.0,1.0,1.0,1.0,1.0,1.0,1.0,1.0,1.0,1.0,1.0,1.0,1.0,1.0,1.0,1.0,1.0,1.0,1.0,1.0,1.0,1.0,1.0,1.0,1.0,1.0,1.0
297,1,4,1,0,3,-1,1.0,1.0,1.0,1.0,1.0,1.0,1.0,1.0,1.0,1.0,1.0,1.0,1.0,1.0,1.0,1.0,1.0,1.0,1.0,1.0,1.0,1.0,1.0,1.0,1.0,1.0,1.0,1.0,1.0,1.0,1.0,1.0,1.0,1.0,1.0,1.0,1.0,1.0,1.0,1.0,1.0,1.0,1.0,1.0,1.0,1.0,1.0,1.0,1.0,1.0
298,1,4,1,0,3,2,0.78,0.86,0.78,0.94,0.92,1.0,1.0,1.0,1.0,0.98,1.0,1.0,1.0,1.0,1.0,1.0,1.0,1.0,1.0,1.0,1.0,1.0,1.0,1.0,1.0,0.8634111137613925,0.8047592426226083,0.8842885545592345,0.7854264209032003,0.7128837566516528,1.0,1.0,1.0,0.9997698026504434,0.9966913651497213,1.0,1.0,1.0,1.0,1.0,1.0,1.0,1.0,1.0,1.0,1.0,1.0,1.0,1.0,1.0
299,1,4,1,2,-1,-1,0.0,0.08,0.1,0.2,0.4,0.78,0.82,0.72,0.68,0.74,1.0,1.0,1.0,1.0,1.0,1.0,1.0,1.0,1.0,1.0,1.0,1.0,1.0,1.0,1.0,4.3121325427972184e-05,0.00018130203385119807,0.0048738016229939295,0.013171522416361409,0.031082827275279584,0.9385893068246195,0.9599766512411684,0.9061856353882501,0.8407267335608344,0.7001202920799663,1.0,1.0,1.0,1.0,1.0,1.0,1.0,1.0,1.0,1.0,1.0,1.0,1.0,1.0,1.0
300,1,4,1,2,0,-1,0.96,0.98,0.96,0.98,0.98,1.0,1.0,1.0,0.94,0.98,1.0,1.0,1.0,1.0,1.0,1.0,1.0,1.0,1.0,1.0,1.0,1.0,1.0,1.0,1.0,1.0,0.9911187351159713,1.0,0.9969399669189137,0.9933898285746585,1.0,1.0,1.0,0.9999994039563801,0.994258912438359,1.0,1.0,1.0,1.0,1.0,1.0,1.0,1.0,1.0,1.0,1.0,1.0,1.0,1.0,1.0
301,1,4,1,2,0,3,1.0,1.0,1.0,1.0,1.0,1.0,1.0,1.0,1.0,1.0,1.0,1.0,1.0,1.0,1.0,1.0,1.0,1.0,1.0,1.0,1.0,1.0,1.0,1.0,1.0,1.0,1.0,1.0,1.0,1.0,1.0,1.0,1.0,1.0,1.0,1.0,1.0,1.0,1.0,1.0,1.0,1.0,1.0,1.0,1.0,1.0,1.0,1.0,1.0,1.0
302,1,4,1,2,3,-1,1.0,1.0,1.0,0.96,0.98,1.0,1.0,1.0,1.0,1.0,1.0,1.0,1.0,1.0,1.0,1.0,1.0,1.0,1.0,1.0,1.0,1.0,1.0,1.0,1.0,0.9997509653400634,1.0,0.9955489774389876,0.999235443878733,0.9674818056349632,1.0,1.0,1.0,1.0,1.0,1.0,1.0,1.0,1.0,1.0,1.0,1.0,1.0,1.0,1.0,1.0,1.0,1.0,1.0,1.0
303,1,4,1,2,3,0,1.0,1.0,1.0,1.0,1.0,1.0,1.0,1.0,1.0,1.0,1.0,1.0,1.0,1.0,1.0,1.0,1.0,1.0,1.0,1.0,1.0,1.0,1.0,1.0,1.0,1.0,1.0,1.0,1.0,1.0,1.0,1.0,1.0,1.0,1.0,1.0,1.0,1.0,1.0,1.0,1.0,1.0,1.0,1.0,1.0,1.0,1.0,1.0,1.0,1.0
304,1,4,1,3,-1,-1,0.3,0.46,0.46,0.62,0.66,0.86,0.84,0.84,0.7,0.86,1.0,1.0,1.0,0.98,1.0,1.0,1.0,1.0,1.0,1.0,1.0,1.0,1.0,1.0,1.0,0.09151301311600059,0.13404382680475513,0.15951075009361604,0.2520999754829473,0.2734627699648074,0.9513633857774759,0.992267688246166,0.869484899671993,0.9673863263624688,0.9475868908245593,1.0,1.0,1.0,0.9999791624639102,1.0,1.0,1.0,1.0,1.0,1.0,1.0,1.0,1.0,1.0,1.0
305,1,4,1,3,0,-1,1.0,1.0,1.0,1.0,1.0,1.0,1.0,1.0,1.0,1.0,1.0,1.0,1.0,1.0,1.0,1.0,1.0,1.0,1.0,1.0,1.0,1.0,1.0,1.0,1.0,1.0,1.0,1.0,1.0,1.0,1.0,1.0,1.0,1.0,1.0,1.0,1.0,1.0,1.0,1.0,1.0,1.0,1.0,1.0,1.0,1.0,1.0,1.0,1.0,1.0
306,1,4,1,3,0,2,1.0,1.0,1.0,1.0,1.0,1.0,1.0,1.0,1.0,1.0,1.0,1.0,1.0,1.0,1.0,1.0,1.0,1.0,1.0,1.0,1.0,1.0,1.0,1.0,1.0,1.0,1.0,1.0,1.0,1.0,1.0,1.0,1.0,1.0,1.0,1.0,1.0,1.0,1.0,1.0,1.0,1.0,1.0,1.0,1.0,1.0,1.0,1.0,1.0,1.0
307,1,4,1,3,2,-1,0.62,0.72,0.72,0.7,0.84,1.0,1.0,1.0,0.98,0.98,1.0,1.0,1.0,1.0,1.0,1.0,1.0,1.0,1.0,1.0,1.0,1.0,1.0,1.0,1.0,0.3842854120636926,0.6026561304687685,0.44015976920717154,0.9755441772961253,0.7369899867990926,1.0,1.0,1.0,1.0,0.999342600227701,1.0,1.0,1.0,1.0,1.0,1.0,1.0,1.0,1.0,1.0,1.0,1.0,1.0,1.0,1.0
308,1,4,1,3,2,0,1.0,1.0,1.0,1.0,1.0,1.0,1.0,1.0,1.0,1.0,1.0,1.0,1.0,1.0,1.0,1.0,1.0,1.0,1.0,1.0,1.0,1.0,1.0,1.0,1.0,1.0,1.0,1.0,1.0,1.0,1.0,1.0,1.0,1.0,1.0,1.0,1.0,1.0,1.0,1.0,1.0,1.0,1.0,1.0,1.0,1.0,1.0,1.0,1.0,1.0
309,1,4,2,-1,-1,-1,0.0,0.08,0.1,0.24,0.34,0.88,0.72,0.76,0.76,0.68,1.0,1.0,1.0,1.0,0.98,1.0,1.0,1.0,1.0,1.0,1.0,1.0,1.0,1.0,1.0,9.023983351991118e-06,0.00025377540620740715,0.007573401722441205,0.024695908646579442,0.026012960810975747,0.8788512230714893,0.9593065789777682,0.9244389553281032,0.8406585112060345,0.7851522706551815,1.0,1.0,1.0,1.0,1.0,1.0,1.0,1.0,1.0,1.0,1.0,1.0,1.0,1.0,1.0
310,1,4,2,0,-1,-1,0.88,0.84,0.9,0.84,0.88,1.0,1.0,1.0,1.0,0.98,1.0,1.0,1.0,1.0,1.0,1.0,1.0,1.0,1.0,1.0,1.0,1.0,1.0,1.0,1.0,0.9420007719718159,0.9262510822540911,0.9454819758792274,0.9640285030633895,0.7856613167013559,1.0,1.0,0.999969291216902,1.0,0.9996355784686506,1.0,1.0,1.0,1.0,1.0,1.0,1.0,1.0,1.0,1.0,1.0,1.0,1.0,1.0,1.0
311,1,4,2,0,1,-1,1.0,1.0,1.0,1.0,1.0,1.0,1.0,1.0,1.0,1.0,1.0,1.0,1.0,1.0,1.0,1.0,1.0,1.0,1.0,1.0,1.0,1.0,1.0,1.0,1.0,1.0,1.0,1.0,1.0,1.0,1.0,1.0,1.0,1.0,1.0,1.0,1.0,1.0,1.0,1.0,1.0,1.0,1.0,1.0,1.0,1.0,1.0,1.0,1.0,1.0
312,1,4,2,0,1,3,1.0,1.0,1.0,1.0,1.0,1.0,1.0,1.0,1.0,1.0,1.0,1.0,1.0,1.0,1.0,1.0,1.0,1.0,1.0,1.0,1.0,1.0,1.0,1.0,1.0,1.0,1.0,1.0,1.0,1.0,1.0,1.0,1.0,1.0,1.0,1.0,1.0,1.0,1.0,1.0,1.0,1.0,1.0,1.0,1.0,1.0,1.0,1.0,1.0,1.0
313,1,4,2,0,3,-1,1.0,1.0,1.0,1.0,1.0,1.0,1.0,1.0,1.0,1.0,1.0,1.0,1.0,1.0,1.0,1.0,1.0,1.0,1.0,1.0,1.0,1.0,1.0,1.0,1.0,1.0,1.0,1.0,1.0,1.0,1.0,1.0,1.0,1.0,1.0,1.0,1.0,1.0,1.0,1.0,1.0,1.0,1.0,1.0,1.0,1.0,1.0,1.0,1.0,1.0
314,1,4,2,0,3,1,1.0,1.0,1.0,1.0,1.0,1.0,1.0,1.0,1.0,1.0,1.0,1.0,1.0,1.0,1.0,1.0,1.0,1.0,1.0,1.0,1.0,1.0,1.0,1.0,1.0,1.0,1.0,1.0,1.0,1.0,1.0,1.0,1.0,1.0,1.0,1.0,1.0,1.0,1.0,1.0,1.0,1.0,1.0,1.0,1.0,1.0,1.0,1.0,1.0,1.0
315,1,4,2,1,-1,-1,0.02,0.06,0.2,0.32,0.36,0.76,0.72,0.68,0.66,0.74,1.0,1.0,1.0,1.0,1.0,1.0,1.0,1.0,1.0,1.0,1.0,1.0,1.0,1.0,1.0,0.0,0.0020389748253316757,0.025520339008520316,0.045714695060282716,0.09807905786145578,0.848960389117972,0.9482020012452186,0.9576677695437776,0.8551531771451535,0.67257278808966,1.0,1.0,1.0,1.0,1.0,1.0,1.0,1.0,1.0,1.0,1.0,1.0,1.0,1.0,1.0
316,1,4,2,1,0,-1,0.84,0.92,0.92,0.9,0.96,1.0,1.0,1.0,1.0,1.0,1.0,1.0,1.0,1.0,1.0,1.0,1.0,1.0,1.0,1.0,1.0,1.0,1.0,1.0,1.0,0.9945403915028928,0.9249929472377544,0.7223687438045435,0.992295837425507,0.8914225131503148,1.0,1.0,1.0,1.0,1.0,1.0,1.0,1.0,1.0,1.0,1.0,1.0,1.0,1.0,1.0,1.0,1.0,1.0,1.0,1.0
317,1,4,2,1,0,3,1.0,1.0,1.0,1.0,1.0,1.0,1.0,1.0,1.0,1.0,1.0,1.0,1.0,1.0,1.0,1.0,1.0,1.0,1.0,1.0,1.0,1.0,1.0,1.0,1.0,1.0,1.0,1.0,1.0,1.0,1.0,1.0,1.0,1.0,1.0,1.0,1.0,1.0,1.0,1.0,1.0,1.0,1.0,1.0,1.0,1.0,1.0,1.0,1.0,1.0
318,1,4,2,1,3,-1,0.82,0.78,0.8,0.82,0.84,1.0,1.0,1.0,1.0,0.98,1.0,1.0,1.0,1.0,1.0,1.0,1.0,1.0,1.0,1.0,1.0,1.0,1.0,1.0,1.0,0.9362246401208977,0.9606650552489598,0.7176910762639719,0.9206785732488818,0.9312911230352751,1.0,1.0,1.0,1.0,1.0,1.0,1.0,1.0,1.0,1.0,1.0,1.0,1.0,1.0,1.0,1.0,1.0,1.0,1.0,1.0
319,1,4,2,1,3,0,1.0,1.0,1.0,1.0,1.0,1.0,1.0,1.0,1.0,1.0,1.0,1.0,1.0,1.0,1.0,1.0,1.0,1.0,1.0,1.0,1.0,1.0,1.0,1.0,1.0,1.0,1.0,1.0,1.0,1.0,1.0,1.0,1.0,1.0,1.0,1.0,1.0,1.0,1.0,1.0,1.0,1.0,1.0,1.0,1.0,1.0,1.0,1.0,1.0,1.0
320,1,4,2,3,-1,-1,1.0,1.0,1.0,1.0,1.0,1.0,1.0,1.0,1.0,1.0,1.0,1.0,1.0,1.0,1.0,1.0,1.0,1.0,1.0,1.0,1.0,1.0,1.0,1.0,1.0,1.0,1.0,1.0,1.0,1.0,1.0,1.0,1.0,1.0,1.0,1.0,1.0,1.0,1.0,1.0,1.0,1.0,1.0,1.0,1.0,1.0,1.0,1.0,1.0,1.0
321,1,4,2,3,0,-1,1.0,1.0,1.0,1.0,1.0,1.0,1.0,1.0,1.0,1.0,1.0,1.0,1.0,1.0,1.0,1.0,1.0,1.0,1.0,1.0,1.0,1.0,1.0,1.0,1.0,1.0,1.0,1.0,1.0,1.0,1.0,1.0,1.0,1.0,1.0,1.0,1.0,1.0,1.0,1.0,1.0,1.0,1.0,1.0,1.0,1.0,1.0,1.0,1.0,1.0
322,1,4,2,3,0,1,1.0,1.0,1.0,1.0,1.0,1.0,1.0,1.0,1.0,1.0,1.0,1.0,1.0,1.0,1.0,1.0,1.0,1.0,1.0,1.0,1.0,1.0,1.0,1.0,1.0,1.0,1.0,1.0,1.0,1.0,1.0,1.0,1.0,1.0,1.0,1.0,1.0,1.0,1.0,1.0,1.0,1.0,1.0,1.0,1.0,1.0,1.0,1.0,1.0,1.0
323,1,4,2,3,1,-1,0.98,0.98,0.98,1.0,0.98,1.0,1.0,1.0,1.0,1.0,1.0,1.0,1.0,1.0,1.0,1.0,1.0,1.0,1.0,1.0,1.0,1.0,1.0,1.0,1.0,1.0,1.0,0.9990717051716846,1.0,1.0,1.0,1.0,1.0,1.0,1.0,1.0,1.0,1.0,1.0,1.0,1.0,1.0,1.0,1.0,1.0,1.0,1.0,1.0,1.0,1.0
324,1,4,2,3,1,0,1.0,1.0,1.0,1.0,1.0,1.0,1.0,1.0,1.0,1.0,1.0,1.0,1.0,1.0,1.0,1.0,1.0,1.0,1.0,1.0,1.0,1.0,1.0,1.0,1.0,1.0,1.0,1.0,1.0,1.0,1.0,1.0,1.0,1.0,1.0,1.0,1.0,1.0,1.0,1.0,1.0,1.0,1.0,1.0,1.0,1.0,1.0,1.0,1.0,1.0
325,1,4,3,-1,-1,-1,0.0,0.0,0.06,0.1,0.2,0.4,0.42,0.5,0.46,0.58,1.0,0.98,0.92,0.9,0.9,1.0,1.0,1.0,1.0,1.0,1.0,1.0,1.0,1.0,1.0,0.0,0.0,0.0,0.00011611790329087375,0.002758936520643054,0.6845944342901957,0.5148899720165893,0.2001261050653617,0.36356678763650774,0.25656484015909503,1.0,1.0,0.9987571248908294,0.9993045461215775,0.9764094652461711,1.0,1.0,1.0,1.0,1.0,1.0,1.0,1.0,1.0,1.0
326,1,4,3,0,-1,-1,0.0,0.0,0.0,0.0,0.02,0.02,0.06,0.12,0.16,0.24,0.72,0.66,0.66,0.62,0.56,1.0,1.0,1.0,0.92,0.94,1.0,1.0,1.0,1.0,1.0,0.0,0.0,0.0,0.0,1.080996666991996e-05,0.0003378464988322868,7.115207034426581e-05,0.004391204291863791,0.03385619685140793,0.04324297806064622,0.593244508062302,0.718022433165637,0.7779115321435309,0.8339774839147491,0.8769150362899714,1.0,1.0,1.0,1.0,0.9998124769189652,1.0,1.0,1.0,1.0,1.0
327,1,4,3,0,1,-1,1.0,1.0,1.0,1.0,1.0,1.0,1.0,1.0,1.0,1.0,1.0,1.0,1.0,1.0,1.0,1.0,1.0,1.0,1.0,1.0,1.0,1.0,1.0,1.0,1.0,1.0,1.0,1.0,1.0,1.0,1.0,1.0,1.0,1.0,1.0,1.0,1.0,1.0,1.0,1.0,1.0,1.0,1.0,1.0,1.0,1.0,1.0,1.0,1.0,1.0
328,1,4,3,0,1,2,1.0,1.0,1.0,1.0,1.0,1.0,1.0,1.0,1.0,1.0,1.0,1.0,1.0,1.0,1.0,1.0,1.0,1.0,1.0,1.0,1.0,1.0,1.0,1.0,1.0,1.0,1.0,1.0,1.0,1.0,1.0,1.0,1.0,1.0,1.0,1.0,1.0,1.0,1.0,1.0,1.0,1.0,1.0,1.0,1.0,1.0,1.0,1.0,1.0,1.0
329,1,4,3,0,2,-1,0.42,0.52,0.6,0.54,0.62,1.0,1.0,0.94,0.92,0.96,1.0,1.0,1.0,1.0,1.0,1.0,1.0,1.0,1.0,1.0,1.0,1.0,1.0,1.0,1.0,0.1696131001182812,0.3605119460797408,0.3764293484912473,0.5962427932043612,0.5774141487658714,1.0,1.0,0.9999837824422736,0.9989986524419399,0.9903851021367748,1.0,1.0,1.0,1.0,1.0,1.0,1.0,1.0,1.0,1.0,1.0,1.0,1.0,1.0,1.0
330,1,4,3,0,2,1,1.0,1.0,1.0,1.0,1.0,1.0,1.0,1.0,1.0,1.0,1.0,1.0,1.0,1.0,1.0,1.0,1.0,1.0,1.0,1.0,1.0,1.0,1.0,1.0,1.0,1.0,1.0,1.0,1.0,1.0,1.0,1.0,1.0,1.0,1.0,1.0,1.0,1.0,1.0,1.0,1.0,1.0,1.0,1.0,1.0,1.0,1.0,1.0,1.0,1.0
331,1,4,3,1,-1,-1,0.06,0.1,0.22,0.3,0.46,0.94,0.84,0.86,0.76,0.78,1.0,1.0,1.0,1.0,1.0,1.0,1.0,1.0,1.0,1.0,1.0,1.0,1.0,1.0,1.0,1.2201593858129288e-05,0.002430707997890607,0.011944157674985984,0.04656793131869466,0.08780519776921249,0.9923572894936814,0.9953967053482762,0.8537611629591009,0.9780124045895252,0.9824405606154867,1.0,1.0,1.0,1.0,1.0,1.0,1.0,1.0,1.0,1.0,1.0,1.0,1.0,1.0,1.0
332,1,4,3,1,0,-1,1.0,1.0,1.0,1.0,1.0,1.0,1.0,1.0,1.0,1.0,1.0,1.0,1.0,1.0,1.0,1.0,1.0,1.0,1.0,1.0,1.0,1.0,1.0,1.0,1.0,1.0,1.0,1.0,1.0,1.0,1.0,1.0,1.0,1.0,1.0,1.0,1.0,1.0,1.0,1.0,1.0,1.0,1.0,1.0,1.0,1.0,1.0,1.0,1.0,1.0
333,1,4,3,1,0,2,1.0,1.0,1.0,1.0,1.0,1.0,1.0,1.0,1.0,1.0,1.0,1.0,1.0,1.0,1.0,1.0,1.0,1.0,1.0,1.0,1.0,1.0,1.0,1.0,1.0,1.0,1.0,1.0,1.0,1.0,1.0,1.0,1.0,1.0,1.0,1.0,1.0,1.0,1.0,1.0,1.0,1.0,1.0,1.0,1.0,1.0,1.0,1.0,1.0,1.0
334,1,4,3,1,2,-1,0.9,0.88,0.88,0.92,0.92,1.0,1.0,1.0,1.0,1.0,1.0,1.0,1.0,1.0,1.0,1.0,1.0,1.0,1.0,1.0,1.0,1.0,1.0,1.0,1.0,0.9947814068604004,0.995546288866404,0.8404871178236415,0.987317867761794,0.8567900986715796,1.0,1.0,1.0,1.0,1.0,1.0,1.0,1.0,1.0,1.0,1.0,1.0,1.0,1.0,1.0,1.0,1.0,1.0,1.0,1.0
335,1,4,3,1,2,0,0.76,0.82,0.84,0.88,0.92,1.0,1.0,1.0,0.98,0.98,1.0,1.0,1.0,1.0,1.0,1.0,1.0,1.0,1.0,1.0,1.0,1.0,1.0,1.0,1.0,0.6820862965945909,0.9609988147105746,0.6050568984960045,0.873437204550265,0.9303042271535046,1.0,1.0,1.0,0.9999770102833051,1.0,1.0,1.0,1.0,1.0,1.0,1.0,1.0,1.0,1.0,1.0,1.0,1.0,1.0,1.0,1.0
336,1,4,3,2,-1,-1,0.94,0.98,0.98,1.0,0.98,1.0,1.0,1.0,0.98,1.0,1.0,1.0,1.0,1.0,1.0,1.0,1.0,1.0,1.0,1.0,1.0,1.0,1.0,1.0,1.0,0.9789913062023242,0.9934707908710325,1.0,0.9587652317558938,0.9182069180065844,1.0,1.0,1.0,0.9999995512221328,1.0,1.0,1.0,1.0,1.0,1.0,1.0,1.0,1.0,1.0,1.0,1.0,1.0,1.0,1.0,1.0
337,1,4,3,2,0,-1,0.56,0.6,0.64,0.66,0.62,1.0,0.98,0.98,0.96,0.88,1.0,1.0,1.0,1.0,1.0,1.0,1.0,1.0,1.0,1.0,1.0,1.0,1.0,1.0,1.0,0.4280793227464734,0.7489540800529978,0.6166288835148015,0.37525131159016983,0.4560172849328541,1.0,0.9999887572066698,0.9932906535174667,0.975544608015333,0.9686803553395975,1.0,1.0,1.0,1.0,1.0,1.0,1.0,1.0,1.0,1.0,1.0,1.0,1.0,1.0,1.0
338,1,4,3,2,0,1,0.62,0.68,0.74,0.8,0.84,1.0,1.0,0.98,0.94,0.96,1.0,1.0,1.0,1.0,1.0,1.0,1.0,1.0,1.0,1.0,1.0,1.0,1.0,1.0,1.0,0.702902710866393,0.2599582575028361,0.5944657731434819,0.5235453100045615,0.3411895238259789,1.0,1.0,1.0,0.9993936709739561,0.993872081256263,1.0,1.0,1.0,1.0,1.0,1.0,1.0,1.0,1.0,1.0,1.0,1.0,1.0,1.0,1.0
339,1,4,3,2,1,-1,1.0,1.0,1.0,1.0,1.0,1.0,1.0,1.0,1.0,1.0,1.0,1.0,1.0,1.0,1.0,1.0,1.0,1.0,1.0,1.0,1.0,1.0,1.0,1.0,1.0,1.0,1.0,1.0,1.0,1.0,1.0,1.0,1.0,1.0,1.0,1.0,1.0,1.0,1.0,1.0,1.0,1.0,1.0,1.0,1.0,1.0,1.0,1.0,1.0,1.0
340,1,4,3,2,1,0,1.0,1.0,1.0,1.0,1.0,1.0,1.0,1.0,1.0,1.0,1.0,1.0,1.0,1.0,1.0,1.0,1.0,1.0,1.0,1.0,1.0,1.0,1.0,1.0,1.0,1.0,1.0,1.0,1.0,1.0,1.0,1.0,1.0,1.0,1.0,1.0,1.0,1.0,1.0,1.0,1.0,1.0,1.0,1.0,1.0,1.0,1.0,1.0,1.0,1.0